RZWQM2 Version 4.2 Compare to Experimental Results
Intel Fortran               Feb 22, 2021; 15:03:59


===================================================================================================================


PLANT HARVEST YIELD (KG/HA) 

DD  MM  YYYY    DOY   M-YIELD        S-YIELD      Crop

 23   9  2010    266    12195.0        12168.2        1
 27   9  2011    270    10508.7        13322.2        1
 18   9  2012    262    12440.6        12888.7        1
 25   9  2013    268    7750.94        9515.10        1
  1  10  2014    274    13480.0        13357.1        1
 29   9  2015    272    9739.50        12461.3        1
  6  10  2016    280    12453.3        13576.9        1
 17  10  2017    290    14077.8        13819.7        1
  4  10  2018    277    12460.7        13433.9        1

                         RMSE           R2           SLOPE          INTERCEPT          T-SLOPE     T-5% CONFIDENCE
                        1524.93        0.676438        0.545202         6359.87        -3.19114         2.36452    


===================================================================================================================


PLANT BIOMASS (KG/HA) 

DD MM YYYY  JULIAN     M-BIOM         S-BIOM     Crop     M-Hindex     S-Hindex

 23   9  2010    266    26676.3        23488.9        1   0.457147       0.518040    
 27   9  2011    270    23412.2        24454.5        1   0.448858       0.544775    
 18   9  2012    262    22149.7        24408.2        1   0.561660       0.528048    
 25   9  2013    268    18203.5        19895.5        1   0.425793       0.478254    
  1  10  2014    274    23152.6        25081.9        1   0.582223       0.532539    
 29   9  2015    272    17986.5        23714.3        1   0.541489       0.525476    
  6  10  2016    280    22042.2        24061.7        1   0.564976       0.564254    
 17  10  2017    290    23480.7        23911.1        1   0.599546       0.577962    
  4  10  2018    277    21001.1        23013.7        1   0.593335       0.583735    

                         RMSE           R2           SLOPE          INTERCEPT          T-SLOPE     T-5% CONFIDENCE
                        2667.79        0.279165        0.291750         17137.0        -3.99702         2.36452    


===================================================================================================================


PLANT N UPTAKE (KG N/HA) 

DD MM YYYY  JULIAN     M-NAboveG      S-NAboveG   Crop      M-%N      S-%N

 23   9  2010    266    199.480        268.859        1   0.747778        1.14462    
 27   9  2011    270    239.020        219.798        1    1.02092       0.898804    
 18   9  2012    262    208.600        200.203        1   0.941774       0.820228    
 25   9  2013    268    214.030        209.770        1    1.17576        1.05436    
  1  10  2014    274    209.590        209.412        1   0.905254       0.834913    
 29   9  2015    272    203.240        207.461        1    1.12996       0.874835    
  6  10  2016    280    247.630        201.206        1    1.12343       0.836209    
 17  10  2017    290    258.110        197.310        1    1.09924       0.825182    
  4  10  2018    277    225.320        203.532        1    1.07290       0.884395    

                         RMSE           R2           SLOPE          INTERCEPT          T-SLOPE     T-5% CONFIDENCE
                        35.9258        0.212543       -0.483251         320.720        -4.21891         2.36452    


===================================================================================================================


GRAIN N UPTAKE (KG N/HA) 

DD MM YYYY  JULIAN  M-NGrain   S-NGrain     Crop      M-%N      S-%N

 23   9  2010    266    175.750        203.844        1    1.44116        1.67522    
 27   9  2011    270    143.510        176.185        1    1.36563        1.32249    
 18   9  2012    262    161.690        156.309        1    1.29970        1.21276    
 25   9  2013    268    108.960        156.075        1    1.40576        1.64029    
  1  10  2014    274    162.510        164.021        1    1.20557        1.22797    
 29   9  2015    272    125.350        163.707        1    1.28703        1.31372    
  6  10  2016    280    174.280        163.850        1    1.39947        1.20683    
 17  10  2017    290    189.020        159.529        1    1.34268        1.15436    
  4  10  2018    277    172.960        171.181        1    1.38805        1.27425    

                         RMSE           R2           SLOPE          INTERCEPT          T-SLOPE     T-5% CONFIDENCE
                        26.9998        0.841390E-01    0.164627         142.435        -4.06922         2.36452    


===================================================================================================================


PHENOLOGY DATES (PLANTING DATE + DAY AFTER PLANTING) 

DD   MM  YYYY    DOY    M-EDAP         S-EDAP         M-ADAP         S-ADAP         M-MDAP         S-MDAP

 21   4  2010    111    5.00000        13.0000       -99.0000        83.0000        145.000        142.000    
  3   5  2011    123    5.00000        7.00000       -99.0000        74.0000        137.000        135.000    
 24   4  2012    115    5.00000        10.0000       -99.0000        71.0000        137.000        130.000    
 16   5  2013    136    5.00000        9.00000       -99.0000        66.0000        122.000        133.000    
  2   5  2014    122    5.00000        9.00000       -99.0000        75.0000        142.000        148.000    
  1   5  2015    121    5.00000        12.0000       -99.0000        79.0000        141.000        144.000    
 13   5  2016    134    5.00000        12.0000       -99.0000        70.0000        136.000        146.000    
  6   5  2017    126    5.00000        8.00000       -99.0000        73.0000        154.000        150.000    
===================================================================================================================


COMPARED CONCENTRATION OF SWC     PPM FOR PEST,NO3,NH4 Kg N/ha FOR N2O, NxO, CH4)

DD MM YYYY  JULIAN       DEPTH         BD              EXP-SWC        PRED-SWC  

  1   6  2010    152    15.0000         1.31902        0.300000        0.331070    


 18   6  2010    169    15.0000         1.32451        0.250000        0.304576    


 28   6  2010    179    15.0000         1.32496        0.250000        0.295915    


  2   7  2010    183    15.0000         1.32496        0.170000        0.257308    


  8   7  2010    189    15.0000         1.32499        0.320000        0.330686    


 14   7  2010    195    15.0000         1.32500        0.250000        0.341493    


 19   7  2010    200    15.0000         1.32500        0.190000        0.298516    


 27   7  2010    208    15.0000         1.32500        0.260000        0.262996    


 18   8  2010    230    15.0000         1.32500        0.240000        0.340693    


 16   9  2010    259    15.0000         1.32500        0.320000        0.345642    


  7  10  2010    280    15.0000         1.32500        0.230000        0.304565    


  4   4  2011     94    15.0000         1.32500        0.240000        0.295761    


 20   6  2011    171    15.0000         1.32399        0.270000        0.346590    


 13   7  2011    194    15.0000         1.32494        0.230000        0.291521    


 26   7  2011    207    15.0000         1.32497        0.240000        0.307836    


  9   8  2011    221    15.0000         1.32499        0.260000        0.344808    


 25   8  2011    237    15.0000         1.32500        0.240000        0.255637    


  8   9  2011    251    15.0000         1.32500        0.260000        0.308424    


 29   9  2011    272    15.0000         1.32500        0.230000        0.278520    


 17  11  2011    321    15.0000         1.32500        0.240000        0.313805    


 26   1  2012     26    15.0000         1.32500        0.210000        0.180241    


  6   3  2012     66    15.0000         1.32500        0.240000        0.310222    


 27   3  2012     87    15.0000         1.32500        0.240000        0.323971    


  2   5  2012    123    15.0000         1.31337        0.300000        0.365671    


 24   5  2012    145    15.0000         1.31888        0.260000        0.291723    


  1   6  2012    153    15.0000         1.32270        0.270000        0.346724    


  7   6  2012    159    15.0000         1.32270        0.240000        0.270882    


 19   6  2012    171    15.0000         1.32419        0.270000        0.284991    


 27   6  2012    179    15.0000         1.32463        0.260000        0.236489    


  5   7  2012    187    15.0000         1.32484        0.200000        0.351603    


 10   7  2012    192    15.0000         1.32490        0.290000        0.326209    


 19   7  2012    201    15.0000         1.32497        0.210000        0.316303    


 26   7  2012    208    15.0000         1.32497        0.200000        0.183217    


 31   7  2012    213    15.0000         1.32499        0.280000        0.340169    


  8   8  2012    221    15.0000         1.32500        0.260000        0.309978    


 15   8  2012    228    15.0000         1.32500        0.260000        0.334872    


 28   8  2012    241    15.0000         1.32500        0.270000        0.326787    


 20   9  2012    264    15.0000         1.32500        0.220000        0.308267    


 21  11  2012    326    15.0000         1.32500        0.250000        0.290259    


 18  12  2012    353    15.0000         1.32500        0.260000        0.276083    


 15   4  2013    105    15.0000         1.32500        0.260000        0.349544    


  6   6  2013    157    15.0000         1.32446        0.280000        0.336017    


 14   6  2013    165    15.0000         1.32451        0.280000        0.297927    


 26   6  2013    177    15.0000         1.32460        0.250000        0.179595    


  9   7  2013    190    15.0000         1.32484        0.190000        0.346268    


 16   7  2013    197    15.0000         1.32484        0.210000        0.173814    


 23   7  2013    204    15.0000         1.32496        0.280000        0.359221    


  1   8  2013    213    15.0000         1.32499        0.280000        0.353467    


  8   8  2013    220    15.0000         1.32499        0.290000        0.293955    


 15   8  2013    227    15.0000         1.32500        0.280000        0.357784    


 20   8  2013    232    15.0000         1.32500        0.290000        0.278312    


 11   9  2013    254    15.0000         1.32500        0.280000        0.274591    


 21  10  2013    294    15.0000         1.32500        0.260000        0.320349    


 26  11  2013    330    15.0000         1.32500        0.230000        0.255166    


 19  12  2013    353    15.0000         1.32500        0.210000        0.163431    


 26   3  2014     85    15.0000         1.32500        0.230000        0.280220    


 16   5  2014    136    15.0000         1.31501        0.270000        0.335557    


 29   5  2014    149    15.0000         1.31615        0.260000        0.303942    


 13   6  2014    164    15.0000         1.32354        0.270000        0.316687    


 17   6  2014    168    15.0000         1.32387        0.270000        0.311512    


 27   6  2014    178    15.0000         1.32482        0.300000        0.363772    


  2   7  2014    183    15.0000         1.32486        0.290000        0.303475    


 16   7  2014    197    15.0000         1.32495        0.250000        0.271809    


 21   7  2014    202    15.0000         1.32495        0.230000        0.219136    


 31   7  2014    212    15.0000         1.32498        0.230000        0.272224    


  5   8  2014    217    15.0000         1.32499        0.280000        0.332483    


 12   8  2014    224    15.0000         1.32500        0.290000        0.331273    


 20   8  2014    232    15.0000         1.32500        0.290000        0.331280    


  3   9  2014    246    15.0000         1.32500        0.290000        0.317048    


  4  12  2014    338    15.0000         1.32500        0.220000        0.238186    


 29   1  2015     29    15.0000         1.32500        0.240000        0.247833    


 26   3  2015     85    15.0000         1.32500        0.270000        0.301950    


 29   5  2015    149    15.0000         1.32367        0.290000        0.322228    


 10   6  2015    161    15.0000         1.32499        0.280000        0.362616    


 25   6  2015    176    15.0000         1.32499        0.270000        0.298406    


 30   6  2015    181    15.0000         1.32499        0.250000        0.240690    


  7   7  2015    188    15.0000         1.32500        0.270000        0.280248    


 14   7  2015    195    15.0000         1.32500        0.210000        0.182955    


 31   7  2015    212    15.0000         1.32500        0.280000        0.312566    


  6   8  2015    218    15.0000         1.32500        0.300000        0.337305    


 10   9  2015    253    15.0000         1.32500        0.290000        0.363407    


  9  12  2015    343    15.0000         1.32500        0.280000        0.291805    


 25   2  2016     56    15.0000         1.32500        0.230000        0.271896    


 22   3  2016     82    15.0000         1.32500        0.250000        0.259579    


 10   5  2016    131    15.0000         1.32500        0.290000        0.360200    


 24   5  2016    145    15.0000         1.28539        0.280000        0.330881    


  3   6  2016    155    15.0000         1.32375        0.280000        0.349588    


  8   6  2016    160    15.0000         1.32375        0.260000        0.314587    


 15   6  2016    167    15.0000         1.32375        0.250000        0.262743    


 23   6  2016    175    15.0000         1.32446        0.260000        0.298190    


  8   7  2016    190    15.0000         1.32495        0.280000        0.358705    


 21   7  2016    203    15.0000         1.32499        0.290000        0.279816    


 26   7  2016    208    15.0000         1.32499        0.250000        0.178025    


  4   8  2016    217    15.0000         1.32500        0.250000        0.320218    


 19   8  2016    232    15.0000         1.32500        0.270000        0.357186    


  9   9  2016    253    15.0000         1.32500        0.280000        0.356562    


 16   2  2017     47    15.0000         1.32500        0.260000        0.237808    


 27   4  2017    117    15.0000         1.32500        0.260000        0.297544    


 25   5  2017    145    15.0000         1.32365        0.270000        0.336462    


  8   6  2017    159    15.0000         1.32391        0.270000        0.288598    


 21   6  2017    172    15.0000         1.32413        0.230000        0.180107    


 11   7  2017    192    15.0000         1.32496        0.240000        0.352876    


 25   7  2017    206    15.0000         1.32498        0.230000        0.189654    


  8   8  2017    220    15.0000         1.32499        0.260000        0.250309    


 24   8  2017    236    15.0000         1.32500        0.250000        0.268101    


  7   9  2017    250    15.0000         1.32500        0.250000        0.233132    


 30  11  2017    334    15.0000         1.32500        0.240000        0.184248    


 14   3  2018     73    15.0000         1.32500        0.230000        0.186987    


 24   5  2018    144    15.0000         1.30613        0.270000        0.329771    


  6   6  2018    157    15.0000         1.31699        0.260000        0.319230    


 12   7  2018    193    15.0000         1.32494        0.250000        0.263927    


 24   7  2018    205    15.0000         1.32499        0.250000        0.359492    


  9   8  2018    221    15.0000         1.32500        0.280000        0.303050    



                         RMSE           R2           SLOPE          INTERCEPT          T-SLOPE     T-5% CONFIDENCE
                       0.580571E-01
===================================================================================================================




TOTAL AMOUNT OF  SWC     IN THE PROFILE (CM FOR SWC AND KG N/HA FOR NITROGEN)

  DD MM YY  JULIAN       EXP-SWC       PRED-SWC     depth of soil profile (cm)

  1   6  2010    152    4.50000         4.96605         15.0000    
 18   6  2010    169    3.75000         4.56864         15.0000    
 28   6  2010    179    3.75000         4.43873         15.0000    
  2   7  2010    183    2.55000         3.85962         15.0000    
  8   7  2010    189    4.80000         4.96029         15.0000    
 14   7  2010    195    3.75000         5.12240         15.0000    
 19   7  2010    200    2.85000         4.47774         15.0000    
 27   7  2010    208    3.90000         3.94494         15.0000    
 18   8  2010    230    3.60000         5.11040         15.0000    
 16   9  2010    259    4.80000         5.18462         15.0000    
  7  10  2010    280    3.45000         4.56847         15.0000    
  4   4  2011    459    3.60000         4.43641         15.0000    
 20   6  2011    536    4.05000         5.19884         15.0000    
 13   7  2011    559    3.45000         4.37281         15.0000    
 26   7  2011    572    3.60000         4.61754         15.0000    
  9   8  2011    586    3.90000         5.17212         15.0000    
 25   8  2011    602    3.60000         3.83456         15.0000    
  8   9  2011    616    3.90000         4.62636         15.0000    
 29   9  2011    637    3.45000         4.17780         15.0000    
 17  11  2011    686    3.60000         4.70708         15.0000    
 26   1  2012    756    3.15000         2.70361         15.0000    
  6   3  2012    796    3.60000         4.65333         15.0000    
 27   3  2012    817    3.60000         4.85956         15.0000    
  2   5  2012    853    4.50000         5.48506         15.0000    
 24   5  2012    875    3.90000         4.37584         15.0000    
  1   6  2012    883    4.05000         5.20086         15.0000    
  7   6  2012    889    3.60000         4.06323         15.0000    
 19   6  2012    901    4.05000         4.27487         15.0000    
 27   6  2012    909    3.90000         3.54733         15.0000    
  5   7  2012    917    3.00000         5.27404         15.0000    
 10   7  2012    922    4.35000         4.89314         15.0000    
 19   7  2012    931    3.15000         4.74455         15.0000    
 26   7  2012    938    3.00000         2.74825         15.0000    
 31   7  2012    943    4.20000         5.10254         15.0000    
  8   8  2012    951    3.90000         4.64967         15.0000    
 15   8  2012    958    3.90000         5.02309         15.0000    
 28   8  2012    971    4.05000         4.90181         15.0000    
 20   9  2012    994    3.30000         4.62401         15.0000    
 21  11  2012   1056    3.75000         4.35388         15.0000    
 18  12  2012   1083    3.90000         4.14125         15.0000    
 15   4  2013   1201    3.90000         5.24316         15.0000    
  6   6  2013   1253    4.20000         5.04025         15.0000    
 14   6  2013   1261    4.20000         4.46891         15.0000    
 26   6  2013   1273    3.75000         2.69393         15.0000    
  9   7  2013   1286    2.85000         5.19402         15.0000    
 16   7  2013   1293    3.15000         2.60721         15.0000    
 23   7  2013   1300    4.20000         5.38832         15.0000    
  1   8  2013   1309    4.20000         5.30200         15.0000    
  8   8  2013   1316    4.35000         4.40933         15.0000    
 15   8  2013   1323    4.20000         5.36676         15.0000    
 20   8  2013   1328    4.35000         4.17468         15.0000    
 11   9  2013   1350    4.20000         4.11886         15.0000    
 21  10  2013   1390    3.90000         4.80523         15.0000    
 26  11  2013   1426    3.45000         3.82750         15.0000    
 19  12  2013   1449    3.15000         2.45146         15.0000    
 26   3  2014   1546    3.45000         4.20331         15.0000    
 16   5  2014   1597    4.05000         5.03335         15.0000    
 29   5  2014   1610    3.90000         4.55913         15.0000    
 13   6  2014   1625    4.05000         4.75031         15.0000    
 17   6  2014   1629    4.05000         4.67268         15.0000    
 27   6  2014   1639    4.50000         5.45659         15.0000    
  2   7  2014   1644    4.35000         4.55213         15.0000    
 16   7  2014   1658    3.75000         4.07714         15.0000    
 21   7  2014   1663    3.45000         3.28704         15.0000    
 31   7  2014   1673    3.45000         4.08336         15.0000    
  5   8  2014   1678    4.20000         4.98724         15.0000    
 12   8  2014   1685    4.35000         4.96910         15.0000    
 20   8  2014   1693    4.35000         4.96920         15.0000    
  3   9  2014   1707    4.35000         4.75573         15.0000    
  4  12  2014   1799    3.30000         3.57279         15.0000    
 29   1  2015   1855    3.60000         3.71750         15.0000    
 26   3  2015   1911    4.05000         4.52925         15.0000    
 29   5  2015   1975    4.35000         4.83342         15.0000    
 10   6  2015   1987    4.20000         5.43924         15.0000    
 25   6  2015   2002    4.05000         4.47609         15.0000    
 30   6  2015   2007    3.75000         3.61035         15.0000    
  7   7  2015   2014    4.05000         4.20372         15.0000    
 14   7  2015   2021    3.15000         2.74432         15.0000    
 31   7  2015   2038    4.20000         4.68850         15.0000    
  6   8  2015   2044    4.50000         5.05958         15.0000    
 10   9  2015   2079    4.35000         5.45111         15.0000    
  9  12  2015   2169    4.20000         4.37708         15.0000    
 25   2  2016   2247    3.45000         4.07844         15.0000    
 22   3  2016   2273    3.75000         3.89368         15.0000    
 10   5  2016   2322    4.35000         5.40300         15.0000    
 24   5  2016   2336    4.20000         4.96321         15.0000    
  3   6  2016   2346    4.20000         5.24383         15.0000    
  8   6  2016   2351    3.90000         4.71880         15.0000    
 15   6  2016   2358    3.75000         3.94115         15.0000    
 23   6  2016   2366    3.90000         4.47286         15.0000    
  8   7  2016   2381    4.20000         5.38058         15.0000    
 21   7  2016   2394    4.35000         4.19725         15.0000    
 26   7  2016   2399    3.75000         2.67037         15.0000    
  4   8  2016   2408    3.75000         4.80327         15.0000    
 19   8  2016   2423    4.05000         5.35779         15.0000    
  9   9  2016   2444    4.20000         5.34842         15.0000    
 16   2  2017   2604    3.90000         3.56712         15.0000    
 27   4  2017   2674    3.90000         4.46316         15.0000    
 25   5  2017   2702    4.05000         5.04694         15.0000    
  8   6  2017   2716    4.05000         4.32897         15.0000    
 21   6  2017   2729    3.45000         2.70161         15.0000    
 11   7  2017   2749    3.60000         5.29313         15.0000    
 25   7  2017   2763    3.45000         2.84480         15.0000    
  8   8  2017   2777    3.90000         3.75463         15.0000    
 24   8  2017   2793    3.75000         4.02152         15.0000    
  7   9  2017   2807    3.75000         3.49698         15.0000    
 30  11  2017   2891    3.60000         2.76371         15.0000    
 14   3  2018   2995    3.45000         2.80481         15.0000    
 24   5  2018   3066    4.05000         4.94656         15.0000    
  6   6  2018   3079    3.90000         4.78845         15.0000    
 12   7  2018   3115    3.75000         3.95891         15.0000    
 24   7  2018   3127    3.75000         5.39238         15.0000    
  9   8  2018   3143    4.20000         4.54575         15.0000    

                         RMSE           R2           SLOPE          INTERCEPT          T-SLOPE     T-5% CONFIDENCE
                       0.870856        0.278249        0.971961        0.685705       -0.188711         1.98165    


===================================================================================================================


COMPARED CONCENTRATION OF ST      PPM FOR PEST,NO3,NH4 Kg N/ha FOR N2O, NxO, CH4)

DD MM YYYY  JULIAN       DEPTH         BD              EXP-ST         PRED-ST   

  1   6  2010    152    15.0000         1.31902         19.5000         20.0718    


 18   6  2010    169    15.0000         1.32451         21.0000         23.4031    


 28   6  2010    179    15.0000         1.32496         23.0000         22.7742    


  2   7  2010    183    15.0000         1.32496         23.0000         22.3631    


  8   7  2010    189    15.0000         1.32499         20.0000         20.0945    


 14   7  2010    195    15.0000         1.32500         26.5000         24.6810    


 19   7  2010    200    15.0000         1.32500         24.0000         24.0991    


 27   7  2010    208    15.0000         1.32500         24.0000         24.5535    


 18   8  2010    230    15.0000         1.32500         18.9000         22.0126    


 16   9  2010    259    15.0000         1.32500         17.3500         17.3891    


  7  10  2010    280    15.0000         1.32500         13.5000         13.3024    


  4   4  2011     94    15.0000         1.32500         9.38000         5.40209    


 20   6  2011    171    15.0000         1.32399         23.2500         21.6761    


 13   7  2011    194    15.0000         1.32494         24.2300         21.7410    


 26   7  2011    207    15.0000         1.32497         24.7500         23.9225    


  9   8  2011    221    15.0000         1.32499         20.5000         21.4280    


 25   8  2011    237    15.0000         1.32500         20.5000         20.8202    


  8   9  2011    251    15.0000         1.32500         15.2500         17.6723    


 29   9  2011    272    15.0000         1.32500         15.0000         13.0094    


 17  11  2011    321    15.0000         1.32500         5.00000         1.88383    


 26   1  2012     26    15.0000         1.32500         3.25000       -0.429200    


  6   3  2012     66    15.0000         1.32500         3.50000         5.62527    


 27   3  2012     87    15.0000         1.32500         14.2500         13.3627    


  2   5  2012    123    15.0000         1.31337         16.8300         16.2166    


 24   5  2012    145    15.0000         1.31888         19.7500         18.1430    


  1   6  2012    153    15.0000         1.32270         12.7500         14.1447    


  7   6  2012    159    15.0000         1.32270         21.1300         20.8929    


 19   6  2012    171    15.0000         1.32419         22.3300         23.8016    


 27   6  2012    179    15.0000         1.32463         22.6800         24.5175    


  5   7  2012    187    15.0000         1.32484         24.3300         24.7547    


 10   7  2012    192    15.0000         1.32490         21.8800         21.8890    


 19   7  2012    201    15.0000         1.32497         24.0300         24.6481    


 26   7  2012    208    15.0000         1.32497         23.5300         24.7799    


 31   7  2012    213    15.0000         1.32499         23.0500         24.2740    


  8   8  2012    221    15.0000         1.32500         21.7800         23.8817    


 15   8  2012    228    15.0000         1.32500         20.2800         21.5076    


 28   8  2012    241    15.0000         1.32500         20.2800         22.8226    


 20   9  2012    264    15.0000         1.32500         14.1500         14.6318    


 21  11  2012    326    15.0000         1.32500         5.53000         7.20243    


 18  12  2012    353    15.0000         1.32500         1.73000         1.57355    


 25   1  2013     25    15.0000         1.32500         0.00000        -2.82291    


  6   3  2013     65    15.0000         1.32500       -0.880000       -0.327044    


 15   4  2013    105    15.0000         1.32500         5.13000         5.85360    


  6   6  2013    157    15.0000         1.32446         16.1300         16.1623    


 14   6  2013    165    15.0000         1.32451         20.3500         21.2992    


 26   6  2013    177    15.0000         1.32460         22.8500         24.2599    


  9   7  2013    190    15.0000         1.32484         25.0500         23.9912    


 16   7  2013    197    15.0000         1.32484         22.6800         21.2700    


 23   7  2013    204    15.0000         1.32496         21.3800         21.7066    


  1   8  2013    213    15.0000         1.32499         20.1000         20.7365    


  8   8  2013    220    15.0000         1.32499         21.5500         21.0664    


 15   8  2013    227    15.0000         1.32500         19.5300         20.4305    


 20   8  2013    232    15.0000         1.32500         21.2000         21.8354    


 11   9  2013    254    15.0000         1.32500         21.9500         23.0952    


 21  10  2013    294    15.0000         1.32500         7.88000         7.00570    


 26  11  2013    330    15.0000         1.32500        0.700000       -0.738682E-02


 19  12  2013    353    15.0000         1.32500       -0.300000        -1.51848    


 13   2  2014     44    15.0000         1.32500         0.00000       -0.838451    


 26   3  2014     85    15.0000         1.32500         1.38000         3.16256    


 16   5  2014    136    15.0000         1.31501         8.50000         8.31956    


 29   5  2014    149    15.0000         1.31615         20.7300         20.7333    


 13   6  2014    164    15.0000         1.32354         18.2000         18.2816    


 17   6  2014    168    15.0000         1.32387         22.1300         24.0939    


 27   6  2014    178    15.0000         1.32482         21.0800         19.6742    


  2   7  2014    183    15.0000         1.32486         19.4000         18.0766    


 16   7  2014    197    15.0000         1.32495         18.6500         17.3728    


 21   7  2014    202    15.0000         1.32495         22.2500         23.3668    


 31   7  2014    212    15.0000         1.32498         18.7500         20.0966    


  5   8  2014    217    15.0000         1.32499         21.8800         22.3934    


 12   8  2014    224    15.0000         1.32500         18.6000         19.5389    


 20   8  2014    232    15.0000         1.32500         21.4500         22.5081    


  3   9  2014    246    15.0000         1.32500         20.0500         21.4497    


 17   9  2014    260    15.0000         1.32500         14.0800         16.1306    


  4  12  2014    338    15.0000         1.32500        0.380000        0.137779E-02


 29   1  2015     29    15.0000         1.32500        0.850000       -0.698232E-01


 24   2  2015     55    15.0000         1.32500       -0.760000       -0.869124    


 26   3  2015     85    15.0000         1.32500         1.90000         4.07292    


 29   5  2015    149    15.0000         1.32367         15.7500         15.8930    


 10   6  2015    161    15.0000         1.32499         22.2800         23.0168    


 25   6  2015    176    15.0000         1.32499         23.1500         21.2700    


 30   6  2015    181    15.0000         1.32499         22.9800         22.3582    


  7   7  2015    188    15.0000         1.32500         20.8300         19.2935    


 14   7  2015    195    15.0000         1.32500         24.4000         22.9361    


 31   7  2015    212    15.0000         1.32500         22.4800         22.3522    


  6   8  2015    218    15.0000         1.32500         21.6300         21.3792    


 10   9  2015    253    15.0000         1.32500         20.0500         19.9716    


  9  12  2015    343    15.0000         1.32500         4.38000         5.11478    


 25   2  2016     56    15.0000         1.32500         2.35000        0.854922    


 22   3  2016     82    15.0000         1.32500         7.20000         8.52343    


 10   5  2016    131    15.0000         1.32500         15.5300         14.3901    


 24   5  2016    145    15.0000         1.28539         18.7800         17.1215    


  3   6  2016    155    15.0000         1.32375         19.1300         18.7695    


  8   6  2016    160    15.0000         1.32375         21.5300         20.4979    


 15   6  2016    167    15.0000         1.32375         24.5500         23.7746    


 23   6  2016    175    15.0000         1.32446         23.8300         23.2136    


  8   7  2016    190    15.0000         1.32495         23.8500         22.8682    


 21   7  2016    203    15.0000         1.32499         18.2800         26.4343    


 26   7  2016    208    15.0000         1.32499         22.3800         22.9500    


  4   8  2016    217    15.0000         1.32500         24.3300         24.3511    


 19   8  2016    232    15.0000         1.32500         22.3300         21.3793    


  9   9  2016    253    15.0000         1.32500         22.0800         19.2973    


 15  12  2016    350    15.0000         1.32500        0.150000        -3.56192    


 16   2  2017     47    15.0000         1.32500         1.80000         4.64552    


 27   4  2017    117    15.0000         1.32500         10.0000         7.02868    


 25   5  2017    145    15.0000         1.32365         14.6800         14.7392    


  8   6  2017    159    15.0000         1.32391         22.6000         20.9899    


 21   6  2017    172    15.0000         1.32413         25.5000         24.4061    


 11   7  2017    192    15.0000         1.32496         24.7300         25.7838    


 25   7  2017    206    15.0000         1.32498         24.6300         25.3045    


  8   8  2017    220    15.0000         1.32499         19.9500         20.2967    


 24   8  2017    236    15.0000         1.32500         19.8500         21.0003    


  7   9  2017    250    15.0000         1.32500         16.2800         18.2685    


 30  11  2017    334    15.0000         1.32500         6.48000         2.89454    


 14   3  2018     73    15.0000         1.32500         1.95000         2.75877    


 24   5  2018    144    15.0000         1.30613         19.9800         19.5197    


  6   6  2018    157    15.0000         1.31699         21.1000         22.1772    


 12   7  2018    193    15.0000         1.32494         23.6000         25.1853    


 24   7  2018    205    15.0000         1.32499         21.2500         22.0521    


  9   8  2018    221    15.0000         1.32500         21.7800         24.1330    



                         RMSE           R2           SLOPE          INTERCEPT          T-SLOPE     T-5% CONFIDENCE
                        1.65176    
===================================================================================================================


COMPARED CONCENTRATION OF SOC     PPM FOR PEST,NO3,NH4 Kg N/ha FOR N2O, NxO, CH4)

DD MM YYYY  JULIAN       DEPTH         BD              EXP-SOC        PRED-SOC  

 27  10  2010    300    7.50000         1.32500        0.190000E-01    0.165056E-01
 27  10  2010    300    15.0000         1.32500        0.139000E-01    0.161649E-01
 27  10  2010    300    30.0000         1.11000        0.115000E-01    0.115575E-01
 27  10  2010    300    60.0000         1.52000        0.590000E-02    0.674691E-02
 27  10  2010    300    90.0000         1.45000        0.310000E-02    0.320167E-02
 27  10  2010    300    120.000         1.28000        0.220000E-02    0.271446E-02
 27  10  2010    300    149.000         1.09000        0.190000E-02    0.234796E-02


  6   4  2016     97    7.50000         1.32500        0.202000E-01    0.164101E-01
  6   4  2016     97    15.0000         1.32500        0.140000E-01    0.158699E-01
  6   4  2016     97    30.0000         1.11000        0.122000E-01    0.113485E-01



                         RMSE           R2           SLOPE          INTERCEPT          T-SLOPE     T-5% CONFIDENCE
                       0.176445E-02
===================================================================================================================


COMPARED CONCENTRATION OF N2O     PPM FOR PEST,NO3,NH4 Kg N/ha FOR N2O, NxO, CH4)

DD MM YYYY  JULIAN       DEPTH         BD              EXP-N2O        PRED-N2O  

 21   4  2010    111    7.90000         1.10677        0.104000E-01    0.175599E-01


  1   6  2010    152    7.90000         1.31872        0.133000E-01    0.139754E-01


 18   6  2010    169    7.90000         1.32448        0.804000E-01    0.779467E-01


 28   6  2010    179    7.90000         1.32496        0.164100        0.760048E-01


  2   7  2010    183    7.90000         1.32496        0.363000E-01    0.464929E-01


  8   7  2010    189    7.90000         1.32499        0.149900        0.511422E-01


 14   7  2010    195    7.90000         1.32500        0.122300        0.154645E-01


 19   7  2010    200    7.90000         1.32500        0.249000E-01    0.190322E-01


 27   7  2010    208    7.90000         1.32500        0.485000E-01    0.161904E-01


 18   8  2010    230    7.90000         1.32500        0.710000E-02    0.851136E-02


 16   9  2010    259    7.90000         1.32500        0.550000E-02    0.102799E-01


  7  10  2010    280    7.90000         1.32500        0.440000E-02    0.121140E-01


 10  12  2010    344    7.90000         1.32500        0.900000E-03    0.197149E-02


  4   4  2011     94    7.90000         1.32500        0.300000E-02    0.630807E-02


 28   4  2011    118    7.90000         1.32500        0.750000E-02    0.642528E-02


 29   4  2011    119    7.90000         1.32500        0.501000E-01    0.826613E-02


 20   6  2011    171    7.90000         1.32362        0.152500        0.476144E-01


 13   7  2011    194    7.90000         1.32492        0.438000E-01    0.272267E-01


 26   7  2011    207    7.90000         1.32496        0.277000E-01    0.191754E-01


  9   8  2011    221    7.90000         1.32499        0.700000E-01    0.138181E-01


 25   8  2011    237    7.90000         1.32500        0.370000E-02    0.155947E-01


  8   9  2011    251    7.90000         1.32500        0.330000E-02    0.142258E-01


 29   9  2011    272    7.90000         1.32500        0.500000E-03    0.892833E-02


 17  11  2011    321    7.90000         1.32500        0.500000E-03    0.303719E-02


 26   1  2012     26    7.90000         1.32500        0.140000E-02    0.110977E-02


  6   3  2012     66    7.90000         1.32500        0.150000E-02    0.320053E-02


 27   3  2012     87    7.90000         1.32500        0.120000E-02    0.570574E-02


 23   4  2012    114    7.90000         1.32500        0.166000E-01    0.713225E-02


 24   4  2012    115    7.90000         1.25882        0.171000E-01    0.135445E-01


  2   5  2012    123    7.90000         1.30914        0.217000E-01    0.183193E-01


 24   5  2012    145    7.90000         1.31665        0.790000E-02    0.523918E-01


  1   6  2012    153    7.90000         1.32186        0.503000E-01    0.228478E-01


  7   6  2012    159    7.90000         1.32186        0.575000E-01    0.449077E-01


 19   6  2012    171    7.90000         1.32390        0.588000E-01    0.531031E-01


 27   6  2012    179    7.90000         1.32449        0.406000E-01    0.159463E-01


  5   7  2012    187    7.90000         1.32478        0.370000E-02    0.115033E-01


 10   7  2012    192    7.90000         1.32487        0.618000E-01    0.970230E-02


 19   7  2012    201    7.90000         1.32496        0.154000E-01    0.129557E-01


 26   7  2012    208    7.90000         1.32496        0.230000E-02    0.728291E-02


 31   7  2012    213    7.90000         1.32499        0.396000E-01    0.875401E-02


  8   8  2012    221    7.90000         1.32500        0.370000E-02    0.152469E-01


 15   8  2012    228    7.90000         1.32500        0.430000E-02    0.995526E-02


 28   8  2012    241    7.90000         1.32500        0.350000E-02    0.105745E-01


 20   9  2012    264    7.90000         1.32500        0.500000E-03    0.597660E-02


 21  11  2012    326    7.90000         1.32500        0.600000E-03    0.220186E-02


 18  12  2012    353    7.90000         1.32500        0.800000E-03    0.127053E-02


 25   1  2013     25    7.90000         1.32500        0.430000E-02    0.301504E-03


  6   3  2013     65    7.90000         1.32500        0.137000E-01    0.634631E-03


 15   4  2013    105    7.90000         1.32500        0.400000E-03    0.147398E-02


 15   5  2013    135    7.90000         1.32500        0.200000E-02    0.749273E-02


 16   5  2013    136    7.90000         1.25882        0.200000E-02    0.121041E-01


  6   6  2013    157    7.90000         1.32427        0.320000E-02    0.188783E-01


 14   6  2013    165    7.90000         1.32433        0.219000E-01    0.656467E-01


 26   6  2013    177    7.90000         1.32446        0.376000E-01    0.157558E-01


  9   7  2013    190    7.90000         1.32478        0.290000E-02    0.335800E-01


 16   7  2013    197    7.90000         1.32478        0.236000E-01    0.899934E-02


 23   7  2013    204    7.90000         1.32495        0.282000E-01    0.131512E-01


  1   8  2013    213    7.90000         1.32499        0.628000E-01    0.133031E-01


  8   8  2013    220    7.90000         1.32499        0.614000E-01    0.144845E-01


 15   8  2013    227    7.90000         1.32500        0.408000E-01    0.110141E-01


 20   8  2013    232    7.90000         1.32500        0.263000E-01    0.128303E-01


 11   9  2013    254    7.90000         1.32500        0.119000E-01    0.999668E-02


 21  10  2013    294    7.90000         1.32500        0.700000E-03    0.453001E-02


 26  11  2013    330    7.90000         1.32500        0.130000E-02    0.128591E-02


 19  12  2013    353    7.90000         1.32500        0.280000E-02    0.408574E-03


 13   2  2014     44    7.90000         1.32500        0.190000E-02    0.577299E-03


 26   3  2014     85    7.90000         1.32500        0.370000E-02    0.307087E-02


  1   5  2014    121    7.90000         1.32500        0.370000E-02    0.372046E-02


  2   5  2014    122    7.90000         1.25882        0.370000E-02    0.905030E-02


 16   5  2014    136    7.90000         1.31138        0.380000E-02    0.774442E-02


 29   5  2014    149    7.90000         1.31293        0.100000E-02    0.261524E-01


 13   6  2014    164    7.90000         1.32301        0.480000E-01    0.369903E-01


 17   6  2014    168    7.90000         1.32346        0.129600        0.649304E-01


 27   6  2014    178    7.90000         1.32476        0.133300        0.209190E-01


  2   7  2014    183    7.90000         1.32481        0.614000E-01    0.276299E-01


 16   7  2014    197    7.90000         1.32493        0.241000E-01    0.116878E-01


 21   7  2014    202    7.90000         1.32493        0.630000E-02    0.968223E-02


 31   7  2014    212    7.90000         1.32497        0.860000E-02    0.112890E-01


  5   8  2014    217    7.90000         1.32499        0.107000E-01    0.109896E-01


 12   8  2014    224    7.90000         1.32500        0.460000E-02    0.109414E-01


 20   8  2014    232    7.90000         1.32500        0.300000E-02    0.134834E-01


  3   9  2014    246    7.90000         1.32500        0.260000E-02    0.151464E-01


 17   9  2014    260    7.90000         1.32500        0.140000E-02    0.848823E-02


  4  12  2014    338    7.90000         1.32500        0.700000E-03    0.826334E-03


 29   1  2015     29    7.90000         1.32500        0.500000E-03    0.967686E-03


 24   2  2015     55    7.90000         1.32500        0.200000E-02    0.499284E-03


 26   3  2015     85    7.90000         1.32500        0.900000E-03    0.168723E-02


 30   4  2015    120    7.90000         1.32500        0.270000E-02    0.444074E-02


  1   5  2015    121    7.90000         1.25882        0.280000E-02    0.895278E-02


 29   5  2015    149    7.90000         1.32319        0.420000E-02    0.207406E-01


 10   6  2015    161    7.90000         1.32499        0.109000E-01    0.229293E-01


 25   6  2015    176    7.90000         1.32499        0.200000E-01    0.391135E-01


 30   6  2015    181    7.90000         1.32499        0.112000E-01    0.245640E-01


  7   7  2015    188    7.90000         1.32500        0.620000E-02    0.311568E-01


 14   7  2015    195    7.90000         1.32500        0.350000E-02    0.134457E-01


 31   7  2015    212    7.90000         1.32500        0.460000E-02    0.155676E-01


  6   8  2015    218    7.90000         1.32500        0.103000E-01    0.101337E-01


 10   9  2015    253    7.90000         1.32500        0.200000E-02    0.147567E-01


  9  12  2015    343    7.90000         1.32500        0.140000E-02    0.182843E-02


 25   2  2016     56    7.90000         1.32500        0.140000E-02    0.112770E-02


 22   3  2016     82    7.90000         1.32500        0.100000E-02    0.145203E-02


 10   5  2016    131    7.90000         1.32500        0.161000E-01    0.420636E-02


 12   5  2016    133    7.90000         1.32500        0.179000E-01    0.374932E-02


 13   5  2016    134    7.90000         1.25882        0.187000E-01    0.743955E-02


 24   5  2016    145    7.90000         1.27099        0.281000E-01    0.155997E-01


  3   6  2016    155    7.90000         1.32329        0.339000E-01    0.194267E-01


  8   6  2016    160    7.90000         1.32329        0.110000E-01    0.280712E-01


 15   6  2016    167    7.90000         1.32329        0.140000E-02    0.162965E-01


 23   6  2016    175    7.90000         1.32427        0.144000E-01    0.493049E-01


  8   7  2016    190    7.90000         1.32493        0.510000E-01    0.355758E-01


 21   7  2016    203    7.90000         1.32498        0.263000E-01    0.160981E-01


 26   7  2016    208    7.90000         1.32498        0.144000E-01    0.637268E-02


  4   8  2016    217    7.90000         1.32500        0.109000E-01    0.133539E-01


 19   8  2016    232    7.90000         1.32500        0.520000E-02    0.123538E-01


  9   9  2016    253    7.90000         1.32500        0.430000E-02    0.115414E-01


 15  12  2016    350    7.90000         1.32500        0.300000E-03    0.248459E-03


 16   2  2017     47    7.90000         1.32500        0.560000E-02    0.102722E-02


 27   4  2017    117    7.90000         1.32500        0.100000E-02    0.236600E-02


  6   5  2017    126    7.90000         1.25882        0.860000E-02    0.761066E-02


  7   5  2017    127    7.90000         1.25882        0.940000E-02    0.122598E-01


 25   5  2017    145    7.90000         1.32316        0.247000E-01    0.168614E-01


  8   6  2017    159    7.90000         1.32351        0.450000E-02    0.173513E-01


 21   6  2017    172    7.90000         1.32382        0.111000E-01    0.147919E-01


 11   7  2017    192    7.90000         1.32494        0.165000E-01    0.512037E-01


 25   7  2017    206    7.90000         1.32497        0.300000E-02    0.846554E-02


  8   8  2017    220    7.90000         1.32499        0.200000E-02    0.904265E-02


 24   8  2017    236    7.90000         1.32500        0.130000E-02    0.106220E-01


  7   9  2017    250    7.90000         1.32500        0.110000E-02    0.530181E-02


 30  11  2017    334    7.90000         1.32500        0.400000E-03    0.887327E-03


 14   3  2018     73    7.90000         1.32500        0.170000E-02    0.636532E-03


 30   4  2018    120    7.90000         1.32500        0.310000E-02    0.300819E-02


 24   5  2018    144    7.90000         1.29927        0.370000E-02    0.191103E-01


  6   6  2018    157    7.90000         1.31408        0.180000E-02    0.719528E-02


 12   7  2018    193    7.90000         1.32492        0.211000E-01    0.716150E-02


 24   7  2018    205    7.90000         1.32499        0.670000E-02    0.524262E-02


  9   8  2018    221    7.90000         1.32500        0.270000E-02    0.528703E-02



                         RMSE           R2           SLOPE          INTERCEPT          T-SLOPE     T-5% CONFIDENCE
                       0.258847E-01
===================================================================================================================




TOTAL AMOUNT OF  N2O     IN THE PROFILE (CM FOR SWC AND KG N/HA FOR NITROGEN)

  DD MM YY  JULIAN       EXP-N2O       PRED-N2O     depth of soil profile (cm)

 21   4  2010    111   0.104000E-01    0.175599E-01     7.90000    
  1   6  2010    152   0.133000E-01    0.139754E-01     7.90000    
 18   6  2010    169   0.804000E-01    0.779467E-01     7.90000    
 28   6  2010    179   0.164100        0.760048E-01     7.90000    
  2   7  2010    183   0.363000E-01    0.464929E-01     7.90000    
  8   7  2010    189   0.149900        0.511422E-01     7.90000    
 14   7  2010    195   0.122300        0.154645E-01     7.90000    
 19   7  2010    200   0.249000E-01    0.190322E-01     7.90000    
 27   7  2010    208   0.485000E-01    0.161904E-01     7.90000    
 18   8  2010    230   0.710000E-02    0.851136E-02     7.90000    
 16   9  2010    259   0.550000E-02    0.102799E-01     7.90000    
  7  10  2010    280   0.440000E-02    0.121140E-01     7.90000    
 10  12  2010    344   0.900000E-03    0.197149E-02     7.90000    
  4   4  2011    459   0.300000E-02    0.630807E-02     7.90000    
 28   4  2011    483   0.750000E-02    0.642528E-02     7.90000    
 29   4  2011    484   0.501000E-01    0.826613E-02     7.90000    
 20   6  2011    536   0.152500        0.476144E-01     7.90000    
 13   7  2011    559   0.438000E-01    0.272267E-01     7.90000    
 26   7  2011    572   0.277000E-01    0.191754E-01     7.90000    
  9   8  2011    586   0.700000E-01    0.138181E-01     7.90000    
 25   8  2011    602   0.370000E-02    0.155947E-01     7.90000    
  8   9  2011    616   0.330000E-02    0.142258E-01     7.90000    
 29   9  2011    637   0.500000E-03    0.892833E-02     7.90000    
 17  11  2011    686   0.500000E-03    0.303719E-02     7.90000    
 26   1  2012    756   0.140000E-02    0.110977E-02     7.90000    
  6   3  2012    796   0.150000E-02    0.320053E-02     7.90000    
 27   3  2012    817   0.120000E-02    0.570574E-02     7.90000    
 23   4  2012    844   0.166000E-01    0.713225E-02     7.90000    
 24   4  2012    845   0.171000E-01    0.135445E-01     7.90000    
  2   5  2012    853   0.217000E-01    0.183193E-01     7.90000    
 24   5  2012    875   0.790000E-02    0.523918E-01     7.90000    
  1   6  2012    883   0.503000E-01    0.228478E-01     7.90000    
  7   6  2012    889   0.575000E-01    0.449077E-01     7.90000    
 19   6  2012    901   0.588000E-01    0.531031E-01     7.90000    
 27   6  2012    909   0.406000E-01    0.159463E-01     7.90000    
  5   7  2012    917   0.370000E-02    0.115033E-01     7.90000    
 10   7  2012    922   0.618000E-01    0.970230E-02     7.90000    
 19   7  2012    931   0.154000E-01    0.129557E-01     7.90000    
 26   7  2012    938   0.230000E-02    0.728291E-02     7.90000    
 31   7  2012    943   0.396000E-01    0.875401E-02     7.90000    
  8   8  2012    951   0.370000E-02    0.152469E-01     7.90000    
 15   8  2012    958   0.430000E-02    0.995526E-02     7.90000    
 28   8  2012    971   0.350000E-02    0.105745E-01     7.90000    
 20   9  2012    994   0.500000E-03    0.597660E-02     7.90000    
 21  11  2012   1056   0.600000E-03    0.220186E-02     7.90000    
 18  12  2012   1083   0.800000E-03    0.127053E-02     7.90000    
 25   1  2013   1121   0.430000E-02    0.301504E-03     7.90000    
  6   3  2013   1161   0.137000E-01    0.634631E-03     7.90000    
 15   4  2013   1201   0.400000E-03    0.147398E-02     7.90000    
 15   5  2013   1231   0.200000E-02    0.749273E-02     7.90000    
 16   5  2013   1232   0.200000E-02    0.121041E-01     7.90000    
  6   6  2013   1253   0.320000E-02    0.188783E-01     7.90000    
 14   6  2013   1261   0.219000E-01    0.656467E-01     7.90000    
 26   6  2013   1273   0.376000E-01    0.157558E-01     7.90000    
  9   7  2013   1286   0.290000E-02    0.335800E-01     7.90000    
 16   7  2013   1293   0.236000E-01    0.899934E-02     7.90000    
 23   7  2013   1300   0.282000E-01    0.131512E-01     7.90000    
  1   8  2013   1309   0.628000E-01    0.133031E-01     7.90000    
  8   8  2013   1316   0.614000E-01    0.144845E-01     7.90000    
 15   8  2013   1323   0.408000E-01    0.110141E-01     7.90000    
 20   8  2013   1328   0.263000E-01    0.128303E-01     7.90000    
 11   9  2013   1350   0.119000E-01    0.999668E-02     7.90000    
 21  10  2013   1390   0.700000E-03    0.453001E-02     7.90000    
 26  11  2013   1426   0.130000E-02    0.128591E-02     7.90000    
 19  12  2013   1449   0.280000E-02    0.408574E-03     7.90000    
 13   2  2014   1505   0.190000E-02    0.577299E-03     7.90000    
 26   3  2014   1546   0.370000E-02    0.307087E-02     7.90000    
  1   5  2014   1582   0.370000E-02    0.372046E-02     7.90000    
  2   5  2014   1583   0.370000E-02    0.905030E-02     7.90000    
 16   5  2014   1597   0.380000E-02    0.774442E-02     7.90000    
 29   5  2014   1610   0.100000E-02    0.261524E-01     7.90000    
 13   6  2014   1625   0.480000E-01    0.369903E-01     7.90000    
 17   6  2014   1629   0.129600        0.649304E-01     7.90000    
 27   6  2014   1639   0.133300        0.209190E-01     7.90000    
  2   7  2014   1644   0.614000E-01    0.276299E-01     7.90000    
 16   7  2014   1658   0.241000E-01    0.116878E-01     7.90000    
 21   7  2014   1663   0.630000E-02    0.968223E-02     7.90000    
 31   7  2014   1673   0.860000E-02    0.112890E-01     7.90000    
  5   8  2014   1678   0.107000E-01    0.109896E-01     7.90000    
 12   8  2014   1685   0.460000E-02    0.109414E-01     7.90000    
 20   8  2014   1693   0.300000E-02    0.134834E-01     7.90000    
  3   9  2014   1707   0.260000E-02    0.151464E-01     7.90000    
 17   9  2014   1721   0.140000E-02    0.848823E-02     7.90000    
  4  12  2014   1799   0.700000E-03    0.826334E-03     7.90000    
 29   1  2015   1855   0.500000E-03    0.967686E-03     7.90000    
 24   2  2015   1881   0.200000E-02    0.499284E-03     7.90000    
 26   3  2015   1911   0.900000E-03    0.168723E-02     7.90000    
 30   4  2015   1946   0.270000E-02    0.444074E-02     7.90000    
  1   5  2015   1947   0.280000E-02    0.895278E-02     7.90000    
 29   5  2015   1975   0.420000E-02    0.207406E-01     7.90000    
 10   6  2015   1987   0.109000E-01    0.229293E-01     7.90000    
 25   6  2015   2002   0.200000E-01    0.391135E-01     7.90000    
 30   6  2015   2007   0.112000E-01    0.245640E-01     7.90000    
  7   7  2015   2014   0.620000E-02    0.311568E-01     7.90000    
 14   7  2015   2021   0.350000E-02    0.134457E-01     7.90000    
 31   7  2015   2038   0.460000E-02    0.155676E-01     7.90000    
  6   8  2015   2044   0.103000E-01    0.101337E-01     7.90000    
 10   9  2015   2079   0.200000E-02    0.147567E-01     7.90000    
  9  12  2015   2169   0.140000E-02    0.182843E-02     7.90000    
 25   2  2016   2247   0.140000E-02    0.112770E-02     7.90000    
 22   3  2016   2273   0.100000E-02    0.145203E-02     7.90000    
 10   5  2016   2322   0.161000E-01    0.420636E-02     7.90000    
 12   5  2016   2324   0.179000E-01    0.374932E-02     7.90000    
 13   5  2016   2325   0.187000E-01    0.743955E-02     7.90000    
 24   5  2016   2336   0.281000E-01    0.155997E-01     7.90000    
  3   6  2016   2346   0.339000E-01    0.194267E-01     7.90000    
  8   6  2016   2351   0.110000E-01    0.280712E-01     7.90000    
 15   6  2016   2358   0.140000E-02    0.162965E-01     7.90000    
 23   6  2016   2366   0.144000E-01    0.493049E-01     7.90000    
  8   7  2016   2381   0.510000E-01    0.355758E-01     7.90000    
 21   7  2016   2394   0.263000E-01    0.160981E-01     7.90000    
 26   7  2016   2399   0.144000E-01    0.637268E-02     7.90000    
  4   8  2016   2408   0.109000E-01    0.133539E-01     7.90000    
 19   8  2016   2423   0.520000E-02    0.123538E-01     7.90000    
  9   9  2016   2444   0.430000E-02    0.115414E-01     7.90000    
 15  12  2016   2541   0.300000E-03    0.248459E-03     7.90000    
 16   2  2017   2604   0.560000E-02    0.102722E-02     7.90000    
 27   4  2017   2674   0.100000E-02    0.236600E-02     7.90000    
  6   5  2017   2683   0.860000E-02    0.761066E-02     7.90000    
  7   5  2017   2684   0.940000E-02    0.122598E-01     7.90000    
 25   5  2017   2702   0.247000E-01    0.168614E-01     7.90000    
  8   6  2017   2716   0.450000E-02    0.173513E-01     7.90000    
 21   6  2017   2729   0.111000E-01    0.147919E-01     7.90000    
 11   7  2017   2749   0.165000E-01    0.512037E-01     7.90000    
 25   7  2017   2763   0.300000E-02    0.846554E-02     7.90000    
  8   8  2017   2777   0.200000E-02    0.904265E-02     7.90000    
 24   8  2017   2793   0.130000E-02    0.106220E-01     7.90000    
  7   9  2017   2807   0.110000E-02    0.530181E-02     7.90000    
 30  11  2017   2891   0.400000E-03    0.887327E-03     7.90000    
 14   3  2018   2995   0.170000E-02    0.636532E-03     7.90000    
 30   4  2018   3042   0.310000E-02    0.300819E-02     7.90000    
 24   5  2018   3066   0.370000E-02    0.191103E-01     7.90000    
  6   6  2018   3079   0.180000E-02    0.719528E-02     7.90000    
 12   7  2018   3115   0.211000E-01    0.716150E-02     7.90000    
 24   7  2018   3127   0.670000E-02    0.524262E-02     7.90000    
  9   8  2018   3143   0.270000E-02    0.528703E-02     7.90000    

                         RMSE           R2           SLOPE          INTERCEPT          T-SLOPE     T-5% CONFIDENCE
                       0.258847E-01    0.374124        0.298466        0.926090E-02    -21.0363         1.97790    


===================================================================================================================


COMPARED CONCENTRATION OF CH4     PPM FOR PEST,NO3,NH4 Kg N/ha FOR N2O, NxO, CH4)

DD MM YYYY  JULIAN       DEPTH         BD              EXP-CH4        PRED-CH4  

  1   6  2010    152    7.90000         1.31872        0.140000E-02     0.00000    


 18   6  2010    169    7.90000         1.32448        0.570000E-02     0.00000    


 28   6  2010    179    7.90000         1.32496       -0.280000E-02     0.00000    


  2   7  2010    183    7.90000         1.32496        0.260000E-02     0.00000    


  8   7  2010    189    7.90000         1.32499        0.790000E-02     0.00000    


 14   7  2010    195    7.90000         1.32500        0.440000E-02     0.00000    


 19   7  2010    200    7.90000         1.32500       -0.230000E-02     0.00000    


 27   7  2010    208    7.90000         1.32500       -0.130000E-02     0.00000    


 18   8  2010    230    7.90000         1.32500        0.131000E-01     0.00000    


 16   9  2010    259    7.90000         1.32500        0.140000E-02     0.00000    


  7  10  2010    280    7.90000         1.32500        0.260000E-02     0.00000    


  4   4  2011     94    7.90000         1.32500        0.140000E-02     0.00000    


 20   6  2011    171    7.90000         1.32362        0.240000E-02     0.00000    


 13   7  2011    194    7.90000         1.32492        0.240000E-02     0.00000    


 26   7  2011    207    7.90000         1.32496        0.100000E-02     0.00000    


  9   8  2011    221    7.90000         1.32499        0.600000E-03     0.00000    


 25   8  2011    237    7.90000         1.32500        0.800000E-03     0.00000    


  8   9  2011    251    7.90000         1.32500       -0.100000E-03     0.00000    


 29   9  2011    272    7.90000         1.32500        0.300000E-03     0.00000    


 17  11  2011    321    7.90000         1.32500        0.210000E-02     0.00000    


 26   1  2012     26    7.90000         1.32500        0.330000E-02     0.00000    


  6   3  2012     66    7.90000         1.32500        0.120000E-02     0.00000    


 27   3  2012     87    7.90000         1.32500        0.310000E-02     0.00000    


  2   5  2012    123    7.90000         1.30914        0.100000E-03    0.228818E-01


 24   5  2012    145    7.90000         1.31665        0.330000E-02     0.00000    


  1   6  2012    153    7.90000         1.32186        0.150000E-02     0.00000    


  7   6  2012    159    7.90000         1.32186       -0.140000E-02     0.00000    


 19   6  2012    171    7.90000         1.32390       -0.300000E-03     0.00000    


 27   6  2012    179    7.90000         1.32449        0.180000E-02     0.00000    


  5   7  2012    187    7.90000         1.32478       -0.140000E-02    0.622152E-03


 10   7  2012    192    7.90000         1.32487         0.00000         0.00000    


 19   7  2012    201    7.90000         1.32496       -0.200000E-03     0.00000    


 26   7  2012    208    7.90000         1.32496        0.800000E-03     0.00000    


 31   7  2012    213    7.90000         1.32499        0.900000E-03     0.00000    


  8   8  2012    221    7.90000         1.32500        0.300000E-02     0.00000    


 15   8  2012    228    7.90000         1.32500        0.100000E-02     0.00000    


 28   8  2012    241    7.90000         1.32500        0.250000E-02     0.00000    


 20   9  2012    264    7.90000         1.32500        0.160000E-02     0.00000    


 21  11  2012    326    7.90000         1.32500        0.700000E-03     0.00000    


 18  12  2012    353    7.90000         1.32500        0.120000E-02     0.00000    


 25   1  2013     25    7.90000         1.32500        0.240000E-02     0.00000    


  6   3  2013     65    7.90000         1.32500        0.370000E-02     0.00000    


 15   4  2013    105    7.90000         1.32500        0.180000E-02     0.00000    


  6   6  2013    157    7.90000         1.32427       -0.600000E-03     0.00000    


 14   6  2013    165    7.90000         1.32433        0.100000E-02     0.00000    


 26   6  2013    177    7.90000         1.32446       -0.120000E-02     0.00000    


  9   7  2013    190    7.90000         1.32478       -0.150000E-02    0.238618E-01


 16   7  2013    197    7.90000         1.32478        0.500000E-03     0.00000    


 23   7  2013    204    7.90000         1.32495       -0.110000E-02    0.219024E-01


  1   8  2013    213    7.90000         1.32499        0.300000E-03    0.121973E-01


  8   8  2013    220    7.90000         1.32499       -0.900000E-03     0.00000    


 15   8  2013    227    7.90000         1.32500       -0.100000E-02    0.189439E-01


 20   8  2013    232    7.90000         1.32500         0.00000         0.00000    


 11   9  2013    254    7.90000         1.32500        0.300000E-03     0.00000    


 21  10  2013    294    7.90000         1.32500        0.360000E-02     0.00000    


 26  11  2013    330    7.90000         1.32500       -0.200000E-03     0.00000    


 19  12  2013    353    7.90000         1.32500        0.160000E-02     0.00000    


 13   2  2014     44    7.90000         1.32500       -0.100000E-03     0.00000    


 26   3  2014     85    7.90000         1.32500        0.140000E-02     0.00000    


 16   5  2014    136    7.90000         1.31138        0.120000E-02     0.00000    


 29   5  2014    149    7.90000         1.31293       -0.200000E-03     0.00000    


 13   6  2014    164    7.90000         1.32301        0.700000E-03     0.00000    


 17   6  2014    168    7.90000         1.32346       -0.500000E-03     0.00000    


 27   6  2014    178    7.90000         1.32476        0.162000E-01    0.299469E-01


  2   7  2014    183    7.90000         1.32481        0.900000E-03     0.00000    


 16   7  2014    197    7.90000         1.32493       -0.180000E-02     0.00000    


 21   7  2014    202    7.90000         1.32493       -0.900000E-03     0.00000    


 31   7  2014    212    7.90000         1.32497        0.200000E-03     0.00000    


  5   8  2014    217    7.90000         1.32499        0.100000E-02     0.00000    


 12   8  2014    224    7.90000         1.32500        0.150000E-02     0.00000    


 20   8  2014    232    7.90000         1.32500        0.220000E-02     0.00000    


  3   9  2014    246    7.90000         1.32500        0.100000E-03     0.00000    


 17   9  2014    260    7.90000         1.32500        0.700000E-03     0.00000    


  4  12  2014    338    7.90000         1.32500         0.00000         0.00000    


 29   1  2015     29    7.90000         1.32500        0.100000E-03     0.00000    


 24   2  2015     55    7.90000         1.32500        0.170000E-02     0.00000    


 26   3  2015     85    7.90000         1.32500       -0.400000E-03     0.00000    


 29   5  2015    149    7.90000         1.32319       -0.120000E-02     0.00000    


 10   6  2015    161    7.90000         1.32499       -0.210000E-02    0.500869E-01


 25   6  2015    176    7.90000         1.32499        0.400000E-03     0.00000    


 30   6  2015    181    7.90000         1.32499        0.730000E-02     0.00000    


  7   7  2015    188    7.90000         1.32500        0.100000E-02     0.00000    


 14   7  2015    195    7.90000         1.32500       -0.110000E-02     0.00000    


 31   7  2015    212    7.90000         1.32500        0.600000E-03     0.00000    


  6   8  2015    218    7.90000         1.32500       -0.100000E-03     0.00000    


 10   9  2015    253    7.90000         1.32500        0.100000E-03    0.158898E-01


  9  12  2015    343    7.90000         1.32500       -0.100000E-03     0.00000    


 25   2  2016     56    7.90000         1.32500        0.270000E-02     0.00000    


 22   3  2016     82    7.90000         1.32500       -0.700000E-03     0.00000    


 10   5  2016    131    7.90000         1.32500        0.200000E-02    0.252070E-03


 24   5  2016    145    7.90000         1.27099       -0.260000E-02     0.00000    


  3   6  2016    155    7.90000         1.32329       -0.300000E-03     0.00000    


  8   6  2016    160    7.90000         1.32329        0.800000E-03     0.00000    


 15   6  2016    167    7.90000         1.32329        0.120000E-02     0.00000    


 23   6  2016    175    7.90000         1.32427        0.300000E-03     0.00000    


  8   7  2016    190    7.90000         1.32493       -0.110000E-02     0.00000    


 21   7  2016    203    7.90000         1.32498       -0.900000E-03     0.00000    


 26   7  2016    208    7.90000         1.32498       -0.120000E-02     0.00000    


  4   8  2016    217    7.90000         1.32500        0.370000E-02     0.00000    


 19   8  2016    232    7.90000         1.32500        0.800000E-03    0.185635E-01


  9   9  2016    253    7.90000         1.32500       -0.230000E-02    0.141195E-01


 16   2  2017     47    7.90000         1.32500       -0.270000E-02     0.00000    


 27   4  2017    117    7.90000         1.32500       -0.120000E-02     0.00000    


 25   5  2017    145    7.90000         1.32316       -0.170000E-02     0.00000    


  8   6  2017    159    7.90000         1.32351       -0.900000E-03     0.00000    


 21   6  2017    172    7.90000         1.32382       -0.260000E-02     0.00000    


 11   7  2017    192    7.90000         1.32494        0.700000E-03     0.00000    


 25   7  2017    206    7.90000         1.32497       -0.200000E-03     0.00000    


  8   8  2017    220    7.90000         1.32499       -0.200000E-03     0.00000    


 24   8  2017    236    7.90000         1.32500        0.400000E-03     0.00000    


  7   9  2017    250    7.90000         1.32500        0.400000E-03     0.00000    


 30  11  2017    334    7.90000         1.32500        0.310000E-02     0.00000    


 14   3  2018     73    7.90000         1.32500        0.800000E-03     0.00000    


 24   5  2018    144    7.90000         1.29927       -0.900000E-03     0.00000    


  6   6  2018    157    7.90000         1.31408        0.800000E-03     0.00000    


 12   7  2018    193    7.90000         1.32492       -0.800000E-03     0.00000    


 24   7  2018    205    7.90000         1.32499        0.100000E-03     0.00000    


  9   8  2018    221    7.90000         1.32500        0.100000E-02     0.00000    



                         RMSE           R2           SLOPE          INTERCEPT          T-SLOPE     T-5% CONFIDENCE
                       0.406275E-02
===================================================================================================================




TOTAL AMOUNT OF  CH4     IN THE PROFILE (CM FOR SWC AND KG N/HA FOR NITROGEN)

  DD MM YY  JULIAN       EXP-CH4       PRED-CH4     depth of soil profile (cm)

  1   6  2010    152   0.140000E-02     0.00000         7.90000    
 18   6  2010    169   0.570000E-02     0.00000         7.90000    
 28   6  2010    179    0.00000         0.00000         7.90000    
  2   7  2010    183   0.260000E-02     0.00000         7.90000    
  8   7  2010    189   0.790000E-02     0.00000         7.90000    
 14   7  2010    195   0.440000E-02     0.00000         7.90000    
 19   7  2010    200    0.00000         0.00000         7.90000    
 27   7  2010    208    0.00000         0.00000         7.90000    
 18   8  2010    230   0.131000E-01     0.00000         7.90000    
 16   9  2010    259   0.140000E-02     0.00000         7.90000    
  7  10  2010    280   0.260000E-02     0.00000         7.90000    
  4   4  2011    459   0.140000E-02     0.00000         7.90000    
 20   6  2011    536   0.240000E-02     0.00000         7.90000    
 13   7  2011    559   0.240000E-02     0.00000         7.90000    
 26   7  2011    572   0.100000E-02     0.00000         7.90000    
  9   8  2011    586   0.600000E-03     0.00000         7.90000    
 25   8  2011    602   0.800000E-03     0.00000         7.90000    
  8   9  2011    616    0.00000         0.00000         7.90000    
 29   9  2011    637   0.300000E-03     0.00000         7.90000    
 17  11  2011    686   0.210000E-02     0.00000         7.90000    
 26   1  2012    756   0.330000E-02     0.00000         7.90000    
  6   3  2012    796   0.120000E-02     0.00000         7.90000    
 27   3  2012    817   0.310000E-02     0.00000         7.90000    
  2   5  2012    853   0.100000E-03    0.228818E-01     7.90000    
 24   5  2012    875   0.330000E-02     0.00000         7.90000    
  1   6  2012    883   0.150000E-02     0.00000         7.90000    
  7   6  2012    889    0.00000         0.00000         7.90000    
 19   6  2012    901    0.00000         0.00000         7.90000    
 27   6  2012    909   0.180000E-02     0.00000         7.90000    
  5   7  2012    917    0.00000         0.00000         7.90000    
 10   7  2012    922    0.00000         0.00000         7.90000    
 19   7  2012    931    0.00000         0.00000         7.90000    
 26   7  2012    938   0.800000E-03     0.00000         7.90000    
 31   7  2012    943   0.900000E-03     0.00000         7.90000    
  8   8  2012    951   0.300000E-02     0.00000         7.90000    
 15   8  2012    958   0.100000E-02     0.00000         7.90000    
 28   8  2012    971   0.250000E-02     0.00000         7.90000    
 20   9  2012    994   0.160000E-02     0.00000         7.90000    
 21  11  2012   1056   0.700000E-03     0.00000         7.90000    
 18  12  2012   1083   0.120000E-02     0.00000         7.90000    
 25   1  2013   1121   0.240000E-02     0.00000         7.90000    
  6   3  2013   1161   0.370000E-02     0.00000         7.90000    
 15   4  2013   1201   0.180000E-02     0.00000         7.90000    
  6   6  2013   1253    0.00000         0.00000         7.90000    
 14   6  2013   1261   0.100000E-02     0.00000         7.90000    
 26   6  2013   1273    0.00000         0.00000         7.90000    
  9   7  2013   1286    0.00000         0.00000         7.90000    
 16   7  2013   1293   0.500000E-03     0.00000         7.90000    
 23   7  2013   1300    0.00000         0.00000         7.90000    
  1   8  2013   1309   0.300000E-03    0.121973E-01     7.90000    
  8   8  2013   1316    0.00000         0.00000         7.90000    
 15   8  2013   1323    0.00000         0.00000         7.90000    
 20   8  2013   1328    0.00000         0.00000         7.90000    
 11   9  2013   1350   0.300000E-03     0.00000         7.90000    
 21  10  2013   1390   0.360000E-02     0.00000         7.90000    
 26  11  2013   1426    0.00000         0.00000         7.90000    
 19  12  2013   1449   0.160000E-02     0.00000         7.90000    
 13   2  2014   1505    0.00000         0.00000         7.90000    
 26   3  2014   1546   0.140000E-02     0.00000         7.90000    
 16   5  2014   1597   0.120000E-02     0.00000         7.90000    
 29   5  2014   1610    0.00000         0.00000         7.90000    
 13   6  2014   1625   0.700000E-03     0.00000         7.90000    
 17   6  2014   1629    0.00000         0.00000         7.90000    
 27   6  2014   1639   0.162000E-01    0.299469E-01     7.90000    
  2   7  2014   1644   0.900000E-03     0.00000         7.90000    
 16   7  2014   1658    0.00000         0.00000         7.90000    
 21   7  2014   1663    0.00000         0.00000         7.90000    
 31   7  2014   1673   0.200000E-03     0.00000         7.90000    
  5   8  2014   1678   0.100000E-02     0.00000         7.90000    
 12   8  2014   1685   0.150000E-02     0.00000         7.90000    
 20   8  2014   1693   0.220000E-02     0.00000         7.90000    
  3   9  2014   1707   0.100000E-03     0.00000         7.90000    
 17   9  2014   1721   0.700000E-03     0.00000         7.90000    
  4  12  2014   1799    0.00000         0.00000         7.90000    
 29   1  2015   1855   0.100000E-03     0.00000         7.90000    
 24   2  2015   1881   0.170000E-02     0.00000         7.90000    
 26   3  2015   1911    0.00000         0.00000         7.90000    
 29   5  2015   1975    0.00000         0.00000         7.90000    
 10   6  2015   1987    0.00000         0.00000         7.90000    
 25   6  2015   2002   0.400000E-03     0.00000         7.90000    
 30   6  2015   2007   0.730000E-02     0.00000         7.90000    
  7   7  2015   2014   0.100000E-02     0.00000         7.90000    
 14   7  2015   2021    0.00000         0.00000         7.90000    
 31   7  2015   2038   0.600000E-03     0.00000         7.90000    
  6   8  2015   2044    0.00000         0.00000         7.90000    
 10   9  2015   2079   0.100000E-03    0.158898E-01     7.90000    
  9  12  2015   2169    0.00000         0.00000         7.90000    
 25   2  2016   2247   0.270000E-02     0.00000         7.90000    
 22   3  2016   2273    0.00000         0.00000         7.90000    
 10   5  2016   2322   0.200000E-02    0.252070E-03     7.90000    
 24   5  2016   2336    0.00000         0.00000         7.90000    
  3   6  2016   2346    0.00000         0.00000         7.90000    
  8   6  2016   2351   0.800000E-03     0.00000         7.90000    
 15   6  2016   2358   0.120000E-02     0.00000         7.90000    
 23   6  2016   2366   0.300000E-03     0.00000         7.90000    
  8   7  2016   2381    0.00000         0.00000         7.90000    
 21   7  2016   2394    0.00000         0.00000         7.90000    
 26   7  2016   2399    0.00000         0.00000         7.90000    
  4   8  2016   2408   0.370000E-02     0.00000         7.90000    
 19   8  2016   2423   0.800000E-03    0.185635E-01     7.90000    
  9   9  2016   2444    0.00000         0.00000         7.90000    
 16   2  2017   2604    0.00000         0.00000         7.90000    
 27   4  2017   2674    0.00000         0.00000         7.90000    
 25   5  2017   2702    0.00000         0.00000         7.90000    
  8   6  2017   2716    0.00000         0.00000         7.90000    
 21   6  2017   2729    0.00000         0.00000         7.90000    
 11   7  2017   2749   0.700000E-03     0.00000         7.90000    
 25   7  2017   2763    0.00000         0.00000         7.90000    
  8   8  2017   2777    0.00000         0.00000         7.90000    
 24   8  2017   2793   0.400000E-03     0.00000         7.90000    
  7   9  2017   2807   0.400000E-03     0.00000         7.90000    
 30  11  2017   2891   0.310000E-02     0.00000         7.90000    
 14   3  2018   2995   0.800000E-03     0.00000         7.90000    
 24   5  2018   3066    0.00000         0.00000         7.90000    
  6   6  2018   3079   0.800000E-03     0.00000         7.90000    
 12   7  2018   3115    0.00000         0.00000         7.90000    
 24   7  2018   3127   0.100000E-03     0.00000         7.90000    
  9   8  2018   3143   0.100000E-02     0.00000         7.90000    

                         RMSE           R2           SLOPE          INTERCEPT          T-SLOPE     T-5% CONFIDENCE
                       0.153701E-01    0.326269        0.902310        0.136894E-01   -0.150684         2.77629    


===================================================================================================================

             ROOT MEAN SQUARE ERRORS FOR

  YIELD     BIOMASS     BG BIOMSS       LAI            Plant_HT         P-SWC          Layer-SWC       WATER-TAB        TILE-FL         N-TILE        SOIL-NO3-N        N-BIOM         N-GRAIN          ACC-TF
  1524.93   2667.79     0.00000         0.00000         0.00000        0.870856        0.580571E-01     0.00000         0.00000         0.00000         0.00000         35.9258         26.9998         0.00000    
