========================================================================
=
=       SOIL HORIZON PHYSICAL PROPERTIES CONDITIONS
=
= RECORD #   DESCRIPTION
= --------   -----------
=     1         FORM HYDRAULIC STATE IS PRESENTED
=                0 - TENSIOMETRIC POTENTIAL                [CM OF WATER]
=                1 - SOIL WATER CONTENT                      [CM^3/CM^3]
=     2         HYDRAULIC STATE, TEMPERATURE STATE                   [C]
=
=            ... REPEAT RECORD 2 FOR ALL HORIZONS
========================================================================
 1
     0.161    -2.163
     0.268     0.659
     0.380     2.443
     0.404     4.057
     0.438     5.487
     0.287     6.998
========================================================================
=       ... INITIAL CONC FOR EACH NUTRIENT POOLLISTED BELOW
=
= ITEM  #    DESCRIPTION
= --------   -----------
=      1         CR-1 - SLOW RESIDUE POOL              [UG-CARBON/G-SOIL]
=      2         CR-2 - FAST RESIDUE POOL              [UG-CARBON/G-SOIL]
=      3         OM-1 - FAST SOIL HUMUS POOL           [UG-CARBON/G-SOIL]
=      4         OM-2 - MEDIUM SOIL HUMUS POOL         [UG-CARBON/G-SOIL]
=      5         OM-3 - SLOW SOIL HUMUS POOL           [UG-CARBON/G-SOIL]
=      6         CO2  - CARBON SINK POOL               [UG-CARBON/G-SOIL]
=      7         HET1 - AEROBIC HETEROTROPHS POPULATI[# ORGANISMS/G-SOIL]
=      8         AUTO - AUTOTROPHS POPULATION        [# ORGANISMS/G-SOIL]
=      9         HET2 - ANEROBIC HETEROTROPHS POPULAT[# ORGANISMS/G-SOIL]
=      10        UREA-N - UREA CONCENTRATION                [UG-N/G-SOIL]
=      11        NO3-N - NITROGEN CONCENTRATION             [UG-N/G-SOIL]
=      12        NH4-N - AMMONIUM CONCENTRATION             [UG-N/G-SOIL]
=      13        PO4-P - PHOSPHATE CONCENTRATION            [UG-N/G-SOIL]
=      14        N2  - NITROGEN SINK POOL                   [UG-N/G-SOIL]
=
=       ...REPEAT FOR EACH HORIZON
========================================================================
   175.9    10.9    52.6  2178.3 13621.7  0.0   100000.0     1000.0    10000.0    0.000    1.866    0.011   -0.001    0.000    0.000    0.000    0.000
   144.4    20.3    51.7  1901.2  9123.8  0.0    69433.0      694.0     6943.0    0.000    2.089    0.009   -0.000    0.000    0.000    0.000    0.000
   100.3    85.1   127.8  1410.2  5068.5  0.0    20574.1      205.7     2057.4    0.000    1.119    0.001   -0.000    0.000    0.000    0.000    0.000
    72.6    44.4    71.8   673.1  2367.3  0.0     9618.3       96.2      961.8    0.000    0.444    0.000   -0.000    0.000    0.000    0.000    0.000
    30.7    29.1    64.6   576.1  1987.9  0.0     8146.2       81.5      814.6    0.000    0.394    0.000   -0.000    0.000    0.000    0.000    0.000
    13.8     9.6    55.1   503.1  1736.0  0.0     7128.0       71.3      712.8    0.000    0.386    0.000   -0.000    0.000    0.000    0.000    0.000
