        2013
   206.0    0.0000   0.0000
   207.0    0.0000   0.0000
   208.0    0.0000   0.0000
   209.0    0.0000   0.0000
   210.0    0.0000   0.0000
   211.0    0.0000   0.0000
   212.0    0.0000   0.0000
   213.0    0.0000   0.0000
   214.0    0.0000   0.0000
   215.0    0.0001   0.0012
   216.0    0.0077   0.0012
   217.0    0.0077   0.0012
   218.0    0.0077   0.0012
   219.0    0.0077   0.0012
   220.0    0.0077   0.0012
   221.0    0.0077   0.0012
   222.0    0.0077   0.0013
   223.0    0.0077   0.0013
   224.0    0.0077   0.0013
   225.0    0.0077   0.0013
   226.0    0.0077   0.0013
   227.0    0.0078   0.0013
   228.0    0.0078   0.0013
   229.0    0.0078   0.0013
   230.0    0.0078   0.0013
   231.0    0.0078   0.0013
   232.0    0.0078   0.0013
   233.0    0.0078   0.0013
   234.0    0.0078   0.0013
   235.0    0.0078   0.0013
   236.0    0.0078   0.0013
   237.0    0.0078   0.0013
   238.0    0.0078   0.0013
   239.0    0.0078   0.0013
   240.0    0.0078   0.0013
   241.0    0.0078   0.0013
   242.0    0.0078   0.0013
   243.0    0.0078   0.0013
   244.0    0.0078   0.0013
   245.0    0.0078   0.0013
   246.0    0.0078   0.0013
   247.0    0.0078   0.0013
   248.0    0.0078   0.0013
   249.0    0.0078   0.0013
   250.0    0.0078   0.0013
   251.0    0.0078   0.0013
   252.0    0.0078   0.0013
   253.0    0.0078   0.0013
   254.0    0.0078   0.0013
   255.0    0.0078   0.0013
   256.0    0.0078   0.0013
   257.0    0.0078   0.0013
   258.0    0.0078   0.0013
   259.0    0.0078   0.0013
   260.0    0.0078   0.0013
   261.0    0.0078   0.0013
   262.0    0.0078   0.0013
   263.0    0.0078   0.0013
   264.0    0.0078   0.0013
   265.0    0.0078   0.0013
   266.0    0.0078   0.0013
   267.0    0.0078   0.0013
   268.0    0.0078   0.0013
   269.0    0.0078   0.0013
   270.0    0.0078   0.0013
   271.0    0.0078   0.0013
   272.0    0.0078   0.0013
   273.0    0.0078   0.0013
   274.0    0.0078   0.0013
   275.0    0.0078   0.0013
   276.0    0.0078   0.0013
   277.0    0.0078   0.0013
   278.0    0.0078   0.0013
   279.0    0.0078   0.0013
   280.0    0.0078   0.0013
   281.0    0.0079   0.0013
   282.0    0.0079   0.0013
   283.0    0.0079   0.0013
   284.0    0.0079   0.0013
   285.0    0.0079   0.0013
   286.0    0.0079   0.0013
   287.0    0.0079   0.0013
   288.0    0.0079   0.0013
   289.0    0.0079   0.0013
   290.0    0.0079   0.0013
   291.0    0.0079   0.0013
   292.0    0.0080   0.0013
   293.0    0.0080   0.0013
   294.0    0.0080   0.0013
   295.0    0.0080   0.0013
   296.0    0.0080   0.0013
   297.0    0.0080   0.0013
   298.0    0.0080   0.0013
   299.0    0.0080   0.0013
   300.0    0.0080   0.0013
   301.0    0.0080   0.0013
   302.0    0.0080   0.0013
   303.0    0.0080   0.0013
   304.0    0.0080   0.0013
   305.0    0.0080   0.0013
   306.0    0.0080   0.0013
   307.0    0.0080   0.0013
   308.0    0.0080   0.0013
   309.0    0.0080   0.0013
   310.0    0.0080   0.0013
   311.0    0.0080   0.0013
   312.0    0.0080   0.0013
   313.0    0.0080   0.0013
   314.0    0.0080   0.0013
   315.0    0.0080   0.0013
   316.0    0.0080   0.0013
   317.0    0.0080   0.0013
   318.0    0.0080   0.0013
   319.0    0.0080   0.0013
   320.0    0.0080   0.0013
   321.0    0.0080   0.0013
   322.0    0.0080   0.0013
   323.0    0.0080   0.0013
   324.0    0.0080   0.0013
   325.0    0.0080   0.0013
   326.0    0.0080   0.0013
   327.0    0.0080   0.0013
   328.0    0.0080   0.0013
   329.0    0.0080   0.0013
   330.0    0.0080   0.0013
   331.0    0.0080   0.0013
   332.0    0.0080   0.0013
   333.0    0.0080   0.0013
   334.0    0.0080   0.0013
   335.0    0.0080   0.0013
   336.0    0.0080   0.0013
   337.0    0.0080   0.0013
   338.0    0.0080   0.0013
   339.0    0.0080   0.0013
   340.0    0.0080   0.0013
   341.0    0.0080   0.0013
   342.0    0.0080   0.0013
   343.0    0.0080   0.0013
   344.0    0.0080   0.0013
   345.0    0.0080   0.0013
   346.0    0.0080   0.0013
   347.0    0.0080   0.0013
   348.0    0.0080   0.0013
   349.0    0.0080   0.0013
   350.0    0.0080   0.0013
   351.0    0.0080   0.0013
   352.0    0.0080   0.0013
   353.0    0.0080   0.0013
   354.0    0.0080   0.0013
   355.0    0.0080   0.0013
   356.0    0.0080   0.0013
   357.0    0.0080   0.0013
   358.0    0.0080   0.0013
   359.0    0.0080   0.0013
   360.0    0.0080   0.0013
   361.0    0.0080   0.0013
   362.0    0.0080   0.0013
   363.0    0.0080   0.0013
   364.0    0.0080   0.0013
   365.0    0.0080   0.0013
   366.0    0.0080   0.0013
   367.0    0.0080   0.0013
   368.0    0.0080   0.0013
   369.0    0.0080   0.0013
   370.0    0.0080   0.0013
   371.0    0.0080   0.0013
   372.0    0.0080   0.0013
   373.0    0.0080   0.0013
   374.0    0.0080   0.0013
   375.0    0.0080   0.0013
   376.0    0.0080   0.0013
   377.0    0.0080   0.0013
   378.0    0.0080   0.0013
   379.0    0.0080   0.0013
   380.0    0.0080   0.0013
   381.0    0.0080   0.0013
   382.0    0.0080   0.0013
   383.0    0.0080   0.0013
   384.0    0.0080   0.0013
   385.0    0.0080   0.0013
   386.0    0.0080   0.0013
   387.0    0.0080   0.0013
   388.0    0.0080   0.0013
   389.0    0.0080   0.0013
   390.0    0.0080   0.0013
   391.0    0.0080   0.0013
   392.0    0.0080   0.0013
   393.0    0.0080   0.0013
   394.0    0.0080   0.0013
   395.0    0.0080   0.0013
   396.0    0.0080   0.0013
   397.0    0.0080   0.0013
   398.0    0.0080   0.0013
   399.0    0.0080   0.0013
   400.0    0.0080   0.0013
   401.0    0.0080   0.0013
   402.0    0.0080   0.0013
   403.0    0.0080   0.0013
   404.0    0.0080   0.0013
   405.0    0.0080   0.0013
   406.0    0.0080   0.0013
   407.0    0.0080   0.0013
   408.0    0.0080   0.0013
   409.0    0.0080   0.0013
   410.0    0.0080   0.0013
   411.0    0.0080   0.0013
   412.0    0.0080   0.0013
   413.0    0.0080   0.0013
   414.0    0.0080   0.0013
   415.0    0.0080   0.0013
   416.0    0.0080   0.0013
   417.0    0.0080   0.0013
   418.0    0.0080   0.0013
   419.0    0.0080   0.0013
   420.0    0.0080   0.0013
   421.0    0.0080   0.0013
   422.0    0.0080   0.0013
   423.0    0.0080   0.0013
   424.0    0.0080   0.0013
   425.0    0.0080   0.0013
   426.0    0.0080   0.0013
   427.0    0.0080   0.0013
   428.0    0.0080   0.0013
   429.0    0.0080   0.0013
   430.0    0.0080   0.0013
   431.0    0.0080   0.0013
   432.0    0.0080   0.0013
   433.0    0.0080   0.0013
   434.0    0.0080   0.0013
   435.0    0.0080   0.0013
   436.0    0.0080   0.0013
   437.0    0.0080   0.0013
   438.0    0.0080   0.0013
   439.0    0.0080   0.0013
   440.0    0.0080   0.0013
   441.0    0.0080   0.0013
   442.0    0.0080   0.0013
   443.0    0.0080   0.0013
   444.0    0.0080   0.0013
   445.0    0.0080   0.0013
   446.0    0.0080   0.0013
   447.0    0.0080   0.0013
   448.0    0.0080   0.0013
   449.0    0.0080   0.0013
   450.0    0.0080   0.0013
   451.0    0.0080   0.0013
   452.0    0.0080   0.0013
   453.0    0.0080   0.0013
   454.0    0.0080   0.0013
   455.0    0.0080   0.0013
   456.0    0.0080   0.0013
   457.0    0.0080   0.0013
   458.0    0.0080   0.0013
   459.0    0.0080   0.0013
   460.0    0.0080   0.0013
   461.0    0.0080   0.0013
   462.0    0.0080   0.0013
   463.0    0.0080   0.0013
   464.0    0.0080   0.0013
   465.0    0.0080   0.0013
   466.0    0.0080   0.0013
   467.0    0.0080   0.0013
   468.0    0.0080   0.0013
   469.0    0.0080   0.0013
   470.0    0.0080   0.0013
   471.0    0.0080   0.0013
   472.0    0.0080   0.0013
   473.0    0.0080   0.0013
   474.0    0.0080   0.0013
   475.0    0.0080   0.0013
   476.0    0.0080   0.0013
   477.0    0.0080   0.0013
   478.0    0.0080   0.0013
   479.0    0.0080   0.0013
   480.0    0.0080   0.0013
   481.0    0.0080   0.0013
   482.0    0.0080   0.0013
   483.0    0.0080   0.0013
   484.0    0.0080   0.0013
   485.0    0.0080   0.0013
   486.0    0.0080   0.0013
   487.0    0.0080   0.0013
   488.0    0.0080   0.0013
   489.0    0.0080   0.0013
   490.0    0.0080   0.0013
   491.0    0.0080   0.0013
   492.0    0.0080   0.0013
   493.0    0.0080   0.0013
   494.0    0.0080   0.0013
   495.0    0.0080   0.0013
   496.0    0.0080   0.0013
   497.0    0.0080   0.0013
   498.0    0.0080   0.0013
   499.0    0.0080   0.0013
   500.0    0.0080   0.0013
   501.0    0.0080   0.0013
   502.0    0.0080   0.0013
   503.0    0.0080   0.0013
   504.0    0.0080   0.0013
   505.0    0.0080   0.0013
   506.0    0.0080   0.0013
   507.0    0.0080   0.0013
   508.0    0.0080   0.0013
   509.0    0.0080   0.0013
   510.0    0.0080   0.0013
   511.0    0.0080   0.0013
   512.0    0.0080   0.0013
   513.0    0.0080   0.0013
   514.0    0.0080   0.0013
   515.0    0.0080   0.0013
   516.0    0.0080   0.0013
   517.0    0.0080   0.0013
   518.0    0.0080   0.0013
   519.0    0.0080   0.0013
   520.0    0.0080   0.0013
   521.0    0.0080   0.0013
   522.0    0.0080   0.0013
   523.0    0.0080   0.0013
   524.0    0.0080   0.0013
   525.0    0.0080   0.0013
   526.0    0.0080   0.0013
   527.0    0.0080   0.0013
   528.0    0.0080   0.0013
   529.0    0.0080   0.0013
   530.0    0.0080   0.0013
   531.0    0.0080   0.0013
   532.0    0.0080   0.0013
   533.0    0.0080   0.0013
   534.0    0.0080   0.0013
   535.0    0.0080   0.0013
   536.0    0.0080   0.0013
   537.0    0.0080   0.0013
   538.0    0.0080   0.0013
   539.0    0.0080   0.0013
   540.0    0.0080   0.0013
   541.0    0.0080   0.0013
   542.0    0.0080   0.0013
   543.0    0.0080   0.0013
   544.0    0.0080   0.0013
   545.0    0.0080   0.0013
   546.0    0.0080   0.0013
   547.0    0.0080   0.0013
   548.0    0.0080   0.0013
   549.0    0.0080   0.0013
   550.0    0.0080   0.0013
   551.0    0.0080   0.0013
   552.0    0.0080   0.0013
   553.0    0.0080   0.0013
   554.0    0.0080   0.0013
   555.0    0.0080   0.0013
   556.0    0.0080   0.0013
   557.0    0.0080   0.0013
   558.0    0.0080   0.0013
   559.0    0.0080   0.0013
   560.0    0.0080   0.0013
   561.0    0.0080   0.0013
   562.0    0.0081   0.0013
   563.0    0.0081   0.0013
   564.0    0.0081   0.0013
   565.0    0.0081   0.0013
   566.0    0.0081   0.0013
   567.0    0.0081   0.0013
   568.0    0.0081   0.0013
   569.0    0.0081   0.0013
   570.0    0.0081   0.0013
   571.0    0.0081   0.0013
   572.0    0.0081   0.0013
   573.0    0.0081   0.0013
   574.0    0.0081   0.0013
   575.0    0.0081   0.0013
   576.0    0.0081   0.0013
   577.0    0.0081   0.0013
   578.0    0.0081   0.0013
   579.0    0.0081   0.0013
   580.0    0.0081   0.0013
   581.0    0.0081   0.0013
   582.0    0.0081   0.0013
   583.0    0.0081   0.0013
   584.0    0.0081   0.0013
   585.0    0.0081   0.0013
   586.0    0.0081   0.0013
   587.0    0.0081   0.0013
   588.0    0.0081   0.0013
   589.0    0.0081   0.0013
   590.0    0.0081   0.0013
   591.0    0.0081   0.0013
   592.0    0.0081   0.0013
   593.0    0.0081   0.0013
   594.0    0.0081   0.0013
   595.0    0.0081   0.0013
   596.0    0.0081   0.0013
   597.0    0.0081   0.0013
   598.0    0.0081   0.0013
   599.0    0.0081   0.0013
   600.0    0.0081   0.0013
   601.0    0.0081   0.0013
   602.0    0.0081   0.0013
   603.0    0.0081   0.0013
   604.0    0.0081   0.0013
   605.0    0.0081   0.0013
   606.0    0.0081   0.0013
   607.0    0.0081   0.0013
   608.0    0.0081   0.0013
   609.0    0.0081   0.0013
   610.0    0.0081   0.0013
   611.0    0.0081   0.0013
   612.0    0.0081   0.0013
   613.0    0.0081   0.0013
   614.0    0.0081   0.0013
   615.0    0.0081   0.0013
   616.0    0.0081   0.0013
   617.0    0.0081   0.0013
   618.0    0.0081   0.0013
   619.0    0.0081   0.0013
   620.0    0.0081   0.0013
   621.0    0.0081   0.0013
   622.0    0.0081   0.0013
   623.0    0.0081   0.0013
     141    0.000    0.000      0.0       0.
     142    0.000    0.000      0.0       0.
     143    0.000    0.000      0.0       0.
     144    0.000    0.000      0.0       0.
     145    0.000    0.000      0.0       0.
     146    0.000    0.000      0.0       0.
     147    0.000    0.000      0.0       0.
     148    0.000    0.000      0.0       0.
     149    0.500    0.003     31.6       0.
     150    0.500    0.005     31.6       0.
     151    0.500    0.007     31.6       0.
     152    0.500    0.009     31.6       0.
     153    0.500    0.012     31.6       0.
     154    0.500    0.017     31.6       0.
     155    0.500    0.022     31.6       0.
     156    0.500    0.044     31.6       0.
     157    0.500    0.062     34.5       0.
     158    0.500    0.089     45.1       0.
     159    0.500    0.120     58.6       0.
     160    0.500    0.165     79.6       0.
     161    0.500    0.212    103.5       0.
     162    0.500    0.244    120.4       0.
     163    0.500    0.281    130.7       0.
     164    0.500    0.329    156.0       0.
     165    0.500    0.393    191.2       0.
     166    0.500    0.434    214.6       0.
     167    0.500    0.487    265.5       0.
     168    0.500    0.560    313.8       0.
     169    0.500    0.621    354.7       0.
     170    0.500    0.691    404.1       0.
     171    0.500    0.775    464.9       0.
     172    0.500    0.890    507.6       0.
     173    0.500    1.000    585.9       0.
     174    0.500    1.117    671.7       0.
     175    0.500    1.170    712.0       0.
     176    0.500    1.277    793.6       0.
     177    0.500    1.386    879.0       0.
     178    0.500    1.516    982.5       0.
     179    0.500    1.659   1108.2       0.
     180    0.500    1.809   1233.3       0.
     181    0.500    1.957   1361.5       0.
     182    0.500    2.072   1464.3       0.
     183    0.500    2.156   1543.7       0.
     184    0.500    2.265   1647.3       0.
     185    0.500    2.396   1775.8       0.
     186    0.500    2.550   1932.4       0.
     187    0.500    2.616   2006.2       0.
     188    0.500    2.698   2099.1       0.
     189    0.500    2.781   2195.5       0.
     190    0.500    2.898   2333.8       0.
     191    0.500    3.032   2499.2       0.
     192    0.500    3.199   2714.7       0.
     193    0.500    3.402   2995.6       0.
     194    0.500    3.610   3306.1       0.
     195    0.500    3.794   3602.6       0.
     196    0.500    0.000   3643.0       0.
     197    0.500    0.000   3642.4       0.
     198    0.500    0.000   3641.7       0.
     199    0.500    0.000   3641.0       0.
     200    0.500    0.000   3640.4       0.
     201    0.500    0.000   3639.7       0.
     202    0.500    0.000   3639.0       0.
     203    0.500    0.000   3638.4       0.
     204    0.500    0.000   3637.7       0.
     205    0.500    0.000   3637.0       0.
     206    0.500    0.000   3636.4       0.
     207    0.500    0.000   3635.7       0.
     208    0.500    0.000   3635.0       0.
     209    0.500    0.000   3634.4       0.
     210    0.500    0.000   3633.7       0.
     211    0.500    0.000   3633.0       0.
     212    0.500    0.000   3632.4       0.
     213    0.500    0.000   3631.7       0.
     214    0.500    0.000   3631.0       0.
     215    0.500    0.000   3630.4       0.
     216    0.500    0.000   3629.7       0.
     217    0.500    0.000   3629.0       0.
     218    0.500    0.000   3628.4       0.
     219    0.500    0.000   3627.7       0.
     220    0.500    0.000   3627.0       0.
     221    0.500    0.000   3626.4       0.
     222    0.500    0.000   3625.7       0.
     223    0.500    0.000   3625.0       0.
     224    0.500    0.000   3591.4       0.
     225    0.500    0.000   3555.5       0.
     226    0.500    0.000   3516.8       0.
     227    0.500    0.000   3475.5       0.
     228    0.500    0.000   3431.7       0.
     229    0.500    0.000   3385.7       0.
     230    0.500    0.000   3338.2       0.
     231    0.500    0.000   3289.4       0.
     232    0.500    0.000   3239.2       0.
     233    0.500    0.000   3186.8       0.
     234    0.500    0.000   3132.3       0.
     235    0.500    0.000   3076.5       0.
     236    0.500    0.000   3019.6       0.
     237    0.500    0.000   2961.3       0.
     238    0.500    0.000   2901.4       0.
     239    0.500    0.000   2840.2       0.
     240    0.500    0.000   2840.2       0.
     241    0.500    0.000   2840.2       0.
     242    0.500    0.000   2840.2       0.
     243    0.500    0.000   2840.2       0.
     244    0.500    0.000   2840.2       0.
     245    0.500    0.000   2840.2       0.
     246    0.500    0.000   2840.2       0.
     247    0.500    0.000   2840.2       0.
     248    0.500    0.000   2840.2       0.
     249    0.500    0.000   2840.2       0.
     250    0.500    0.000   2840.2       0.
     251    0.500    0.000   2840.2       0.
     252    0.500    0.000   2840.2       0.
     253    0.500    0.000   2840.2       0.
     254    0.500    0.000   2840.2       0.
     255    0.500    0.000   2840.2       0.
     256    0.500    0.000   2840.2       0.
     257    0.500    0.000   2840.2       0.
     258    0.500    0.000   2840.2       0.
     259    0.500    0.000   2840.2       0.
     260    0.500    0.000   2840.2       0.
     261    0.500    0.000   2840.2       0.
     262    0.500    0.000   2840.2       0.
     263    0.500    0.000   2840.2       0.
     264    0.500    0.000   2840.2       0.
     265    0.500    0.000   2840.2       0.
     266    0.500    0.000   2840.2       0.
     267    0.500    0.000   2840.2       0.
     268    0.500    0.000   2840.2       0.
     269    0.500    0.000   2840.2       0.
     270    0.500    0.000   2840.2       0.
     271    0.500    0.000   2840.2       0.
     272    0.500    0.000   2840.2       0.
     273    0.500    0.000   2840.2       0.
     274    0.500    0.000   2840.2       0.
     275    0.500    0.000   2840.2       0.
     276    0.500    0.000   2840.2       0.
     277    0.500    0.000   2840.2       0.
     278    0.500    0.000   2840.2       0.
     279    0.500    0.000   2840.2       0.
     280    0.500    0.000   2840.2       0.
     281    0.500    0.000   2840.2       0.
     282    0.500    0.000   2840.2       0.
     283    0.500    0.000   2840.2       0.
     284    0.500    0.000   2840.2       0.
     285    0.500    0.000   2840.2       0.
     286    0.500    0.000   2840.2       0.
     287    0.500    0.000   2840.2       0.
     288    0.500    0.000   2840.2       0.
     289    0.500    0.000   2840.2       0.
     290    0.500    0.000   2840.2       0.
     291    0.500    0.000   2840.2       0.
     292    0.500    0.000   2840.2       0.
     293    0.500    0.000   2840.2       0.
     294    0.500    0.000   2840.2       0.
     295    0.500    0.000   2840.2       0.
     296    0.500    0.000   2840.2       0.
     297    0.500    0.000   2840.2       0.
     298    0.500    0.000   2840.2       0.
     299    0.500    0.000   2840.2       0.
