        2013
   206.0   0.00       0.00       0.00       0.00       0.00    
   207.0   0.00       0.00       0.00       2.00       0.00    
   208.0   0.00       0.00       0.00       2.00       0.00    
   209.0   0.00       0.00       0.00       2.00       0.00    
   210.0   0.00       0.00       0.00       2.00       0.00    
   211.0   0.00       0.00       0.00       2.00       0.00    
   212.0   0.00       0.00       0.00       2.00       0.00    
   213.0   0.00       0.00       0.00       2.00       0.00    
   214.0   3.50       3.00       0.00       2.00       0.00    
   215.0   3.50       3.00       0.00       2.13       0.00    
   216.0   3.50       2.89       0.00       2.13       0.00    
   217.0   3.50       2.89       0.00       2.13       0.00    
   218.0   3.50       2.89       0.00       2.13       0.00    
   219.0   3.50       2.89       0.00       2.13       0.00    
   220.0   3.50       2.89       0.00       2.13       0.00    
   221.0   3.50       2.89       0.00       2.13       0.00    
   222.0   3.50       2.89       0.00       2.13       0.00    
   223.0   3.50       2.89       0.00       2.13       0.00    
   224.0   3.50       2.89       0.00       2.13       0.00    
   225.0   3.50       2.82       0.00       2.13       0.00    
   226.0   3.50       2.53       0.00       2.13       0.00    
   227.0   3.50       2.47       0.00       2.13       0.00    
   228.0   3.49       2.24       0.00       2.13       0.00    
   229.0   3.49       2.14       0.00       2.13       0.00    
   230.0   3.49       2.14       0.00       2.13       0.00    
   231.0   3.49       2.14       0.00       2.13       0.00    
   232.0   3.49       2.14       0.00       2.13       0.00    
   233.0   3.49       2.14       0.00       2.13       0.00    
   234.0   3.49       2.14       0.00       2.13       0.00    
   235.0   3.49       2.14       0.00       2.13       0.00    
   236.0   3.49       2.14       0.00       2.13       0.00    
   237.0   3.49       2.14       0.00       2.13       0.00    
   238.0   3.49       2.14       0.00       2.13       0.00    
   239.0   3.49       2.14       0.00       2.13       0.00    
   240.0   3.49       2.14       0.00       2.13       0.00    
   241.0   3.49       2.14       0.00       2.13       0.00    
   242.0   3.49       2.14       0.00       2.13       0.00    
   243.0   3.49       2.14       0.00       2.13       0.00    
   244.0   3.49       2.14       0.00       2.13       0.00    
   245.0   3.49       2.08       0.00       2.13       0.00    
   246.0   3.49       2.02       0.00       2.13       0.00    
   247.0   3.49       2.02       0.00       2.13       0.00    
   248.0   3.49       2.02       0.00       2.13       0.00    
   249.0   3.49       2.02       0.00       2.13       0.00    
   250.0   3.49       2.02       0.00       2.13       0.00    
   251.0   3.49       2.02       0.00       2.13       0.00    
   252.0   3.49       2.02       0.00       2.13       0.00    
   253.0   3.49       2.02       0.00       2.13       0.00    
   254.0   3.49       2.02       0.00       2.13       0.00    
   255.0   3.49       2.02       0.00       2.13       0.00    
   256.0   3.49       1.85       0.00       2.12       0.00    
   257.0   3.49       1.74       0.00       2.12       0.00    
   258.0   3.49       1.74       0.00       2.12       0.00    
   259.0   3.49       1.74       0.00       2.12       0.00    
   260.0   3.49       1.74       0.00       2.12       0.00    
   261.0   3.49       1.74       0.00       2.12       0.00    
   262.0   3.49       1.74       0.00       2.12       0.00    
   263.0   3.48       1.61       0.00       2.12       0.00    
   264.0   3.48       1.50       0.00       2.12       0.00    
   265.0   3.48       1.50       0.00       2.12       0.00    
   266.0   3.48       1.50       0.00       2.12       0.00    
   267.0   3.48       1.50       0.00       2.12       0.00    
   268.0   3.48       1.50       0.00       2.12       0.00    
   269.0   3.48       1.50       0.00       2.12       0.00    
   270.0   3.48       1.50       0.00       2.12       0.00    
   271.0   3.48       1.50       0.00       2.12       0.00    
   272.0   3.48       1.46       0.00       2.12       0.00    
   273.0   3.48       1.46       0.00       2.12       0.00    
   274.0   3.48       1.46       0.00       2.12       0.00    
   275.0   3.48       2.59       0.00       4.11       0.00    
   276.0   3.48       2.59       0.00       4.11       0.00    
   277.0   3.48       2.59       0.00       4.11       0.00    
   278.0   3.48       2.45       0.00       4.11       0.00    
   279.0   3.48       2.44       0.00       4.11       0.00    
   280.0   3.48       2.29       0.00       4.10       0.00    
   281.0   3.48       2.29       0.00       4.10       0.00    
   282.0   3.48       2.29       0.00       4.10       0.00    
   283.0   3.48       2.29       0.00       4.10       0.00    
   284.0   3.48       2.29       0.00       4.10       0.00    
   285.0   3.48       2.03       0.00       4.10       0.00    
   286.0   3.47       1.70       4.00       4.09       0.00    
   287.0   3.47       1.53       4.00       4.09       0.00    
   288.0   3.47       1.48       4.00       4.09       0.00    
   289.0   3.47       1.47       4.00       4.09       0.00    
   290.0   3.47       1.32       4.00       4.08       0.00    
   291.0   3.47       1.29       4.00       4.08       0.00    
   292.0   3.47       1.25       4.00       4.08       0.00    
   293.0   3.47       1.14       4.00       4.08       0.00    
   294.0   3.47       1.14       4.00       4.08       0.00    
   295.0   3.47       1.14       4.00       4.08       4.00    
   296.0   3.47       1.14       4.00       4.08       4.00    
   297.0   3.47       1.14       4.00       4.08       4.00    
   298.0   3.47       1.14       4.00       4.08       4.00    
   299.0   3.47       1.14       4.00       4.08       4.00    
   300.0   3.46       1.14       4.00       4.08       4.00    
   301.0   3.46       1.14       4.00       4.08       4.00    
   302.0   3.45       1.14       4.00       4.08       4.00    
   303.0   3.45       1.14       4.00       4.08       4.00    
   304.0   3.45       1.14       4.00       4.08       4.00    
   305.0   3.43       1.14       4.00       4.08       4.00    
   306.0   3.43       1.14       4.00       4.08       4.00    
   307.0   3.42       1.14       4.00       4.08       4.00    
   308.0   3.42       1.14       4.00       4.08       4.00    
   309.0   3.42       1.14       4.00       4.09       4.00    
   310.0   3.42       1.14       4.00       4.09       4.00    
   311.0   3.42       1.14       4.00       4.09       4.00    
   312.0   3.41       1.14       4.00       4.09       4.00    
   313.0   3.40       1.14       4.00       4.09       4.00    
   314.0   3.40       1.14       4.00       4.09       4.00    
   315.0   3.40       1.14       4.00       4.09       4.00    
   316.0   3.40       1.14       4.00       4.09       4.00    
   317.0   3.40       1.14       4.00       4.09       4.00    
   318.0   3.40       1.14       4.00       4.09       4.00    
   319.0   3.40       1.14       4.00       4.09       4.00    
   320.0   3.40       1.14       4.00       4.09       4.00    
   321.0   3.40       1.14       4.00       4.09       4.00    
   322.0   3.40       1.14       4.00       4.09       4.00    
   323.0   3.40       1.14       4.00       4.09       4.00    
   324.0   3.40       1.14       4.00       4.09       4.00    
   325.0   3.40       1.14       4.00       4.09       4.00    
   326.0   3.40       1.14       4.00       4.09       4.00    
   327.0   3.40       1.14       4.00       4.09       4.00    
   328.0   3.40       1.14       4.00       4.09       4.00    
   329.0   3.40       1.14       4.00       4.09       4.00    
   330.0   3.40       1.14       4.00       4.09       4.00    
   331.0   3.40       1.14       4.00       4.09       4.00    
   332.0   3.40       1.14       4.00       4.09       4.00    
   333.0   3.40       1.14       4.00       4.09       4.00    
   334.0   3.40       1.14       4.00       4.09       4.00    
   335.0   3.40       1.14       4.00       4.09       4.00    
   336.0   3.40       1.14       4.00       4.09       4.00    
   337.0   3.40       1.14       4.00       4.09       4.00    
   338.0   3.40       1.14       4.00       4.09       4.00    
   339.0   3.40       1.14       4.00       4.09       4.00    
   340.0   3.40       1.14       4.00       4.09       4.00    
   341.0   3.40       1.14       4.00       4.09       4.00    
   342.0   3.40       1.14       4.00       4.09       4.00    
   343.0   3.40       1.14       4.00       4.09       4.00    
   344.0   3.40       1.14       4.00       4.09       4.00    
   345.0   3.40       1.14       4.00       4.09       4.00    
   346.0   3.40       1.14       4.00       4.09       4.00    
   347.0   3.40       1.14       4.00       4.09       4.00    
   348.0   3.40       1.14       4.00       4.09       4.00    
   349.0   3.40       1.14       4.00       4.09       4.00    
   350.0   3.40       1.14       4.00       4.09       4.00    
   351.0   3.40       1.14       4.00       4.09       4.00    
   352.0   3.40       1.14       4.00       4.09       4.00    
   353.0   3.40       1.14       4.00       4.09       4.00    
   354.0   3.40       1.14       4.00       4.09       4.00    
   355.0   3.40       1.14       4.00       4.09       4.00    
   356.0   3.40       1.14       4.00       4.09       4.00    
   357.0   3.40       1.14       4.00       4.09       4.00    
   358.0   3.40       1.14       4.00       4.09       4.00    
   359.0   3.40       1.14       4.00       4.09       4.00    
   360.0   3.40       1.14       4.00       4.09       4.00    
   361.0   3.40       1.14       4.00       4.09       4.00    
   362.0   3.40       1.14       4.00       4.09       4.00    
   363.0   3.40       1.14       4.00       4.09       4.00    
   364.0   3.40       1.14       4.00       4.09       4.00    
   365.0   3.40       1.14       4.00       4.09       4.00    
   366.0   3.40       1.14       4.00       4.09       4.00    
   367.0   3.40       1.14       4.00       4.09       4.00    
   368.0   3.40       1.14       4.00       4.09       4.00    
   369.0   3.40       1.14       4.00       4.09       4.00    
   370.0   3.40       1.14       4.00       4.09       4.00    
   371.0   3.40       1.14       4.00       4.09       4.00    
   372.0   3.40       1.14       4.00       4.09       4.00    
   373.0   3.40       1.14       4.00       4.09       4.00    
   374.0   3.40       1.14       4.00       4.09       4.00    
   375.0   3.40       1.14       4.00       4.09       4.00    
   376.0   3.40       1.14       4.00       4.09       4.00    
   377.0   3.40       1.14       4.00       4.09       4.00    
   378.0   3.40       1.14       4.00       4.09       4.00    
   379.0   3.40       1.14       4.00       4.09       4.00    
   380.0   3.40       1.14       4.00       4.09       4.00    
   381.0   3.40       1.14       4.00       4.09       4.00    
   382.0   3.40       1.14       4.00       4.09       4.00    
   383.0   3.40       1.14       4.00       4.09       4.00    
   384.0   3.40       1.14       4.00       4.09       4.00    
   385.0   3.40       1.14       4.00       4.09       4.00    
   386.0   3.40       1.14       4.00       4.09       4.00    
   387.0   3.40       1.14       4.00       4.09       4.00    
   388.0   3.40       1.14       4.00       4.09       4.00    
   389.0   3.40       1.14       4.00       4.09       4.00    
   390.0   3.40       1.14       4.00       4.09       4.00    
   391.0   3.40       1.14       4.00       4.09       4.00    
   392.0   3.40       1.14       4.00       4.09       4.00    
   393.0   3.40       1.14       4.00       4.09       4.00    
   394.0   3.40       1.14       4.00       4.09       4.00    
   395.0   3.40       1.14       4.00       4.09       4.00    
   396.0   3.40       1.14       4.00       4.09       4.00    
   397.0   3.40       1.14       4.00       4.09       4.00    
   398.0   3.40       1.14       4.00       4.09       4.00    
   399.0   3.40       1.14       4.00       4.09       4.00    
   400.0   3.40       1.14       4.00       4.09       4.00    
   401.0   3.40       1.14       4.00       4.09       4.00    
   402.0   3.40       1.14       4.00       4.09       4.00    
   403.0   3.40       1.14       4.00       4.09       4.00    
   404.0   3.40       1.14       4.00       4.09       4.00    
   405.0   3.40       1.14       4.00       4.09       4.00    
   406.0   3.40       1.14       4.00       4.09       4.00    
   407.0   3.40       1.14       4.00       4.09       4.00    
   408.0   3.40       1.14       4.00       4.09       4.00    
   409.0   3.40       1.14       4.00       4.09       4.00    
   410.0   3.40       1.14       4.00       4.09       4.00    
   411.0   3.40       1.14       4.00       4.09       4.00    
   412.0   3.40       1.14       4.00       4.09       4.00    
   413.0   3.40       1.14       4.00       4.09       4.00    
   414.0   3.40       1.14       4.00       4.09       4.00    
   415.0   3.40       1.14       4.00       4.09       4.00    
   416.0   3.40       1.14       4.00       4.09       4.00    
   417.0   3.40       1.14       4.00       4.09       4.00    
   418.0   3.40       1.14       4.00       4.09       4.00    
   419.0   3.40       1.14       4.00       4.09       4.00    
   420.0   3.40       1.14       4.00       4.09       4.00    
   421.0   3.40       1.14       4.00       4.09       4.00    
   422.0   3.40       1.14       4.00       4.09       4.00    
   423.0   3.40       1.14       4.00       4.09       4.00    
   424.0   3.40       1.14       4.00       4.09       4.00    
   425.0   3.40       1.14       4.00       4.09       4.00    
   426.0   3.40       1.14       4.00       4.09       4.00    
   427.0   3.40       1.14       4.00       4.09       4.00    
   428.0   3.40       1.14       4.00       4.09       4.00    
   429.0   3.40       1.14       4.00       4.09       4.00    
   430.0   3.40       1.14       4.00       4.09       4.00    
   431.0   3.40       1.14       4.00       4.09       4.00    
   432.0   3.40       1.14       4.00       4.09       4.00    
   433.0   3.40       1.14       4.00       4.09       4.00    
   434.0   3.40       1.14       4.00       4.09       4.00    
   435.0   3.40       1.14       4.00       4.09       4.00    
   436.0   3.40       1.14       4.00       4.09       4.00    
   437.0   3.40       1.14       4.00       4.09       4.00    
   438.0   3.40       1.14       4.00       4.09       4.00    
   439.0   3.40       1.14       4.00       4.09       4.00    
   440.0   3.40       1.14       4.00       4.09       4.00    
   441.0   3.40       1.14       4.00       4.09       4.00    
   442.0   3.40       1.14       4.00       4.09       4.00    
   443.0   3.40       1.14       4.00       4.09       4.00    
   444.0   3.40       1.14       4.00       4.09       4.00    
   445.0   3.40       1.14       4.00       4.09       4.00    
   446.0   3.40       1.14       4.00       4.09       4.00    
   447.0   3.40       1.14       4.00       4.09       4.00    
   448.0   3.40       1.14       4.00       4.09       4.00    
   449.0   3.40       1.14       4.00       4.09       4.00    
   450.0   3.40       1.14       4.00       4.09       4.00    
   451.0   3.40       1.14       4.00       4.09       4.00    
   452.0   3.40       1.14       4.00       4.09       4.00    
   453.0   3.40       1.14       4.00       4.09       4.00    
   454.0   3.40       1.14       4.00       4.09       4.00    
   455.0   3.40       1.14       4.00       4.09       4.00    
   456.0   3.40       1.14       4.00       4.09       4.00    
   457.0   3.40       1.14       4.00       4.09       4.00    
   458.0   3.40       1.14       4.00       4.09       4.00    
   459.0   3.40       1.14       4.00       4.09       4.00    
   460.0   3.40       1.14       4.00       4.09       4.00    
   461.0   3.40       1.14       4.00       4.09       4.00    
   462.0   3.40       1.14       4.00       4.09       4.00    
   463.0   3.40       1.14       4.00       4.09       4.00    
   464.0   3.40       1.14       4.00       4.09       4.00    
   465.0   3.40       1.14       4.00       4.09       4.00    
   466.0   3.40       1.14       4.00       4.09       4.00    
   467.0   3.40       1.14       4.00       4.09       4.00    
   468.0   3.40       1.14       4.00       4.09       4.00    
   469.0   3.40       1.14       4.00       4.09       4.00    
   470.0   3.40       1.14       4.00       4.09       4.00    
   471.0   3.40       1.14       4.00       4.09       4.00    
   472.0   3.40       1.14       4.00       4.09       4.00    
   473.0   3.40       1.14       4.00       4.09       4.00    
   474.0   3.40       1.14       4.00       4.09       4.00    
   475.0   3.40       1.14       4.00       4.09       4.00    
   476.0   3.40       1.14       4.00       4.09       4.00    
   477.0   3.40       1.14       4.00       4.09       4.00    
   478.0   3.40       1.14       4.00       4.09       4.00    
   479.0   3.40       1.14       4.00       4.09       4.00    
   480.0   3.40       1.14       4.00       4.09       4.00    
   481.0   3.40       1.14       4.00       4.09       4.00    
   482.0   3.40       1.14       4.00       4.09       4.00    
   483.0   3.40       1.14       4.00       4.09       4.00    
   484.0   3.40       1.14       4.00       4.09       4.00    
   485.0   3.40       1.14       4.00       4.09       4.00    
   486.0   3.40       1.14       4.00       4.09       4.00    
   487.0   3.40       1.14       4.00       4.09       4.00    
   488.0   3.40       1.14       4.00       4.09       4.00    
   489.0   3.40       1.14       4.00       4.09       4.00    
   490.0   3.40       1.14       4.00       4.09       4.00    
   491.0   3.40       1.14       4.00       4.09       4.00    
   492.0   3.40       1.14       4.00       4.09       4.00    
   493.0   3.40       1.14       4.00       4.09       4.00    
   494.0   3.40       1.14       4.00       4.09       4.00    
   495.0   3.40       1.14       4.00       4.09       4.00    
   496.0   3.40       1.14       4.00       4.09       4.00    
   497.0   3.40       1.14       4.00       4.09       4.00    
   498.0   3.40       1.14       4.00       4.09       4.00    
   499.0   3.40       1.14       4.00       4.09       4.00    
   500.0   3.40       1.14       4.00       4.09       4.00    
   501.0   3.40       1.14       4.00       4.09       4.00    
   502.0   3.40       1.14       4.00       4.09       4.00    
   503.0   3.40       1.14       4.00       4.09       4.00    
   504.0   3.40       1.14       4.00       4.09       4.00    
   505.0   3.40       1.14       4.00       4.09       4.00    
   506.0   3.40       1.14       4.00       4.09       4.00    
   507.0   3.40       1.14       4.00       4.09       4.00    
   508.0   3.40       1.14       4.00       4.09       4.00    
   509.0   3.40       1.14       4.00       4.09       4.00    
   510.0   3.40       1.14       4.00       4.09       4.00    
   511.0   3.40       1.14       4.00       4.09       4.00    
   512.0   3.40       1.14       4.00       4.09       4.00    
   513.0   3.40       1.14       4.00       4.09       4.00    
   514.0   3.40       1.14       4.00       4.09       4.00    
   515.0   3.40       1.14       4.00       4.09       4.00    
   516.0   3.40       1.14       4.00       4.09       4.00    
   517.0   3.40       1.14       4.00       4.09       4.00    
   518.0   3.40       1.14       4.00       4.09       4.00    
   519.0   3.40       1.14       4.00       4.09       4.00    
   520.0   3.40       1.14       4.00       4.09       4.00    
   521.0   3.40       1.14       4.00       4.09       4.00    
   522.0   3.40       1.14       4.00       4.09       4.00    
   523.0   3.40       1.14       4.00       4.09       4.00    
   524.0   3.40       1.14       4.00       4.09       4.00    
   525.0   3.40       1.14       4.00       4.09       4.00    
   526.0   3.40       1.14       4.00       4.09       4.00    
   527.0   3.40       1.14       4.00       4.09       4.00    
   528.0   3.40       1.11       4.00       4.09       4.00    
   529.0   3.39       1.05       4.00       4.08       4.00    
   530.0   3.39       1.05       4.00       4.08       4.00    
   531.0   3.39       1.05       4.00       4.08       4.00    
   532.0   3.39       1.05       4.00       4.08       4.00    
   533.0   3.39       1.05       4.00       4.08       4.00    
   534.0   3.39       1.05       4.00       4.08       4.00    
   535.0   3.39       1.05       4.00       4.08       4.00    
   536.0   3.39       1.05       4.00       4.08       4.00    
   537.0   3.39       1.05       4.00       4.08       4.00    
   538.0   3.39       1.05       4.00       4.08       4.00    
   539.0   3.39       1.05       4.00       4.08       4.00    
   540.0   3.39       1.05       4.00       4.08       4.00    
   541.0   3.39       1.05       4.00       4.08       4.00    
   542.0   3.39       1.05       4.00       4.08       4.00    
   543.0   3.39       1.05       4.00       4.08       4.00    
   544.0   3.39       1.05       3.99       4.08       4.00    
   545.0   3.39       1.05       4.00       4.08       4.00    
   546.0   3.39       1.05       4.00       4.08       4.00    
   547.0   3.39       1.05       4.00       4.08       4.00    
   548.0   3.39       1.05       4.00       4.08       4.00    
   549.0   3.39       1.02       4.00       4.08       4.00    
   550.0   3.39       1.01       4.00       4.08       4.00    
   551.0   3.39       1.01       4.00       4.08       4.00    
   552.0   3.39       1.01       4.00       4.08       4.00    
   553.0   3.39       1.01       4.00       4.08       4.00    
   554.0   3.39       1.01       4.00       4.08       4.00    
   555.0   3.39       1.00       4.00       4.08       4.00    
   556.0   3.39       1.00       4.00       4.08       4.00    
   557.0   3.39       1.00       4.00       4.08       4.00    
   558.0   3.39       1.00       4.00       4.08       4.00    
   559.0   3.39       1.00       4.00       4.08       4.00    
   560.0   3.39      0.973       4.00       4.08       4.00    
   561.0   3.39      0.926       4.00       4.08       4.00    
   562.0   3.39      0.888       4.00       4.07       4.00    
   563.0   3.39      0.853       4.00       4.07       4.00    
   564.0   3.39      0.853       4.00       4.07       4.00    
   565.0   3.39      0.853       4.00       4.07       4.00    
   566.0   3.39      0.853       4.00       4.07       4.00    
   567.0   3.39      0.853       4.00       4.07       4.00    
   568.0   3.39      0.853       4.00       4.07       4.00    
   569.0   3.39      0.853       4.00       4.07       4.00    
   570.0   3.39      0.853       4.00       4.07       4.00    
   571.0   3.39      0.853       4.00       4.07       4.00    
   572.0   3.39      0.853       4.00       4.07       4.00    
   573.0   3.39      0.853       4.00       4.07       4.00    
   574.0   3.39      0.853       4.00       4.07       4.00    
   575.0   3.39      0.849       4.00       4.07       4.00    
   576.0   3.39      0.849       4.00       4.07       4.00    
   577.0   3.39      0.849       4.00       4.07       4.00    
   578.0   3.39      0.849       4.00       4.07       4.00    
   579.0   3.39      0.849       4.00       4.07       4.00    
   580.0   3.39      0.849       4.00       4.07       4.00    
   581.0   3.39      0.849       4.00       4.07       4.00    
   582.0   3.39      0.849       4.00       4.07       4.00    
   583.0   3.39      0.849       4.00       4.07       4.00    
   584.0   3.39      0.849       4.00       4.07       4.00    
   585.0   3.39      0.849       4.00       4.07       4.00    
   586.0   3.39      0.849       4.00       4.07       4.00    
   587.0   3.39      0.849       4.00       4.07       4.00    
   588.0   3.39      0.849       4.00       4.07       4.00    
   589.0   3.39      0.849       4.00       4.07       4.00    
   590.0   3.39      0.849       4.00       4.07       4.00    
   591.0   3.39      0.849       4.00       4.07       4.00    
   592.0   3.39      0.849       4.00       4.07       4.00    
   593.0   3.39      0.849       4.00       4.07       4.00    
   594.0   3.39      0.849       4.00       4.07       4.00    
   595.0   3.39      0.849       4.00       4.07       4.00    
   596.0   3.39      0.849       4.00       4.07       4.00    
   597.0   3.39      0.849       4.00       4.07       4.00    
   598.0   3.39      0.849       4.00       4.07       4.00    
   599.0   3.39      0.849       4.00       4.07       4.00    
   600.0   3.39      0.849       4.00       4.07       4.00    
   601.0   3.39      0.849       4.00       4.07       4.00    
   602.0   3.39      0.849       4.00       4.07       4.00    
   603.0   3.39      0.849       4.00       4.07       4.00    
   604.0   3.39      0.849       4.00       4.07       4.00    
   605.0   3.39      0.849       4.00       4.07       4.00    
   606.0   3.39      0.849       4.00       4.07       4.00    
   607.0   3.39      0.849       4.00       4.07       4.00    
   608.0   3.39      0.849       4.00       4.07       4.00    
   609.0   3.39      0.849       4.00       4.07       4.00    
   610.0   3.39      0.849       4.00       4.07       4.00    
   611.0   3.39      0.849       4.00       4.07       4.00    
   612.0   3.39      0.849       4.00       4.07       4.00    
   613.0   3.39      0.849       4.00       4.07       4.00    
   614.0   3.39      0.849       4.00       4.07       4.00    
   615.0   3.39      0.849       4.00       4.07       4.00    
   616.0   3.39      0.849       4.00       4.07       4.00    
   617.0   3.39      0.849       4.00       4.07       4.00    
   618.0   3.39      0.849       4.00       4.07       4.00    
   619.0   3.38      0.849       4.00       4.07       4.00    
   620.0   3.37      0.849       4.00       4.07       4.00    
   621.0   3.34      0.848       4.00       4.07       4.00    
   622.0   3.30      0.848       4.00       4.07       4.00    
   623.0   3.27      0.847       4.00       4.07       4.00    
