        2013
   206.0  0.00000  0.02400  0.02400  0.00439  0.00500  1.00000  0.00000  0.00000
   207.0  0.00000  0.02400  0.02400  0.00439  0.00500  1.00000  0.00000  0.00000
   208.0  0.00693  0.02400  0.02000  0.00439  0.00500  1.00000  0.00000  0.00000
   209.0  0.01373  0.02402  0.02000  0.00439  0.00500  1.00000  0.00000  0.00000
   210.0  0.02052  0.02404  0.02000  0.00439  0.00500  1.00000  0.00000  0.00000
   211.0  0.02714  0.02406  0.02000  0.00440  0.00500  1.00000  0.00000  0.00000
   212.0  0.03357  0.02409  0.02000  0.00440  0.00500  1.00000  0.00000  0.00000
   213.0  0.04003  0.02411  0.02000  0.00441  0.00500  1.00000  0.00000  0.00000
   214.0  0.04649  0.02413  0.02000  0.00441  0.00500  1.00000  0.00000  0.00000
   215.0  0.04921  0.02415  0.02020  0.00441  0.00500  1.00000  0.00000  0.00000
   216.0  0.05203  0.02416  0.02601  0.00442  0.00500  1.00000  0.00000  0.00000
   217.0  0.05478  0.02416  0.02601  0.00442  0.00500  1.00000  0.00000  0.00000
   218.0  0.05749  0.02417  0.02601  0.00442  0.00500  1.00000  0.00000  0.00000
   219.0  0.06023  0.02418  0.02601  0.00442  0.00500  1.00000  0.00000  0.00000
   220.0  0.06302  0.02419  0.02601  0.00442  0.00500  1.00000  0.00000  0.00000
   221.0  0.06578  0.02420  0.02601  0.00442  0.00500  1.00000  0.00000  0.00000
   222.0  0.06852  0.02421  0.02601  0.00442  0.00500  1.00000  0.00000  0.00000
   223.0  0.08093  0.02422  0.02601  0.00443  0.00500  1.00000  0.00000  0.00000
   224.0  0.09338  0.02426  0.02601  0.00443  0.00500  1.00000  0.00000  0.00000
   225.0  0.10617  0.02430  0.02601  0.00444  0.00500  1.00000  0.00000  0.00000
   226.0  0.11917  0.02434  0.02600  0.00445  0.00500  1.00000  0.00000  0.00000
   227.0  0.13225  0.02438  0.02598  0.00446  0.00500  1.00000  0.00000  0.00000
   228.0  0.14511  0.02442  0.02597  0.00446  0.00500  1.00000  0.00000  0.00000
   229.0  0.15774  0.02446  0.02595  0.00447  0.00500  1.00000  0.00000  0.00000
   230.0  0.17031  0.02450  0.02594  0.00448  0.00500  1.00000  0.00000  0.00000
   231.0  0.18274  0.02454  0.02594  0.00449  0.00500  1.00000  0.00000  0.00000
   232.0  0.19510  0.02458  0.02594  0.00449  0.00500  1.00000  0.00000  0.00000
   233.0  0.20755  0.02462  0.02594  0.00450  0.00500  1.00000  0.00000  0.00000
   234.0  0.21996  0.02466  0.02594  0.00451  0.00500  1.00000  0.00000  0.00000
   235.0  0.23243  0.02470  0.02594  0.00451  0.00500  1.00000  0.00000  0.00000
   236.0  0.24492  0.02474  0.02594  0.00452  0.00500  1.00000  0.00000  0.00000
   237.0  0.25958  0.02478  0.02594  0.00453  0.00500  1.00000  0.00000  0.00000
   238.0  0.27419  0.02483  0.02594  0.00454  0.00500  1.00000  0.00000  0.00000
   239.0  0.28883  0.02488  0.02594  0.00455  0.00500  1.00000  0.00000  0.00000
   240.0  0.30339  0.02492  0.02594  0.00456  0.00500  1.00000  0.00000  0.00000
   241.0  0.31783  0.02497  0.02594  0.00456  0.00500  1.00000  0.00000  0.00000
   242.0  0.33238  0.02502  0.02594  0.00457  0.00500  1.00000  0.00000  0.00000
   243.0  0.34677  0.02507  0.02594  0.00458  0.00500  1.00000  0.00000  0.00000
   244.0  0.36122  0.02511  0.02594  0.00459  0.00500  1.00000  0.00000  0.00000
   245.0  0.37618  0.02516  0.02594  0.00460  0.00500  1.00000  0.00000  0.00000
   246.0  0.39128  0.02521  0.02593  0.00461  0.00500  1.00000  0.00000  0.00000
   247.0  0.40578  0.02526  0.02592  0.00462  0.00500  1.00000  0.00000  0.00000
   248.0  0.42009  0.02531  0.02592  0.00463  0.00500  1.00000  0.00000  0.00000
   249.0  0.43445  0.02536  0.02592  0.00463  0.00500  1.00000  0.00000  0.00000
   250.0  0.44901  0.02540  0.02592  0.00464  0.00500  1.00000  0.00000  0.00000
   251.0  0.46353  0.02545  0.02592  0.00465  0.00500  1.00000  0.00000  0.00000
   252.0  0.47801  0.02550  0.02592  0.00466  0.00500  1.00000  0.00000  0.00000
   253.0  0.49236  0.02555  0.02592  0.00467  0.00500  1.00000  0.00000  0.00000
   254.0  0.50682  0.02560  0.02592  0.00468  0.00500  1.00000  0.00000  0.00000
   255.0  0.52193  0.02565  0.02592  0.00469  0.00500  1.00000  0.00000  0.00000
   256.0  0.53752  0.02570  0.02592  0.00470  0.00500  1.00000  0.00000  0.00000
   257.0  0.55304  0.02575  0.02590  0.00471  0.00500  1.00000  0.00000  0.00000
   258.0  0.56864  0.02580  0.02588  0.00472  0.00500  1.00000  0.00000  0.00000
   259.0  0.35292  0.02508  0.02588  0.00458  0.00500  1.00000  0.00000  0.00000
   260.0  0.36829  0.02513  0.02588  0.00459  0.00500  1.00000  0.00000  0.00000
   261.0  0.38257  0.02519  0.02588  0.00460  0.00500  1.00000  0.00000  0.00000
   262.0  0.39698  0.02523  0.02588  0.00461  0.00500  1.00000  0.00000  0.00000
   263.0  0.41260  0.02528  0.02588  0.00462  0.00500  1.00000  0.00000  0.00000
   264.0  0.42826  0.02533  0.02586  0.00463  0.00500  1.00000  0.00000  0.00000
   265.0  0.44351  0.02538  0.02583  0.00464  0.00500  1.00000  0.00000  0.00000
   266.0  0.45864  0.02543  0.02583  0.00465  0.00500  1.00000  0.00000  0.00000
   267.0  0.47369  0.02548  0.02583  0.00466  0.00500  1.00000  0.00000  0.00000
   268.0  0.48866  0.02553  0.02583  0.00467  0.00500  1.00000  0.00000  0.00000
   269.0  0.50318  0.02558  0.02583  0.00468  0.00500  1.00000  0.00000  0.00000
   270.0  0.51754  0.02563  0.02583  0.00469  0.00500  1.00000  0.00000  0.00000
   271.0  0.53321  0.02568  0.02583  0.00469  0.00500  1.00000  0.00000  0.00000
   272.0  0.54872  0.02573  0.02583  0.00470  0.00500  1.00000  0.00000  0.00000
   273.0  0.56381  0.02579  0.02582  0.00471  0.00500  1.00000  0.00000  0.00000
   274.0  0.57853  0.02584  0.02582  0.00472  0.00500  0.99939  0.00000  0.00000
   275.0  0.59322  0.02589  0.02582  0.00473  0.00500  0.99704  0.00000  0.00000
   276.0  0.60786  0.02594  0.03887  0.00474  0.00500  1.00000  0.00000  0.00000
   277.0  0.62259  0.02599  0.03887  0.00475  0.00500  1.00000  0.00000  0.00000
   278.0  0.63784  0.02604  0.03887  0.00476  0.00500  1.00000  0.00000  0.00000
   279.0  0.65198  0.02609  0.03885  0.00477  0.00500  1.00000  0.00000  0.00000
   280.0  0.66769  0.02614  0.03884  0.00478  0.00500  1.00000  0.00000  0.00000
   281.0  0.68300  0.02619  0.03882  0.00479  0.00500  1.00000  0.00000  0.00000
   282.0  0.69828  0.02624  0.03882  0.00480  0.00500  1.00000  0.00000  0.00000
   283.0  0.71338  0.02630  0.03882  0.00481  0.00500  1.00000  0.00000  0.00000
   284.0  0.72860  0.02635  0.03882  0.00482  0.00500  1.00000  0.00000  0.00000
   285.0  0.74381  0.02640  0.03882  0.00483  0.00500  1.00000  0.00000  0.00000
   286.0  0.75851  0.02645  0.03876  0.00484  0.00500  1.00000  0.00000  0.00000
   287.0  0.77293  0.02650  0.03867  0.00484  0.00500  1.00000  0.00000  0.00000
   288.0  0.78776  0.02655  0.03861  0.00485  0.00500  1.00000  0.00000  0.00000
   289.0  0.80190  0.02661  0.03859  0.00486  0.00500  1.00000  0.00000  0.00000
   290.0  0.81620  0.02666  0.03859  0.00487  0.00500  1.00000  0.00000  0.00000
   291.0  0.83035  0.02671  0.03853  0.00488  0.00500  1.00000  0.00000  0.00000
   292.0  0.84449  0.02675  0.03851  0.00489  0.00500  1.00000  0.00000  0.00000
   293.0  0.85915  0.02680  0.03849  0.00490  0.00500  1.00000  0.00000  0.00000
   294.0  0.87329  0.02686  0.03844  0.00491  0.00500  1.00000  0.00000  0.00000
   295.0  0.88744  0.02691  0.03844  0.00492  0.00500  1.00000  0.00000  0.00000
   296.0  0.90158  0.02696  0.03844  0.00493  0.00500  1.00000  0.00000  0.00000
   297.0  0.90544  0.02701  0.03844  0.00494  0.00500  1.00000  0.00000  0.00000
   298.0  0.90929  0.02702  0.03844  0.00494  0.00500  1.00000  0.00000  0.00000
   299.0  0.91315  0.02703  0.03843  0.00494  0.00500  1.00000  0.00000  0.00000
   300.0  0.91701  0.02705  0.03843  0.00494  0.00500  1.00000  0.00000  0.00000
   301.0  0.92086  0.02706  0.03842  0.00495  0.00500  1.00000  0.00000  0.00000
   302.0  0.92472  0.02707  0.03842  0.00495  0.00500  1.00000  0.00000  0.00000
   303.0  0.92891  0.02709  0.03840  0.00495  0.00500  1.00000  0.00000  0.00000
   304.0  0.93277  0.02710  0.03841  0.00495  0.00500  1.00000  0.00000  0.00000
   305.0  0.93662  0.02712  0.03839  0.00496  0.00500  1.00000  0.00000  0.00000
   306.0  0.94048  0.02713  0.03835  0.00496  0.00500  1.00000  0.00000  0.00000
   307.0  0.94434  0.02714  0.03833  0.00496  0.00500  1.00000  0.00000  0.00000
   308.0  0.94820  0.02716  0.03832  0.00496  0.00500  1.00000  0.00000  0.00000
   309.0  0.95205  0.02717  0.03830  0.00497  0.00500  1.00000  0.00000  0.00000
   310.0  0.95591  0.02718  0.03831  0.00497  0.00500  1.00000  0.00000  0.00000
   311.0  0.95977  0.02720  0.03833  0.00497  0.00500  1.00000  0.00000  0.00000
   312.0  0.96362  0.02721  0.03834  0.00497  0.00500  1.00000  0.00000  0.00000
   313.0  0.96748  0.02723  0.03834  0.00498  0.00500  1.00000  0.00000  0.00000
   314.0  0.97134  0.02724  0.03829  0.00498  0.00500  1.00000  0.00000  0.00000
   315.0  0.97434  0.02725  0.03829  0.00498  0.00500  1.00000  0.00000  0.00000
   316.0  0.97734  0.02726  0.03829  0.00498  0.00500  1.00000  0.00000  0.00000
   317.0  0.98034  0.02727  0.03829  0.00499  0.00500  1.00000  0.00000  0.00000
   318.0  0.98334  0.02729  0.03829  0.00499  0.00500  1.00000  0.00000  0.00000
   319.0  0.98634  0.02730  0.03829  0.00499  0.00500  1.00000  0.00000  0.00000
   320.0  0.98948  0.02731  0.03829  0.00499  0.00500  1.00000  0.00000  0.00000
   321.0  0.99248  0.02732  0.03829  0.00499  0.00500  1.00000  0.00000  0.00000
   322.0  0.99548  0.02733  0.03829  0.00500  0.00500  1.00000  0.00000  0.00000
   323.0  0.99848  0.02734  0.03829  0.00500  0.00500  1.00000  0.00000  0.00000
   324.0  1.00000  0.02735  0.03829  0.00500  0.00500  1.00000  0.00000  0.00000
   325.0  1.00000  0.02736  0.03829  0.00500  0.00500  1.00000  0.00000  0.00000
   326.0  1.00000  0.02736  0.03829  0.00500  0.00500  1.00000  0.00000  0.00000
   327.0  1.00000  0.02736  0.03829  0.00500  0.00500  1.00000  0.00000  0.00000
   328.0  1.00000  0.02736  0.03829  0.00500  0.00500  1.00000  0.00000  0.00000
   329.0  1.00000  0.02736  0.03829  0.00500  0.00500  1.00000  0.00000  0.00000
   330.0  1.00000  0.02736  0.03829  0.00500  0.00500  1.00000  0.00000  0.00000
   331.0  1.00000  0.02736  0.03829  0.00500  0.00500  1.00000  0.00000  0.00000
   332.0  1.00000  0.02736  0.03829  0.00500  0.00500  1.00000  0.00000  0.00000
   333.0  1.00000  0.02736  0.03829  0.00500  0.00500  1.00000  0.00000  0.00000
   334.0  1.00000  0.02736  0.03829  0.00500  0.00500  1.00000  0.00000  0.00000
   335.0  1.00000  0.02736  0.03829  0.00500  0.00500  1.00000  0.00000  0.00000
   336.0  1.00000  0.02736  0.03829  0.00500  0.00500  1.00000  0.00000  0.00000
   337.0  1.00000  0.02736  0.03829  0.00500  0.00500  1.00000  0.00000  0.00000
   338.0  1.00000  0.02736  0.03829  0.00500  0.00500  1.00000  0.00000  0.00000
   339.0  1.00000  0.02736  0.03829  0.00500  0.00500  1.00000  0.00000  0.00000
   340.0  1.00000  0.02736  0.03829  0.00500  0.00500  1.00000  0.00000  0.00000
   341.0  1.00000  0.02736  0.03829  0.00500  0.00500  1.00000  0.00000  0.00000
   342.0  1.00000  0.02736  0.03829  0.00500  0.00500  1.00000  0.00000  0.00000
   343.0  1.00000  0.02736  0.03829  0.00500  0.00500  1.00000  0.00000  0.00000
   344.0  1.00000  0.02736  0.03829  0.00500  0.00500  1.00000  0.00000  0.00000
   345.0  1.00000  0.02736  0.03829  0.00500  0.00500  1.00000  0.00000  0.00000
   346.0  1.00000  0.02736  0.03829  0.00500  0.00500  1.00000  0.00000  0.00000
   347.0  1.00000  0.02736  0.03829  0.00500  0.00500  1.00000  0.00000  0.00000
   348.0  1.00000  0.02736  0.03829  0.00500  0.00500  1.00000  0.00000  0.00000
   349.0  1.00000  0.02736  0.03829  0.00500  0.00500  1.00000  0.00000  0.00000
   350.0  1.00000  0.02736  0.03829  0.00500  0.00500  1.00000  0.00000  0.00000
   351.0  1.00000  0.02736  0.03829  0.00500  0.00500  1.00000  0.00000  0.00000
   352.0  1.00000  0.02736  0.03829  0.00500  0.00500  1.00000  0.00000  0.00000
   353.0  1.00000  0.02736  0.03829  0.00500  0.00500  1.00000  0.00000  0.00000
   354.0  1.00000  0.02736  0.03829  0.00500  0.00500  1.00000  0.00000  0.00000
   355.0  1.00000  0.02736  0.03829  0.00500  0.00500  1.00000  0.00000  0.00000
   356.0  1.00000  0.02736  0.03829  0.00500  0.00500  1.00000  0.00000  0.00000
   357.0  1.00000  0.02736  0.03829  0.00500  0.00500  1.00000  0.00000  0.00000
   358.0  1.00000  0.02736  0.03829  0.00500  0.00500  1.00000  0.00000  0.00000
   359.0  1.00000  0.02736  0.03829  0.00500  0.00500  1.00000  0.00000  0.00000
   360.0  1.00000  0.02736  0.03829  0.00500  0.00500  1.00000  0.00000  0.00000
   361.0  1.00000  0.02736  0.03829  0.00500  0.00500  1.00000  0.00000  0.00000
   362.0  1.00000  0.02736  0.03829  0.00500  0.00500  1.00000  0.00000  0.00000
   363.0  1.00000  0.02736  0.03829  0.00500  0.00500  1.00000  0.00000  0.00000
   364.0  1.00000  0.02736  0.03829  0.00500  0.00500  1.00000  0.00000  0.00000
   365.0  1.00000  0.02736  0.03829  0.00500  0.00500  1.00000  0.00000  0.00000
   366.0  1.00000  0.02736  0.03829  0.00500  0.00500  1.00000  0.00000  0.00000
   367.0  1.00000  0.02736  0.03829  0.00500  0.00500  1.00000  0.00000  0.00000
   368.0  1.00000  0.02736  0.03829  0.00500  0.00500  1.00000  0.00000  0.00000
   369.0  1.00000  0.02736  0.03829  0.00500  0.00500  1.00000  0.00000  0.00000
   370.0  1.00000  0.02736  0.03829  0.00500  0.00500  1.00000  0.00000  0.00000
   371.0  1.00000  0.02736  0.03829  0.00500  0.00500  1.00000  0.00000  0.00000
   372.0  1.00000  0.02736  0.03829  0.00500  0.00500  1.00000  0.00000  0.00000
   373.0  1.00000  0.02736  0.03829  0.00500  0.00500  1.00000  0.00000  0.00000
   374.0  1.00000  0.02736  0.03829  0.00500  0.00500  1.00000  0.00000  0.00000
   375.0  1.00000  0.02736  0.03829  0.00500  0.00500  1.00000  0.00000  0.00000
   376.0  1.00000  0.02736  0.03829  0.00500  0.00500  1.00000  0.00000  0.00000
   377.0  1.00000  0.02736  0.03829  0.00500  0.00500  1.00000  0.00000  0.00000
   378.0  1.00000  0.02736  0.03829  0.00500  0.00500  1.00000  0.00000  0.00000
   379.0  1.00000  0.02736  0.03829  0.00500  0.00500  1.00000  0.00000  0.00000
   380.0  1.00000  0.02736  0.03829  0.00500  0.00500  1.00000  0.00000  0.00000
   381.0  1.00000  0.02736  0.03829  0.00500  0.00500  1.00000  0.00000  0.00000
   382.0  1.00000  0.02736  0.03829  0.00500  0.00500  1.00000  0.00000  0.00000
   383.0  1.00000  0.02736  0.03829  0.00500  0.00500  1.00000  0.00000  0.00000
   384.0  1.00000  0.02736  0.03829  0.00500  0.00500  1.00000  0.00000  0.00000
   385.0  1.00000  0.02736  0.03829  0.00500  0.00500  1.00000  0.00000  0.00000
   386.0  1.00000  0.02736  0.03829  0.00500  0.00500  1.00000  0.00000  0.00000
   387.0  1.00000  0.02736  0.03829  0.00500  0.00500  1.00000  0.00000  0.00000
   388.0  1.00000  0.02736  0.03829  0.00500  0.00500  1.00000  0.00000  0.00000
   389.0  1.00000  0.02736  0.03829  0.00500  0.00500  1.00000  0.00000  0.00000
   390.0  1.00000  0.02736  0.03829  0.00500  0.00500  1.00000  0.00000  0.00000
   391.0  1.00000  0.02736  0.03829  0.00500  0.00500  1.00000  0.00000  0.00000
   392.0  1.00000  0.02736  0.03829  0.00500  0.00500  1.00000  0.00000  0.00000
   393.0  1.00000  0.02736  0.03829  0.00500  0.00500  1.00000  0.00000  0.00000
   394.0  1.00000  0.02736  0.03829  0.00500  0.00500  1.00000  0.00000  0.00000
   395.0  1.00000  0.02736  0.03829  0.00500  0.00500  1.00000  0.00000  0.00000
   396.0  1.00000  0.02736  0.03829  0.00500  0.00500  1.00000  0.00000  0.00000
   397.0  1.00000  0.02736  0.03829  0.00500  0.00500  1.00000  0.00000  0.00000
   398.0  1.00000  0.02736  0.03829  0.00500  0.00500  1.00000  0.00000  0.00000
   399.0  1.00000  0.02736  0.03829  0.00500  0.00500  1.00000  0.00000  0.00000
   400.0  1.00000  0.02736  0.03829  0.00500  0.00500  1.00000  0.00000  0.00000
   401.0  1.00000  0.02736  0.03829  0.00500  0.00500  1.00000  0.00000  0.00000
   402.0  1.00000  0.02736  0.03829  0.00500  0.00500  1.00000  0.00000  0.00000
   403.0  1.00000  0.02736  0.03829  0.00500  0.00500  1.00000  0.00000  0.00000
   404.0  1.00000  0.02736  0.03829  0.00500  0.00500  1.00000  0.00000  0.00000
   405.0  1.00000  0.02736  0.03829  0.00500  0.00500  1.00000  0.00000  0.00000
   406.0  1.00000  0.02736  0.03829  0.00500  0.00500  1.00000  0.00000  0.00000
   407.0  1.00000  0.02736  0.03829  0.00500  0.00500  1.00000  0.00000  0.00000
   408.0  1.00000  0.02736  0.03829  0.00500  0.00500  1.00000  0.00000  0.00000
   409.0  1.00000  0.02736  0.03829  0.00500  0.00500  1.00000  0.00000  0.00000
   410.0  1.00000  0.02736  0.03829  0.00500  0.00500  1.00000  0.00000  0.00000
   411.0  1.00000  0.02736  0.03829  0.00500  0.00500  1.00000  0.00000  0.00000
   412.0  1.00000  0.02736  0.03829  0.00500  0.00500  1.00000  0.00000  0.00000
   413.0  1.00000  0.02736  0.03829  0.00500  0.00500  1.00000  0.00000  0.00000
   414.0  1.00000  0.02736  0.03829  0.00500  0.00500  1.00000  0.00000  0.00000
   415.0  1.00000  0.02736  0.03829  0.00500  0.00500  1.00000  0.00000  0.00000
   416.0  1.00000  0.02736  0.03829  0.00500  0.00500  1.00000  0.00000  0.00000
   417.0  1.00000  0.02736  0.03829  0.00500  0.00500  1.00000  0.00000  0.00000
   418.0  1.00000  0.02736  0.03829  0.00500  0.00500  1.00000  0.00000  0.00000
   419.0  1.00000  0.02736  0.03829  0.00500  0.00500  1.00000  0.00000  0.00000
   420.0  1.00000  0.02736  0.03829  0.00500  0.00500  1.00000  0.00000  0.00000
   421.0  1.00000  0.02736  0.03829  0.00500  0.00500  1.00000  0.00000  0.00000
   422.0  1.00000  0.02736  0.03829  0.00500  0.00500  1.00000  0.00000  0.00000
   423.0  1.00000  0.02736  0.03829  0.00500  0.00500  1.00000  0.00000  0.00000
   424.0  1.00000  0.02736  0.03829  0.00500  0.00500  1.00000  0.00000  0.00000
   425.0  1.00000  0.02736  0.03829  0.00500  0.00500  1.00000  0.00000  0.00000
   426.0  1.00000  0.02736  0.03829  0.00500  0.00500  1.00000  0.00000  0.00000
   427.0  1.00000  0.02736  0.03829  0.00500  0.00500  1.00000  0.00000  0.00000
   428.0  1.00000  0.02736  0.03829  0.00500  0.00500  1.00000  0.00000  0.00000
   429.0  1.00000  0.02736  0.03829  0.00500  0.00500  1.00000  0.00000  0.00000
   430.0  1.00000  0.02736  0.03829  0.00500  0.00500  1.00000  0.00000  0.00000
   431.0  1.00000  0.02736  0.03829  0.00500  0.00500  1.00000  0.00000  0.00000
   432.0  1.00000  0.02736  0.03829  0.00500  0.00500  1.00000  0.00000  0.00000
   433.0  1.00000  0.02736  0.03829  0.00500  0.00500  1.00000  0.00000  0.00000
   434.0  1.00000  0.02736  0.03829  0.00500  0.00500  1.00000  0.00000  0.00000
   435.0  1.00000  0.02736  0.03829  0.00500  0.00500  1.00000  0.00000  0.00000
   436.0  1.00000  0.02736  0.03829  0.00500  0.00500  1.00000  0.00000  0.00000
   437.0  1.00000  0.02736  0.03829  0.00500  0.00500  1.00000  0.00000  0.00000
   438.0  1.00000  0.02736  0.03829  0.00500  0.00500  1.00000  0.00000  0.00000
   439.0  1.00000  0.02736  0.03829  0.00500  0.00500  1.00000  0.00000  0.00000
   440.0  1.00000  0.02736  0.03829  0.00500  0.00500  1.00000  0.00000  0.00000
   441.0  1.00000  0.02736  0.03829  0.00500  0.00500  1.00000  0.00000  0.00000
   442.0  1.00000  0.02736  0.03829  0.00500  0.00500  1.00000  0.00000  0.00000
   443.0  1.00000  0.02736  0.03829  0.00500  0.00500  1.00000  0.00000  0.00000
   444.0  1.00000  0.02736  0.03829  0.00500  0.00500  1.00000  0.00000  0.00000
   445.0  1.00000  0.02736  0.03829  0.00500  0.00500  1.00000  0.00000  0.00000
   446.0  1.00000  0.02736  0.03829  0.00500  0.00500  1.00000  0.00000  0.00000
   447.0  1.00000  0.02736  0.03829  0.00500  0.00500  1.00000  0.00000  0.00000
   448.0  1.00000  0.02736  0.03829  0.00500  0.00500  1.00000  0.00000  0.00000
   449.0  1.00000  0.02736  0.03829  0.00500  0.00500  1.00000  0.00000  0.00000
   450.0  1.00000  0.02736  0.03829  0.00500  0.00500  1.00000  0.00000  0.00000
   451.0  1.00000  0.02736  0.03829  0.00500  0.00500  1.00000  0.00000  0.00000
   452.0  1.00000  0.02736  0.03829  0.00500  0.00500  1.00000  0.00000  0.00000
   453.0  1.00000  0.02736  0.03829  0.00500  0.00500  1.00000  0.00000  0.00000
   454.0  1.00000  0.02736  0.03829  0.00500  0.00500  1.00000  0.00000  0.00000
   455.0  1.00000  0.02736  0.03829  0.00500  0.00500  1.00000  0.00000  0.00000
   456.0  1.00000  0.02736  0.03829  0.00500  0.00500  1.00000  0.00000  0.00000
   457.0  1.00000  0.02736  0.03829  0.00500  0.00500  1.00000  0.00000  0.00000
   458.0  1.00000  0.02736  0.03829  0.00500  0.00500  1.00000  0.00000  0.00000
   459.0  1.00000  0.02736  0.03829  0.00500  0.00500  1.00000  0.00000  0.00000
   460.0  1.00000  0.02736  0.03829  0.00500  0.00500  1.00000  0.00000  0.00000
   461.0  1.00000  0.02736  0.03829  0.00500  0.00500  1.00000  0.00000  0.00000
   462.0  1.00000  0.02736  0.03829  0.00500  0.00500  1.00000  0.00000  0.00000
   463.0  1.00000  0.02736  0.03829  0.00500  0.00500  1.00000  0.00000  0.00000
   464.0  1.00000  0.02736  0.03829  0.00500  0.00500  1.00000  0.00000  0.00000
   465.0  1.00000  0.02736  0.03829  0.00500  0.00500  1.00000  0.00000  0.00000
   466.0  1.00000  0.02736  0.03829  0.00500  0.00500  1.00000  0.00000  0.00000
   467.0  1.00000  0.02736  0.03829  0.00500  0.00500  1.00000  0.00000  0.00000
   468.0  1.00000  0.02736  0.03829  0.00500  0.00500  1.00000  0.00000  0.00000
   469.0  1.00000  0.02736  0.03829  0.00500  0.00500  1.00000  0.00000  0.00000
   470.0  1.00000  0.02736  0.03829  0.00500  0.00500  1.00000  0.00000  0.00000
   471.0  1.00000  0.02736  0.03829  0.00500  0.00500  1.00000  0.00000  0.00000
   472.0  1.00000  0.02736  0.03829  0.00500  0.00500  1.00000  0.00000  0.00000
   473.0  1.00000  0.02736  0.03829  0.00500  0.00500  1.00000  0.00000  0.00000
   474.0  1.00000  0.02736  0.03829  0.00500  0.00500  1.00000  0.00000  0.00000
   475.0  1.00000  0.02736  0.03829  0.00500  0.00500  1.00000  0.00000  0.00000
   476.0  1.00000  0.02736  0.03829  0.00500  0.00500  1.00000  0.00000  0.00000
   477.0  1.00000  0.02736  0.03829  0.00500  0.00500  1.00000  0.00000  0.00000
   478.0  1.00000  0.02736  0.03829  0.00500  0.00500  1.00000  0.00000  0.00000
   479.0  1.00000  0.02736  0.03829  0.00500  0.00500  1.00000  0.00000  0.00000
   480.0  1.00000  0.02736  0.03829  0.00500  0.00500  1.00000  0.00000  0.00000
   481.0  1.00000  0.02736  0.03829  0.00500  0.00500  1.00000  0.00000  0.00000
   482.0  1.00000  0.02736  0.03829  0.00500  0.00500  1.00000  0.00000  0.00000
   483.0  1.00000  0.02736  0.03829  0.00500  0.00500  1.00000  0.00000  0.00000
   484.0  1.00000  0.02736  0.03829  0.00500  0.00500  1.00000  0.00000  0.00000
   485.0  1.00000  0.02736  0.03829  0.00500  0.00500  1.00000  0.00000  0.00000
   486.0  1.00000  0.02736  0.03829  0.00500  0.00500  1.00000  0.00000  0.00000
   487.0  1.00000  0.02736  0.03829  0.00500  0.00500  1.00000  0.00000  0.00000
   488.0  1.00000  0.02736  0.03829  0.00500  0.00500  1.00000  0.00000  0.00000
   489.0  1.00000  0.02736  0.03829  0.00500  0.00500  1.00000  0.00000  0.00000
   490.0  1.00000  0.02736  0.03829  0.00500  0.00500  1.00000  0.00000  0.00000
   491.0  1.00000  0.02736  0.03829  0.00500  0.00500  1.00000  0.00000  0.00000
   492.0  1.00000  0.02736  0.03829  0.00500  0.00500  1.00000  0.00000  0.00000
   493.0  1.00000  0.02736  0.03829  0.00500  0.00500  1.00000  0.00000  0.00000
   494.0  1.00000  0.02736  0.03829  0.00500  0.00500  1.00000  0.00000  0.00000
   495.0  1.00000  0.02736  0.03829  0.00500  0.00500  1.00000  0.00000  0.00000
   496.0  1.00000  0.02736  0.03829  0.00500  0.00500  1.00000  0.00000  0.00000
   497.0  1.00000  0.02736  0.03829  0.00500  0.00500  1.00000  0.00000  0.00000
   498.0  1.00000  0.02736  0.03829  0.00500  0.00500  1.00000  0.00000  0.00000
   499.0  1.00000  0.02736  0.03829  0.00500  0.00500  1.00000  0.00000  0.00000
   500.0  1.00000  0.02736  0.03829  0.00500  0.00500  1.00000  0.00000  0.00000
   501.0  1.00000  0.02736  0.03829  0.00500  0.00500  1.00000  0.00000  0.00000
   502.0  1.00000  0.02736  0.03829  0.00500  0.00500  1.00000  0.00000  0.00000
   503.0  1.00000  0.02736  0.03829  0.00500  0.00500  1.00000  0.00000  0.00000
   504.0  1.00000  0.02736  0.03829  0.00500  0.00500  1.00000  0.00000  0.00000
   505.0  1.00000  0.02736  0.03829  0.00500  0.00500  1.00000  0.00000  0.00000
   506.0  1.00000  0.02736  0.03829  0.00500  0.00500  1.00000  0.00000  0.00000
   507.0  1.00000  0.02736  0.03829  0.00500  0.00500  1.00000  0.00000  0.00000
   508.0  1.00000  0.02736  0.03829  0.00500  0.00500  1.00000  0.00000  0.00000
   509.0  1.00000  0.02736  0.03829  0.00500  0.00500  1.00000  0.00000  0.00000
   510.0  1.00000  0.02736  0.03829  0.00500  0.00500  1.00000  0.00000  0.00000
   511.0  1.00000  0.02736  0.03829  0.00500  0.00500  1.00000  0.00000  0.00000
   512.0  1.00000  0.02736  0.03829  0.00500  0.00500  1.00000  0.00000  0.00000
   513.0  1.00000  0.02736  0.03829  0.00500  0.00500  1.00000  0.00000  0.00000
   514.0  1.00000  0.02736  0.03829  0.00500  0.00500  1.00000  0.00000  0.00000
   515.0  1.00000  0.02736  0.03829  0.00500  0.00500  1.00000  0.00000  0.00000
   516.0  1.00000  0.02736  0.03829  0.00500  0.00500  1.00000  0.00000  0.00000
   517.0  1.00000  0.02736  0.03829  0.00500  0.00500  1.00000  0.00000  0.00000
   518.0  1.00000  0.02736  0.03829  0.00500  0.00500  1.00000  0.00000  0.00000
   519.0  1.00000  0.02736  0.03829  0.00500  0.00500  1.00000  0.00000  0.00000
   520.0  1.00000  0.02736  0.03829  0.00500  0.00500  1.00000  0.00000  0.00000
   521.0  1.00000  0.02736  0.03829  0.00500  0.00500  1.00000  0.00000  0.00000
   522.0  1.00000  0.02736  0.03829  0.00500  0.00500  1.00000  0.00000  0.00000
   523.0  1.00000  0.02736  0.03829  0.00500  0.00500  1.00000  0.00000  0.00000
   524.0  1.00000  0.02736  0.03829  0.00500  0.00500  1.00000  0.00000  0.00000
   525.0  1.00000  0.02736  0.03829  0.00500  0.00500  1.00000  0.00000  0.00000
   526.0  1.00000  0.02736  0.03829  0.00500  0.00500  1.00000  0.00000  0.00000
   527.0  1.00000  0.02736  0.03829  0.00500  0.00500  1.00000  0.00000  0.00000
   528.0  0.34068  0.02508  0.03829  0.00458  0.00500  1.00000  0.00000  0.00000
   529.0  0.35583  0.02509  0.03825  0.00459  0.00500  1.00000  0.00000  0.00000
   530.0  0.37055  0.02514  0.03819  0.00460  0.00500  1.00000  0.00000  0.00000
   531.0  0.38515  0.02519  0.03819  0.00460  0.00500  1.00000  0.00000  0.00000
   532.0  0.39939  0.02524  0.03819  0.00461  0.00500  1.00000  0.00000  0.00000
   533.0  0.41376  0.02529  0.03819  0.00462  0.00500  1.00000  0.00000  0.00000
   534.0  0.42803  0.02534  0.03819  0.00463  0.00500  1.00000  0.00000  0.00000
   535.0  0.44255  0.02538  0.03819  0.00464  0.00500  1.00000  0.00000  0.00000
   536.0  0.45686  0.02543  0.03819  0.00465  0.00500  1.00000  0.00000  0.00000
   537.0  0.47121  0.02548  0.03819  0.00466  0.00500  1.00000  0.00000  0.00000
   538.0  0.48579  0.02553  0.03819  0.00467  0.00500  1.00000  0.00000  0.00000
   539.0  0.50019  0.02558  0.03819  0.00467  0.00500  1.00000  0.00000  0.00000
   540.0  0.51474  0.02562  0.03819  0.00468  0.00500  1.00000  0.00000  0.00000
   541.0  0.52910  0.02567  0.03819  0.00469  0.00500  1.00000  0.00000  0.00000
   542.0  0.54355  0.02572  0.03819  0.00470  0.00500  1.00000  0.00000  0.00000
   543.0  0.55802  0.02577  0.03819  0.00471  0.00500  1.00000  0.00000  0.00000
   544.0  0.57239  0.02582  0.03819  0.00472  0.00500  1.00000  0.00000  0.00000
   545.0  0.58682  0.02587  0.03819  0.00473  0.00500  1.00000  0.00000  0.00000
   546.0  0.60155  0.02592  0.03819  0.00474  0.00500  1.00000  0.00000  0.00000
   547.0  0.61631  0.02597  0.03819  0.00475  0.00500  1.00000  0.00000  0.00000
   548.0  0.63172  0.02602  0.03819  0.00476  0.00500  1.00000  0.00000  0.00000
   549.0  0.64677  0.02607  0.03819  0.00476  0.00500  1.00000  0.00000  0.00000
   550.0  0.66146  0.02612  0.03816  0.00477  0.00500  1.00000  0.00000  0.00000
   551.0  0.67627  0.02617  0.03815  0.00478  0.00500  1.00000  0.00000  0.00000
   552.0  0.69056  0.02622  0.03815  0.00479  0.00500  1.00000  0.00000  0.00000
   553.0  0.70480  0.02627  0.03815  0.00480  0.00500  1.00000  0.00000  0.00000
   554.0  0.71917  0.02632  0.03815  0.00481  0.00500  1.00000  0.00000  0.00000
   555.0  0.73380  0.02637  0.03815  0.00482  0.00500  1.00000  0.00000  0.00000
   556.0  0.74827  0.02642  0.03814  0.00483  0.00500  1.00000  0.00000  0.00000
   557.0  0.76292  0.02647  0.03814  0.00484  0.00500  1.00000  0.00000  0.00000
   558.0  0.77730  0.02652  0.03814  0.00485  0.00500  1.00000  0.00000  0.00000
   559.0  0.79170  0.02657  0.03814  0.00486  0.00500  1.00000  0.00000  0.00000
   560.0  0.80687  0.02662  0.03814  0.00487  0.00500  1.00000  0.00000  0.00000
   561.0  0.82206  0.02667  0.03812  0.00488  0.00500  1.00000  0.00000  0.00000
   562.0  0.83719  0.02673  0.03808  0.00488  0.00500  1.00000  0.00000  0.00000
   563.0  0.85207  0.02678  0.03804  0.00489  0.00500  1.00000  0.00000  0.00000
   564.0  0.86656  0.02683  0.03801  0.00490  0.00500  1.00000  0.00000  0.00000
   565.0  0.88094  0.02688  0.03801  0.00491  0.00500  1.00000  0.00000  0.00000
   566.0  0.89531  0.02693  0.03801  0.00492  0.00500  1.00000  0.00000  0.00000
   567.0  0.90960  0.02698  0.03801  0.00493  0.00500  1.00000  0.00000  0.00000
   568.0  0.34138  0.02508  0.03801  0.00458  0.00500  1.00000  0.00000  0.00000
   569.0  0.35585  0.02510  0.03801  0.00459  0.00500  1.00000  0.00000  0.00000
   570.0  0.37051  0.02514  0.03801  0.00460  0.00500  1.00000  0.00000  0.00000
   571.0  0.38489  0.02519  0.03801  0.00460  0.00500  1.00000  0.00000  0.00000
   572.0  0.39925  0.02524  0.03801  0.00461  0.00500  1.00000  0.00000  0.00000
   573.0  0.41368  0.02529  0.03801  0.00462  0.00500  1.00000  0.00000  0.00000
   574.0  0.42851  0.02534  0.03801  0.00463  0.00500  1.00000  0.00000  0.00000
   575.0  0.44319  0.02538  0.03801  0.00464  0.00500  1.00000  0.00000  0.00000
   576.0  0.45778  0.02543  0.03800  0.00465  0.00500  1.00000  0.00000  0.00000
   577.0  0.47234  0.02548  0.03800  0.00466  0.00500  1.00000  0.00000  0.00000
   578.0  0.48694  0.02553  0.03800  0.00467  0.00500  1.00000  0.00000  0.00000
   579.0  0.50146  0.02558  0.03800  0.00468  0.00500  1.00000  0.00000  0.00000
   580.0  0.51600  0.02563  0.03800  0.00468  0.00500  1.00000  0.00000  0.00000
   581.0  0.53052  0.02568  0.03800  0.00469  0.00500  1.00000  0.00000  0.00000
   582.0  0.54538  0.02573  0.03800  0.00470  0.00500  1.00000  0.00000  0.00000
   583.0  0.55952  0.02578  0.03800  0.00471  0.00500  1.00000  0.00000  0.00000
   584.0  0.57366  0.02582  0.03800  0.00472  0.00500  1.00000  0.00000  0.00000
   585.0  0.58816  0.02587  0.03800  0.00473  0.00500  1.00000  0.00000  0.00000
   586.0  0.60278  0.02592  0.03800  0.00474  0.00500  1.00000  0.00000  0.00000
   587.0  0.61722  0.02597  0.03800  0.00475  0.00500  1.00000  0.00000  0.00000
   588.0  0.63183  0.02602  0.03800  0.00476  0.00500  1.00000  0.00000  0.00000
   589.0  0.64660  0.02607  0.03800  0.00476  0.00500  1.00000  0.00000  0.00000
   590.0  0.66111  0.02612  0.03800  0.00477  0.00500  1.00000  0.00000  0.00000
   591.0  0.67557  0.02617  0.03800  0.00478  0.00500  1.00000  0.00000  0.00000
   592.0  0.68971  0.02622  0.03800  0.00479  0.00500  1.00000  0.00000  0.00000
   593.0  0.70420  0.02627  0.03800  0.00480  0.00500  1.00000  0.00000  0.00000
   594.0  0.71855  0.02632  0.03800  0.00481  0.00500  1.00000  0.00000  0.00000
   595.0  0.73289  0.02637  0.03800  0.00482  0.00500  1.00000  0.00000  0.00000
   596.0  0.74718  0.02642  0.03800  0.00483  0.00500  1.00000  0.00000  0.00000
   597.0  0.76166  0.02647  0.03800  0.00484  0.00500  1.00000  0.00000  0.00000
   598.0  0.77623  0.02652  0.03800  0.00485  0.00500  1.00000  0.00000  0.00000
   599.0  0.79072  0.02657  0.03800  0.00486  0.00500  1.00000  0.00000  0.00000
   600.0  0.80504  0.02662  0.03800  0.00486  0.00500  1.00000  0.00000  0.00000
   601.0  0.81943  0.02667  0.03800  0.00487  0.00500  1.00000  0.00000  0.00000
   602.0  0.83380  0.02672  0.03800  0.00488  0.00500  1.00000  0.00000  0.00000
   603.0  0.84842  0.02677  0.03800  0.00489  0.00500  1.00000  0.00000  0.00000
   604.0  0.86338  0.02682  0.03800  0.00490  0.00500  1.00000  0.00000  0.00000
   605.0  0.87779  0.02687  0.03800  0.00491  0.00500  1.00000  0.00000  0.00000
   606.0  0.89213  0.02692  0.03800  0.00492  0.00500  1.00000  0.00000  0.00000
   607.0  0.90663  0.02697  0.03800  0.00493  0.00500  1.00000  0.00000  0.00000
   608.0  0.91053  0.02702  0.03800  0.00494  0.00500  1.00000  0.00000  0.00000
   609.0  0.91449  0.02704  0.03800  0.00494  0.00500  1.00000  0.00000  0.00000
   610.0  0.91852  0.02705  0.03800  0.00494  0.00500  1.00000  0.00000  0.00000
   611.0  0.92245  0.02707  0.03800  0.00495  0.00500  1.00000  0.00000  0.00000
   612.0  0.92637  0.02708  0.03800  0.00495  0.00500  1.00000  0.00000  0.00000
   613.0  0.93050  0.02709  0.03800  0.00495  0.00500  1.00000  0.00000  0.00000
   614.0  0.93465  0.02711  0.03800  0.00495  0.00500  1.00000  0.00000  0.00000
   615.0  0.93880  0.02712  0.03800  0.00496  0.00500  1.00000  0.00000  0.00000
   616.0  0.94303  0.02714  0.03800  0.00496  0.00500  1.00000  0.00000  0.00000
   617.0  0.94707  0.02715  0.03800  0.00496  0.00500  1.00000  0.00000  0.00000
   618.0  0.95133  0.02717  0.03800  0.00497  0.00500  1.00000  0.00000  0.00000
   619.0  0.95520  0.02718  0.03800  0.00497  0.00500  1.00000  0.00000  0.00000
   620.0  0.95905  0.02720  0.03796  0.00497  0.00500  1.00000  0.00000  0.00000
   621.0  0.96291  0.02721  0.03794  0.00497  0.00500  1.00000  0.00000  0.00000
   622.0  0.96718  0.02722  0.03785  0.00498  0.00500  1.00000  0.00000  0.00000
   623.0  0.97117  0.02724  0.03773  0.00498  0.00500  1.00000  0.00000  0.00000
