        2013
   206.0   8399.8      0.0      0.0      0.0      0.0      0.0      0.0
   207.0   5879.7   2519.9      0.0      0.0      0.0      0.0      0.0
   208.0   4115.6   4283.9      0.0      0.0      0.0      0.0      0.0
   209.0   2880.8   5518.6      0.0      0.0      0.0      0.0      0.0
   210.0   2016.4   6382.8      0.0      0.0      0.0      0.0      0.0
   211.0   1411.3   6987.7      0.0      0.0      0.0      0.0      0.0
   212.0    987.7   7411.1      0.0      0.0      0.0      0.0      0.0
   213.0    691.3   4094.0   3613.4      0.0      0.0      0.0      0.0
   214.0    483.7   2318.0   5596.8      0.0      0.0      0.0      0.0
   215.0    338.4   1420.0   6639.9      0.0      0.0      0.0      0.0
   216.0    236.7    882.5   7278.9      0.0      0.0      0.0      0.0
   217.0    165.5    556.4   7676.0      0.0      0.0      0.0      0.0
   218.0    115.7    352.0   7930.1      0.0      0.0      0.0      0.0
   219.0     80.8    228.3   8088.5      0.0      0.0      0.0      0.0
   220.0     56.4    149.8   8191.2      0.0      0.0      0.0      0.0
   221.0     39.3     99.3   5674.7   2583.9      0.0      0.0      0.0
   222.0     27.4     66.4   3929.3   4374.0      0.0      0.0      0.0
   223.0     19.0     44.0   2688.1   5646.0      0.0      0.0      0.0
   224.0     13.1     29.6   1849.1   6505.0      0.0      0.0      0.0
   225.0      9.0     20.2   1279.1   7088.3      0.0      0.0      0.0
   226.0      6.1     13.8    884.7   7491.8      0.0      0.0      0.0
   227.0      4.1      9.5    611.9   7770.9      0.0      0.0      0.0
   228.0      2.7      6.4    423.1   7963.9      0.0      0.0      0.0
   229.0      1.7      4.4    292.5   8097.4      0.0      0.0      0.0
   230.0      1.1      2.9    202.2   8189.6      0.0      0.0      0.0
   231.0      0.6      1.9    138.7   8254.5      0.0      0.0      0.0
   232.0      0.2      1.2     93.9   8300.2      0.0      0.0      0.0
   233.0      0.0      0.7     64.4   6816.1   1514.1      0.0      0.0
   234.0      0.0      0.4     43.9   5579.7   2771.3      0.0      0.0
   235.0      0.0      0.2     30.2   4583.3   3781.6      0.0      0.0
   236.0      0.0      0.1     20.7   3767.8   4606.6      0.0      0.0
   237.0      0.0      0.1     14.3   3096.2   5284.8      0.0      0.0
   238.0      0.0      0.0      9.8   2543.4   5842.2      0.0      0.0
   239.0      0.0      0.0      6.7   2088.6   6300.0      0.0      0.0
   240.0      0.0      0.0      4.6   1714.8   6675.9      0.0      0.0
   241.0      0.0      0.0      3.1   1399.5   6992.7      0.0      0.0
   242.0      0.0      0.0      2.1   1148.6   7244.6      0.0      0.0
   243.0      0.0      0.0      1.4    933.9   7460.0      0.0      0.0
   244.0      0.0      0.0      1.0    762.3   7632.1      0.0      0.0
   245.0      0.0      0.0      0.7    625.4   7769.3      0.0      0.0
   246.0      0.0      0.0      0.5    513.0   7881.8      0.0      0.0
   247.0      0.0      0.0      0.3    419.8   7975.2      0.0      0.0
   248.0      0.0      0.0      0.2    339.6   8055.5      0.0      0.0
   249.0      0.0      0.0      0.1    275.6   8119.6      0.0      0.0
   250.0      0.0      0.0      0.1    226.0   8169.2      0.0      0.0
   251.0      0.0      0.0      0.1    185.1   8210.1      0.0      0.0
   252.0      0.0      0.0      0.0    151.4   8243.9      0.0      0.0
   253.0      0.0      0.0      0.0    122.7   8272.6      0.0      0.0
   254.0      0.0      0.0      0.0    100.1   8295.2      0.0      0.0
   255.0      0.0      0.0      0.0     82.1   8313.2      0.0      0.0
   256.0      0.0      0.0      0.0     67.3   8328.0      0.0      0.0
   257.0      0.0      0.0      0.0     55.2   8340.1      0.0      0.0
   258.0      0.0      0.0      0.0     45.3   8350.0      0.0      0.0
   259.0      0.0      0.0      0.0      0.0   8350.0      0.0      0.0
   260.0      0.0      0.0      0.0      0.0   8350.0      0.0      0.0
   261.0      0.0      0.0      0.0      0.0   8350.0      0.0      0.0
   262.0      0.0      0.0      0.0      0.0   8350.0      0.0      0.0
   263.0      0.0      0.0      0.0      0.0   8350.0      0.0      0.0
   264.0      0.0      0.0      0.0      0.0   8350.0      0.0      0.0
   265.0      0.0      0.0      0.0      0.0   8350.0      0.0      0.0
   266.0      0.0      0.0      0.0      0.0   8350.0      0.0      0.0
   267.0      0.0      0.0      0.0      0.0   8350.0      0.0      0.0
   268.0      0.0      0.0      0.0      0.0   8350.0      0.0      0.0
   269.0      0.0      0.0      0.0      0.0   8350.0      0.0      0.0
   270.0      0.0      0.0      0.0      0.0   8350.0      0.0      0.0
   271.0      0.0      0.0      0.0      0.0   8350.0      0.0      0.0
   272.0      0.0      0.0      0.0      0.0   8350.0      0.0      0.0
   273.0      0.0      0.0      0.0      0.0   8350.0      0.0      0.0
   274.0      0.0      0.0      0.0      0.0   8350.0      0.0      0.0
   275.0      0.0      0.0      0.0      0.0   8350.0      0.0      0.0
   276.0      0.0      0.0      0.0      0.0   8350.0      0.0      0.0
   277.0      0.0      0.0      0.0      0.0   8350.0      0.0      0.0
   278.0      0.0      0.0      0.0      0.0   8350.0      0.0      0.0
   279.0      0.0      0.0      0.0      0.0   8350.0      0.0      0.0
   280.0      0.0      0.0      0.0      0.0   8350.0      0.0      0.0
   281.0      0.0      0.0      0.0      0.0   8350.0      0.0      0.0
   282.0      0.0      0.0      0.0      0.0   8350.0      0.0      0.0
   283.0      0.0      0.0      0.0      0.0   8350.0      0.0      0.0
   284.0      0.0      0.0      0.0      0.0   8350.0      0.0      0.0
   285.0      0.0      0.0      0.0      0.0   8350.0      0.0      0.0
   286.0      0.0      0.0      0.0      0.0   7824.0    526.1      0.0
   287.0      0.0      0.0      0.0      0.0   7331.1   1019.0      0.0
   288.0      0.0      0.0      0.0      0.0   6869.2   1480.8      0.0
   289.0      0.0      0.0      0.0      0.0   6436.5   1913.6      0.0
   290.0      0.0      0.0      0.0      0.0   6031.0   2319.1      0.0
   291.0      0.0      0.0      0.0      0.0   5651.0   2699.0      0.0
   292.0      0.0      0.0      0.0      0.0   5295.0   3055.0      0.0
   293.0      0.0      0.0      0.0      0.0   4961.4   3388.6      0.0
   294.0      0.0      0.0      0.0      0.0   4648.8   3701.2      0.0
   295.0      0.0      0.0      0.0      0.0   4356.0   3994.1      0.0
   296.0      0.0      0.0      0.0      0.0   4081.5   3837.1    431.4
   297.0      0.0      0.0      0.0      0.0   3824.4   3679.9    845.8
   298.0      0.0      0.0      0.0      0.0   3583.5   3523.4   1243.2
   299.0      0.0      0.0      0.0      0.0   3357.7   3368.6   1623.7
   300.0      0.0      0.0      0.0      0.0   3146.2   3216.3   1987.5
   301.0      0.0      0.0      0.0      0.0   2948.0   3067.2   2334.9
   302.0      0.0      0.0      0.0      0.0   2762.2   2921.6   2666.2
   303.0      0.0      0.0      0.0      0.0   2588.2   2780.1   2981.7
   304.0      0.0      0.0      0.0      0.0   2425.2   2642.9   3281.9
   305.0      0.0      0.0      0.0      0.0   2272.4   2510.3   3567.4
   306.0      0.0      0.0      0.0      0.0   2129.2   2382.3   3838.5
   307.0      0.0      0.0      0.0      0.0   1995.1   2259.2   4095.8
   308.0      0.0      0.0      0.0      0.0   1869.4   2140.9   4339.8
   309.0      0.0      0.0      0.0      0.0   1751.6   2027.4   4571.0
   310.0      0.0      0.0      0.0      0.0   1641.3   1918.8   4790.0
   311.0      0.0      0.0      0.0      0.0   1537.9   1815.0   4997.2
   312.0      0.0      0.0      0.0      0.0   1441.0   1715.9   5193.2
   313.0      0.0      0.0      0.0      0.0   1350.2   1621.3   5378.5
   314.0      0.0      0.0      0.0      0.0   1265.1   1531.3   5553.6
   315.0      0.0      0.0      0.0      0.0   1185.4   1445.6   5719.0
   316.0      0.0      0.0      0.0      0.0   1110.7   1364.2   5875.1
   317.0      0.0      0.0      0.0      0.0   1040.8   1286.8   6022.5
   318.0      0.0      0.0      0.0      0.0    975.2   1213.4   6161.4
   319.0      0.0      0.0      0.0      0.0    913.8   1143.8   6292.5
   320.0      0.0      0.0      0.0      0.0    856.2   1077.8   6416.0
   321.0      0.0      0.0      0.0      0.0    802.3   1015.4   6532.4
   322.0      0.0      0.0      0.0      0.0    751.7    956.3   6642.1
   323.0      0.0      0.0      0.0      0.0    704.4    900.3   6745.4
   324.0      0.0      0.0      0.0      0.0    660.0    847.5   6842.6
   325.0      0.0      0.0      0.0      0.0    618.4    797.5   6934.1
   326.0      0.0      0.0      0.0      0.0    579.4    750.4   7020.3
   327.0      0.0      0.0      0.0      0.0    542.9    705.8   7101.3
   328.0      0.0      0.0      0.0      0.0    508.7    663.8   7177.5
   329.0      0.0      0.0      0.0      0.0    476.7    624.2   7249.2
   330.0      0.0      0.0      0.0      0.0    446.7    586.8   7316.6
   331.0      0.0      0.0      0.0      0.0    418.5    551.5   7380.0
   332.0      0.0      0.0      0.0      0.0    392.1    518.3   7439.6
   333.0      0.0      0.0      0.0      0.0    367.4    487.1   7495.5
   334.0      0.0      0.0      0.0      0.0    344.3    457.6   7548.1
   335.0      0.0      0.0      0.0      0.0    322.6    429.9   7597.6
   336.0      0.0      0.0      0.0      0.0    302.3    403.8   7644.0
   337.0      0.0      0.0      0.0      0.0    283.2    379.2   7687.6
   338.0      0.0      0.0      0.0      0.0    265.4    356.1   7728.6
   339.0      0.0      0.0      0.0      0.0    248.7    334.4   7767.0
   340.0      0.0      0.0      0.0      0.0    233.0    313.9   7803.1
   341.0      0.0      0.0      0.0      0.0    218.3    294.7   7837.0
   342.0      0.0      0.0      0.0      0.0    204.6    276.6   7868.9
   343.0      0.0      0.0      0.0      0.0    191.7    259.6   7898.7
   344.0      0.0      0.0      0.0      0.0    179.6    243.7   7926.8
   345.0      0.0      0.0      0.0      0.0    168.3    228.7   7953.1
   346.0      0.0      0.0      0.0      0.0    157.7    214.6   7977.8
   347.0      0.0      0.0      0.0      0.0    147.8    201.3   8001.0
   348.0      0.0      0.0      0.0      0.0    138.4    188.9   8022.7
   349.0      0.0      0.0      0.0      0.0    129.7    177.2   8043.1
   350.0      0.0      0.0      0.0      0.0    121.6    166.3   8062.2
   351.0      0.0      0.0      0.0      0.0    113.9    156.0   8080.2
   352.0      0.0      0.0      0.0      0.0    106.7    146.3   8097.0
   353.0      0.0      0.0      0.0      0.0    100.0    137.2   8112.8
   354.0      0.0      0.0      0.0      0.0     93.7    128.7   8127.7
   355.0      0.0      0.0      0.0      0.0     87.8    120.7   8141.6
   356.0      0.0      0.0      0.0      0.0     82.3    113.2   8154.6
   357.0      0.0      0.0      0.0      0.0     77.1    106.2   8166.8
   358.0      0.0      0.0      0.0      0.0     72.2     99.5   8178.3
   359.0      0.0      0.0      0.0      0.0     67.7     93.3   8189.0
   360.0      0.0      0.0      0.0      0.0     63.4     87.5   8199.1
   361.0      0.0      0.0      0.0      0.0     59.4     82.1   8208.6
   362.0      0.0      0.0      0.0      0.0     55.7     76.9   8217.4
   363.0      0.0      0.0      0.0      0.0     52.2     72.1   8225.7
   364.0      0.0      0.0      0.0      0.0     48.9     67.6   8233.5
   365.0      0.0      0.0      0.0      0.0     45.8     63.4   8240.8
   366.0      0.0      0.0      0.0      0.0     42.9     59.4   8247.7
   367.0      0.0      0.0      0.0      0.0     40.2     55.7   8254.1
   368.0      0.0      0.0      0.0      0.0     37.7     52.2   8260.1
   369.0      0.0      0.0      0.0      0.0     35.3     49.0   8265.8
   370.0      0.0      0.0      0.0      0.0     33.1     45.9   8271.1
   371.0      0.0      0.0      0.0      0.0     31.0     43.0   8276.0
   372.0      0.0      0.0      0.0      0.0     29.0     40.3   8280.7
   373.0      0.0      0.0      0.0      0.0     27.2     37.8   8285.0
   374.0      0.0      0.0      0.0      0.0     25.5     35.4   8289.1
   375.0      0.0      0.0      0.0      0.0     23.9     33.2   8292.9
   376.0      0.0      0.0      0.0      0.0     22.4     31.1   8296.5
   377.0      0.0      0.0      0.0      0.0     21.0     29.2   8299.9
   378.0      0.0      0.0      0.0      0.0     19.7     27.4   8303.0
   379.0      0.0      0.0      0.0      0.0     18.4     25.6   8306.0
   380.0      0.0      0.0      0.0      0.0     17.3     24.0   8308.8
   381.0      0.0      0.0      0.0      0.0     16.2     22.5   8311.4
   382.0      0.0      0.0      0.0      0.0     15.2     21.1   8313.8
   383.0      0.0      0.0      0.0      0.0     14.2     19.8   8316.1
   384.0      0.0      0.0      0.0      0.0     13.3     18.5   8318.2
   385.0      0.0      0.0      0.0      0.0     12.5     17.4   8320.2
   386.0      0.0      0.0      0.0      0.0     11.7     16.3   8322.1
   387.0      0.0      0.0      0.0      0.0     10.9     15.3   8323.8
   388.0      0.0      0.0      0.0      0.0     10.3     14.3   8325.5
   389.0      0.0      0.0      0.0      0.0      9.6     13.4   8327.0
   390.0      0.0      0.0      0.0      0.0      9.0     12.6   8328.5
   391.0      0.0      0.0      0.0      0.0      8.4     11.8   8329.8
   392.0      0.0      0.0      0.0      0.0      7.9     11.0   8331.1
   393.0      0.0      0.0      0.0      0.0      7.4     10.3   8332.3
   394.0      0.0      0.0      0.0      0.0      6.9      9.7   8333.4
   395.0      0.0      0.0      0.0      0.0      6.5      9.1   8334.5
   396.0      0.0      0.0      0.0      0.0      6.1      8.5   8335.4
   397.0      0.0      0.0      0.0      0.0      5.7      8.0   8336.4
   398.0      0.0      0.0      0.0      0.0      5.3      7.5   8337.2
   399.0      0.0      0.0      0.0      0.0      5.0      7.0   8338.0
   400.0      0.0      0.0      0.0      0.0      4.7      6.6   8338.8
   401.0      0.0      0.0      0.0      0.0      4.4      6.1   8339.5
   402.0      0.0      0.0      0.0      0.0      4.1      5.8   8340.2
   403.0      0.0      0.0      0.0      0.0      3.9      5.4   8340.8
   404.0      0.0      0.0      0.0      0.0      3.6      5.1   8341.4
   405.0      0.0      0.0      0.0      0.0      3.4      4.7   8341.9
   406.0      0.0      0.0      0.0      0.0      3.2      4.4   8342.4
   407.0      0.0      0.0      0.0      0.0      3.0      4.2   8342.9
   408.0      0.0      0.0      0.0      0.0      2.8      3.9   8343.4
   409.0      0.0      0.0      0.0      0.0      2.6      3.7   8343.8
   410.0      0.0      0.0      0.0      0.0      2.4      3.4   8344.2
   411.0      0.0      0.0      0.0      0.0      2.3      3.2   8344.5
   412.0      0.0      0.0      0.0      0.0      2.2      3.0   8344.9
   413.0      0.0      0.0      0.0      0.0      2.0      2.8   8345.2
   414.0      0.0      0.0      0.0      0.0      1.9      2.6   8345.5
   415.0      0.0      0.0      0.0      0.0      1.8      2.5   8345.8
   416.0      0.0      0.0      0.0      0.0      1.7      2.3   8346.1
   417.0      0.0      0.0      0.0      0.0      1.6      2.2   8346.3
   418.0      0.0      0.0      0.0      0.0      1.5      2.0   8346.6
   419.0      0.0      0.0      0.0      0.0      1.4      1.9   8346.8
   420.0      0.0      0.0      0.0      0.0      1.3      1.8   8347.0
   421.0      0.0      0.0      0.0      0.0      1.2      1.7   8347.2
   422.0      0.0      0.0      0.0      0.0      1.1      1.6   8347.4
   423.0      0.0      0.0      0.0      0.0      1.1      1.5   8347.5
   424.0      0.0      0.0      0.0      0.0      1.0      1.4   8347.7
   425.0      0.0      0.0      0.0      0.0      0.9      1.3   8347.8
   426.0      0.0      0.0      0.0      0.0      0.9      1.2   8348.0
   427.0      0.0      0.0      0.0      0.0      0.8      1.1   8348.1
   428.0      0.0      0.0      0.0      0.0      0.8      1.1   8348.2
   429.0      0.0      0.0      0.0      0.0      0.7      1.0   8348.3
   430.0      0.0      0.0      0.0      0.0      0.7      0.9   8348.4
   431.0      0.0      0.0      0.0      0.0      0.6      0.9   8348.5
   432.0      0.0      0.0      0.0      0.0      0.6      0.8   8348.6
   433.0      0.0      0.0      0.0      0.0      0.5      0.8   8348.7
   434.0      0.0      0.0      0.0      0.0      0.5      0.7   8348.8
   435.0      0.0      0.0      0.0      0.0      0.5      0.7   8348.9
   436.0      0.0      0.0      0.0      0.0      0.5      0.6   8349.0
   437.0      0.0      0.0      0.0      0.0      0.4      0.6   8349.0
   438.0      0.0      0.0      0.0      0.0      0.4      0.6   8349.1
   439.0      0.0      0.0      0.0      0.0      0.4      0.5   8349.2
   440.0      0.0      0.0      0.0      0.0      0.3      0.5   8349.2
   441.0      0.0      0.0      0.0      0.0      0.3      0.5   8349.3
   442.0      0.0      0.0      0.0      0.0      0.3      0.4   8349.3
   443.0      0.0      0.0      0.0      0.0      0.3      0.4   8349.4
   444.0      0.0      0.0      0.0      0.0      0.3      0.4   8349.4
   445.0      0.0      0.0      0.0      0.0      0.3      0.4   8349.4
   446.0      0.0      0.0      0.0      0.0      0.2      0.3   8349.5
   447.0      0.0      0.0      0.0      0.0      0.2      0.3   8349.5
   448.0      0.0      0.0      0.0      0.0      0.2      0.3   8349.6
   449.0      0.0      0.0      0.0      0.0      0.2      0.3   8349.6
   450.0      0.0      0.0      0.0      0.0      0.2      0.3   8349.6
   451.0      0.0      0.0      0.0      0.0      0.2      0.2   8349.6
   452.0      0.0      0.0      0.0      0.0      0.2      0.2   8349.7
   453.0      0.0      0.0      0.0      0.0      0.1      0.2   8349.7
   454.0      0.0      0.0      0.0      0.0      0.1      0.2   8349.7
   455.0      0.0      0.0      0.0      0.0      0.1      0.2   8349.7
   456.0      0.0      0.0      0.0      0.0      0.1      0.2   8349.8
   457.0      0.0      0.0      0.0      0.0      0.1      0.2   8349.8
   458.0      0.0      0.0      0.0      0.0      0.1      0.2   8349.8
   459.0      0.0      0.0      0.0      0.0      0.1      0.1   8349.8
   460.0      0.0      0.0      0.0      0.0      0.1      0.1   8349.8
   461.0      0.0      0.0      0.0      0.0      0.1      0.1   8349.8
   462.0      0.0      0.0      0.0      0.0      0.1      0.1   8349.8
   463.0      0.0      0.0      0.0      0.0      0.1      0.1   8349.9
   464.0      0.0      0.0      0.0      0.0      0.1      0.1   8349.9
   465.0      0.0      0.0      0.0      0.0      0.1      0.1   8349.9
   466.0      0.0      0.0      0.0      0.0      0.1      0.1   8349.9
   467.0      0.0      0.0      0.0      0.0      0.1      0.1   8349.9
   468.0      0.0      0.0      0.0      0.0      0.1      0.1   8349.9
   469.0      0.0      0.0      0.0      0.0      0.1      0.1   8349.9
   470.0      0.0      0.0      0.0      0.0      0.0      0.1   8349.9
   471.0      0.0      0.0      0.0      0.0      0.0      0.1   8349.9
   472.0      0.0      0.0      0.0      0.0      0.0      0.1   8349.9
   473.0      0.0      0.0      0.0      0.0      0.0      0.1   8349.9
   474.0      0.0      0.0      0.0      0.0      0.0      0.1   8350.0
   475.0      0.0      0.0      0.0      0.0      0.0      0.0   8350.0
   476.0      0.0      0.0      0.0      0.0      0.0      0.0   8350.0
   477.0      0.0      0.0      0.0      0.0      0.0      0.0   8350.0
   478.0      0.0      0.0      0.0      0.0      0.0      0.0   8350.0
   479.0      0.0      0.0      0.0      0.0      0.0      0.0   8350.0
   480.0      0.0      0.0      0.0      0.0      0.0      0.0   8350.0
   481.0      0.0      0.0      0.0      0.0      0.0      0.0   8350.0
   482.0      0.0      0.0      0.0      0.0      0.0      0.0   8350.0
   483.0      0.0      0.0      0.0      0.0      0.0      0.0   8350.0
   484.0      0.0      0.0      0.0      0.0      0.0      0.0   8350.0
   485.0      0.0      0.0      0.0      0.0      0.0      0.0   8350.0
   486.0      0.0      0.0      0.0      0.0      0.0      0.0   8350.0
   487.0      0.0      0.0      0.0      0.0      0.0      0.0   8350.0
   488.0      0.0      0.0      0.0      0.0      0.0      0.0   8350.0
   489.0      0.0      0.0      0.0      0.0      0.0      0.0   8350.0
   490.0      0.0      0.0      0.0      0.0      0.0      0.0   8350.0
   491.0      0.0      0.0      0.0      0.0      0.0      0.0   8350.0
   492.0      0.0      0.0      0.0      0.0      0.0      0.0   8350.0
   493.0      0.0      0.0      0.0      0.0      0.0      0.0   8350.0
   494.0      0.0      0.0      0.0      0.0      0.0      0.0   8350.0
   495.0      0.0      0.0      0.0      0.0      0.0      0.0   8350.0
   496.0      0.0      0.0      0.0      0.0      0.0      0.0   8350.0
   497.0      0.0      0.0      0.0      0.0      0.0      0.0   8350.0
   498.0      0.0      0.0      0.0      0.0      0.0      0.0   8350.0
   499.0      0.0      0.0      0.0      0.0      0.0      0.0   8350.0
   500.0      0.0      0.0      0.0      0.0      0.0      0.0   8350.0
   501.0      0.0      0.0      0.0      0.0      0.0      0.0   8350.0
   502.0      0.0      0.0      0.0      0.0      0.0      0.0   8350.0
   503.0      0.0      0.0      0.0      0.0      0.0      0.0   8350.0
   504.0      0.0      0.0      0.0      0.0      0.0      0.0   8350.0
   505.0      0.0      0.0      0.0      0.0      0.0      0.0   8350.0
   506.0      0.0      0.0      0.0      0.0      0.0      0.0   8350.0
   507.0      0.0      0.0      0.0      0.0      0.0      0.0   8350.0
   508.0      0.0      0.0      0.0      0.0      0.0      0.0   8350.0
   509.0      0.0      0.0      0.0      0.0      0.0      0.0   8350.0
   510.0      0.0      0.0      0.0      0.0      0.0      0.0   8350.0
   511.0      0.0      0.0      0.0      0.0      0.0      0.0   8350.0
   512.0      0.0      0.0      0.0      0.0      0.0      0.0   8350.0
   513.0      0.0      0.0      0.0      0.0      0.0      0.0   8350.0
   514.0      0.0      0.0      0.0      0.0      0.0      0.0   8350.0
   515.0      0.0      0.0      0.0      0.0      0.0      0.0   8350.0
   516.0      0.0      0.0      0.0      0.0      0.0      0.0   8350.0
   517.0      0.0      0.0      0.0      0.0      0.0      0.0   8350.0
   518.0      0.0      0.0      0.0      0.0      0.0      0.0   8350.0
   519.0      0.0      0.0      0.0      0.0      0.0      0.0   8350.0
   520.0      0.0      0.0      0.0      0.0      0.0      0.0   8350.0
   521.0      0.0      0.0      0.0      0.0      0.0      0.0   8350.0
   522.0      0.0      0.0      0.0      0.0      0.0      0.0   8350.0
   523.0      0.0      0.0      0.0      0.0      0.0      0.0   8350.0
   524.0      0.0      0.0      0.0      0.0      0.0      0.0   8350.0
   525.0      0.0      0.0      0.0      0.0      0.0      0.0   8350.0
   526.0      0.0      0.0      0.0      0.0      0.0      0.0   8350.0
   527.0      0.0      0.0      0.0      0.0      0.0      0.0   8350.0
   528.0      0.0      0.0      0.0      0.0   8350.0      0.0      0.0
   529.0      0.0      0.0      0.0      0.0   8350.0      0.0      0.0
   530.0      0.0      0.0      0.0      0.0   8350.0      0.0      0.0
   531.0      0.0      0.0      0.0      0.0   8350.0      0.0      0.0
   532.0      0.0      0.0      0.0      0.0   8350.0      0.0      0.0
   533.0      0.0      0.0      0.0      0.0   8350.0      0.0      0.0
   534.0      0.0      0.0      0.0      0.0   8350.0      0.0      0.0
   535.0      0.0      0.0      0.0      0.0   8350.0      0.0      0.0
   536.0      0.0      0.0      0.0      0.0   8350.0      0.0      0.0
   537.0      0.0      0.0      0.0      0.0   8350.0      0.0      0.0
   538.0      0.0      0.0      0.0      0.0   8350.0      0.0      0.0
   539.0      0.0      0.0      0.0      0.0   8350.0      0.0      0.0
   540.0      0.0      0.0      0.0      0.0   8350.0      0.0      0.0
   541.0      0.0      0.0      0.0      0.0   8350.0      0.0      0.0
   542.0      0.0      0.0      0.0      0.0   8350.0      0.0      0.0
   543.0      0.0      0.0      0.0      0.0   8350.0      0.0      0.0
   544.0      0.0      0.0      0.0      0.0   8350.0      0.0      0.0
   545.0      0.0      0.0      0.0      0.0   8350.0      0.0      0.0
   546.0      0.0      0.0      0.0      0.0   8350.0      0.0      0.0
   547.0      0.0      0.0      0.0      0.0   8350.0      0.0      0.0
   548.0      0.0      0.0      0.0      0.0   8350.0      0.0      0.0
   549.0      0.0      0.0      0.0      0.0   8350.0      0.0      0.0
   550.0      0.0      0.0      0.0      0.0   8350.0      0.0      0.0
   551.0      0.0      0.0      0.0      0.0   8350.0      0.0      0.0
   552.0      0.0      0.0      0.0      0.0   8350.0      0.0      0.0
   553.0      0.0      0.0      0.0      0.0   8350.0      0.0      0.0
   554.0      0.0      0.0      0.0      0.0   8350.0      0.0      0.0
   555.0      0.0      0.0      0.0      0.0   8350.0      0.0      0.0
   556.0      0.0      0.0      0.0      0.0   8350.0      0.0      0.0
   557.0      0.0      0.0      0.0      0.0   7824.0    526.1      0.0
   558.0      0.0      0.0      0.0      0.0   7308.9   1041.2      0.0
   559.0      0.0      0.0      0.0      0.0   6831.5   1518.6      0.0
   560.0      0.0      0.0      0.0      0.0   6401.1   1949.0      0.0
   561.0      0.0      0.0      0.0      0.0   5997.8   2352.2      0.0
   562.0      0.0      0.0      0.0      0.0   5620.0   2730.1      0.0
   563.0      0.0      0.0      0.0      0.0   5265.9   3084.1      0.0
   564.0      0.0      0.0      0.0      0.0   4930.1   3420.0      0.0
   565.0      0.0      0.0      0.0      0.0   4605.8   3744.3      0.0
   566.0      0.0      0.0      0.0      0.0   4301.7   4048.4      0.0
   567.0      0.0      0.0      0.0      0.0   4011.9   3870.7    467.4
   568.0      0.0      0.0      0.0      0.0   8350.0      0.0      0.0
   569.0      0.0      0.0      0.0      0.0   8350.0      0.0      0.0
   570.0      0.0      0.0      0.0      0.0   8350.0      0.0      0.0
   571.0      0.0      0.0      0.0      0.0   8350.0      0.0      0.0
   572.0      0.0      0.0      0.0      0.0   8350.0      0.0      0.0
   573.0      0.0      0.0      0.0      0.0   8350.0      0.0      0.0
   574.0      0.0      0.0      0.0      0.0   8350.0      0.0      0.0
   575.0      0.0      0.0      0.0      0.0   8350.0      0.0      0.0
   576.0      0.0      0.0      0.0      0.0   8350.0      0.0      0.0
   577.0      0.0      0.0      0.0      0.0   8350.0      0.0      0.0
   578.0      0.0      0.0      0.0      0.0   8350.0      0.0      0.0
   579.0      0.0      0.0      0.0      0.0   8350.0      0.0      0.0
   580.0      0.0      0.0      0.0      0.0   8350.0      0.0      0.0
   581.0      0.0      0.0      0.0      0.0   8350.0      0.0      0.0
   582.0      0.0      0.0      0.0      0.0   8350.0      0.0      0.0
   583.0      0.0      0.0      0.0      0.0   8350.0      0.0      0.0
   584.0      0.0      0.0      0.0      0.0   8350.0      0.0      0.0
   585.0      0.0      0.0      0.0      0.0   8350.0      0.0      0.0
   586.0      0.0      0.0      0.0      0.0   8350.0      0.0      0.0
   587.0      0.0      0.0      0.0      0.0   8350.0      0.0      0.0
   588.0      0.0      0.0      0.0      0.0   8350.0      0.0      0.0
   589.0      0.0      0.0      0.0      0.0   8350.0      0.0      0.0
   590.0      0.0      0.0      0.0      0.0   8350.0      0.0      0.0
   591.0      0.0      0.0      0.0      0.0   8350.0      0.0      0.0
   592.0      0.0      0.0      0.0      0.0   8350.0      0.0      0.0
   593.0      0.0      0.0      0.0      0.0   8350.0      0.0      0.0
   594.0      0.0      0.0      0.0      0.0   8350.0      0.0      0.0
   595.0      0.0      0.0      0.0      0.0   8350.0      0.0      0.0
   596.0      0.0      0.0      0.0      0.0   8350.0      0.0      0.0
   597.0      0.0      0.0      0.0      0.0   7815.3    534.8      0.0
   598.0      0.0      0.0      0.0      0.0   7322.9   1027.1      0.0
   599.0      0.0      0.0      0.0      0.0   6856.3   1493.7      0.0
   600.0      0.0      0.0      0.0      0.0   6398.1   1952.0      0.0
   601.0      0.0      0.0      0.0      0.0   5977.7   2372.4      0.0
   602.0      0.0      0.0      0.0      0.0   5583.6   2766.5      0.0
   603.0      0.0      0.0      0.0      0.0   5231.8   3118.2      0.0
   604.0      0.0      0.0      0.0      0.0   4902.2   3447.8      0.0
   605.0      0.0      0.0      0.0      0.0   4582.5   3767.5      0.0
   606.0      0.0      0.0      0.0      0.0   4278.2   4071.8      0.0
   607.0      0.0      0.0      0.0      0.0   4005.6   3899.7    444.8
   608.0      0.0      0.0      0.0      0.0   3736.0   3719.3    894.7
   609.0      0.0      0.0      0.0      0.0   3500.6   3553.0   1296.4
   610.0      0.0      0.0      0.0      0.0   3280.1   3389.8   1680.1
   611.0      0.0      0.0      0.0      0.0   3067.4   3225.7   2057.0
   612.0      0.0      0.0      0.0      0.0   2864.2   3062.6   2423.2
   613.0      0.0      0.0      0.0      0.0   2683.8   2912.3   2754.0
   614.0      0.0      0.0      0.0      0.0   2514.7   2766.8   3068.5
   615.0      0.0      0.0      0.0      0.0   2356.3   2626.4   3367.3
   616.0      0.0      0.0      0.0      0.0   2207.8   2491.2   3651.0
   617.0      0.0      0.0      0.0      0.0   2068.7   2361.3   3920.0
   618.0      0.0      0.0      0.0      0.0   1938.4   2236.6   4175.0
   619.0      0.0      0.0      0.0      0.0   1816.3   2117.2   4416.6
   620.0      0.0      0.0      0.0      0.0   1701.9   2002.9   4645.3
   621.0      0.0      0.0      0.0      0.0   1594.6   1893.8   4861.6
   622.0      0.0      0.0      0.0      0.0   1494.2   1789.8   5066.1
   623.0      0.0      0.0      0.0      0.0   1400.1   1690.6   5259.4
