        2013
   206.0 0.9758 1.0000 1.0000 0.9758 1.0000
   207.0 0.8712 1.0000 1.0000 0.8712 1.0000
   208.0 0.7058 1.0000 1.0000 0.7058 1.0000
   209.0 0.7793 1.0000 1.0000 0.7793 1.0000
   210.0 0.7884 1.0000 1.0000 0.7884 1.0000
   211.0 0.8765 1.0000 1.0000 0.8765 1.0000
   212.0 0.9880 1.0000 1.0000 0.9880 1.0000
   213.0 0.9751 1.0000 1.0000 0.9751 1.0000
   214.0 0.9689 1.0000 1.0000 0.9689 1.0000
   215.0 0.8965 1.0000 1.0000 0.8965 1.0000
   216.0 0.7696 1.0000 1.0000 0.8773 0.8772
   217.0 0.8486 1.0000 1.0000 0.9784 0.8674
   218.0 0.9131 1.0000 1.0000 0.9999 0.9132
   219.0 0.8756 1.0000 1.0000 0.9513 0.9204
   220.0 0.8036 1.0000 1.0000 0.8858 0.9073
   221.0 0.8448 1.0000 1.0000 0.9227 0.9155
   222.0 0.8685 1.0000 1.0000 0.9194 0.9446
   223.0 0.9236 1.0000 1.0000 0.9832 0.9394
   224.0 0.9117 1.0000 1.0000 0.9559 0.9537
   225.0 0.8103 1.0000 1.0000 0.8486 0.9549
   226.0 0.7489 1.0000 1.0000 0.7804 0.9597
   227.0 0.7245 1.0000 1.0000 0.7876 0.9199
   228.0 0.7899 1.0000 1.0000 0.8050 0.9812
   229.0 0.8575 1.0000 1.0000 0.8652 0.9912
   230.0 0.8751 1.0000 1.0000 0.9009 0.9713
   231.0 0.9156 1.0000 1.0000 0.9661 0.9478
   232.0 0.9387 1.0000 1.0000 1.0000 0.9387
   233.0 0.9121 1.0000 1.0000 0.9864 0.9247
   234.0 0.9223 1.0000 1.0000 0.9999 0.9223
   235.0 0.9053 1.0000 1.0000 0.9980 0.9072
   236.0 0.8984 1.0000 1.0000 0.9935 0.9043
   237.0 0.8687 1.0000 1.0000 0.9713 0.8944
   238.0 0.8824 1.0000 1.0000 0.9523 0.9265
   239.0 0.8726 1.0000 1.0000 0.9351 0.9331
   240.0 0.8948 1.0000 1.0000 0.9598 0.9324
   241.0 0.9237 1.0000 1.0000 0.9830 0.9397
   242.0 0.8959 1.0000 1.0000 0.9369 0.9562
   243.0 0.9374 1.0000 1.0000 0.9946 0.9425
   244.0 0.9214 1.0000 1.0000 0.9532 0.9666
   245.0 0.7932 1.0000 1.0000 0.8246 0.9620
   246.0 0.7554 1.0000 1.0000 0.7976 0.9471
   247.0 0.9102 1.0000 1.0000 0.9815 0.9274
   248.0 0.9565 1.0000 1.0000 0.9979 0.9585
   249.0 0.9438 1.0000 1.0000 0.9999 0.9439
   250.0 0.8947 1.0000 1.0000 0.9921 0.9017
   251.0 0.9046 1.0000 1.0000 0.9995 0.9050
   252.0 0.9125 1.0000 1.0000 0.9526 0.9579
   253.0 0.9477 1.0000 1.0000 0.9841 0.9630
   254.0 0.9202 1.0000 1.0000 0.9999 0.9203
   255.0 0.7547 1.0000 1.0000 0.8265 0.9131
   256.0 0.6317 1.0000 1.0000 0.6845 0.9228
   257.0 0.6490 1.0000 1.0000 0.6946 0.9344
   258.0 0.6278 1.0000 1.0000 0.7074 0.8875
   259.0 0.5247 1.0000 1.0000 0.6152 0.8529
   260.0 0.5116 1.0000 1.0000 0.6409 0.7981
   261.0 0.9640 1.0000 1.0000 0.9992 0.9648
   262.0 0.9311 1.0000 1.0000 0.9835 0.9468
   263.0 0.5761 1.0000 1.0000 0.6106 0.9435
   264.0 0.6139 1.0000 1.0000 0.6496 0.9451
   265.0 0.7189 1.0000 1.0000 0.7725 0.9306
   266.0 0.7494 1.0000 1.0000 0.7822 0.9580
   267.0 0.7694 1.0000 1.0000 0.8063 0.9542
   268.0 0.7892 1.0000 1.0000 0.8114 0.9727
   269.0 0.9041 1.0000 1.0000 0.9538 0.9478
   270.0 0.9434 1.0000 1.0000 0.9978 0.9454
   271.0 0.5888 1.0000 1.0000 0.6345 0.9280
   272.0 0.6533 1.0000 1.0000 0.6922 0.9438
   273.0 0.7573 1.0000 1.0000 0.8050 0.9407
   274.0 0.8546 0.9994 1.0000 0.9133 0.9357
   275.0 0.8591 0.9970 1.0000 0.9381 0.9157
   276.0 0.8735 1.0000 1.0000 0.9851 0.8867
   277.0 0.8515 1.0000 1.0000 0.9341 0.9116
   278.0 0.4818 1.0000 1.0000 0.5394 0.8932
   279.0 0.0212 1.0000 1.0000 0.1411 0.1500
   280.0 0.6009 1.0000 1.0000 0.6247 0.9619
   281.0 0.7028 1.0000 1.0000 0.7537 0.9325
   282.0 0.7125 1.0000 1.0000 0.7623 0.9347
   283.0 0.7556 1.0000 1.0000 0.7913 0.9550
   284.0 0.7269 1.0000 1.0000 0.7777 0.9347
   285.0 0.4720 1.0000 1.0000 0.5025 0.9394
   286.0 0.3429 1.0000 1.0000 0.3600 0.9525
   287.0 0.2707 1.0000 1.0000 0.3067 0.8826
   288.0 0.3737 1.0000 1.0000 0.4045 0.9239
   289.0 0.0394 1.0000 1.0000 0.0853 0.4613
   290.0 0.2410 1.0000 1.0000 0.2738 0.8803
   291.0 0.0723 1.0000 1.0000 0.0899 0.8040
   292.0 0.0872 1.0000 1.0000 0.0977 0.8923
   293.0 0.3317 1.0000 1.0000 0.3381 0.9812
   294.0 0.0052 1.0000 1.0000 0.0058 0.9002
   295.0 0.0000 1.0000 1.0000 0.0000 0.1500
   296.0 0.0000 1.0000 1.0000 0.0000 0.1500
   297.0 0.0000 1.0000 1.0000 0.0000 0.7376
   298.0 0.0077 1.0000 1.0000 0.0084 0.9143
   299.0 0.0100 1.0000 1.0000 0.0112 0.8927
   300.0 0.0877 1.0000 1.0000 0.0944 0.9293
   301.0 0.0608 1.0000 1.0000 0.0668 0.9110
   302.0 0.1618 1.0000 1.0000 0.2034 0.7955
   303.0 0.5093 1.0000 1.0000 0.5979 0.8518
   304.0 0.0906 1.0000 1.0000 0.1654 0.5479
   305.0 0.1902 1.0000 1.0000 0.2257 0.8429
   306.0 0.0984 1.0000 1.0000 0.1103 0.8925
   307.0 0.0623 1.0000 1.0000 0.0688 0.9053
   308.0 0.1063 1.0000 1.0000 0.1226 0.8665
   309.0 0.0452 1.0000 1.0000 0.0869 0.5202
   310.0 0.0000 1.0000 1.0000 0.0000 0.6860
   311.0 0.0000 1.0000 1.0000 0.0000 0.7673
   312.0 0.0144 1.0000 1.0000 0.0160 0.9028
   313.0 0.1130 1.0000 1.0000 0.1338 0.8450
   314.0 0.0000 1.0000 1.0000 0.0000 0.6959
   315.0 0.0000 1.0000 1.0000 0.0000 0.8383
   316.0 0.0000 1.0000 1.0000 0.0000 0.1500
   317.0 0.0000 1.0000 1.0000 0.0000 0.8665
   318.0 0.0464 1.0000 1.0000 0.0511 0.9085
   319.0 0.0139 1.0000 1.0000 0.0155 0.8924
   320.0 0.3704 1.0000 1.0000 0.3905 0.9484
   321.0 0.0536 1.0000 1.0000 0.1155 0.4643
   322.0 0.0000 1.0000 1.0000 0.0000 0.7654
   323.0 0.0045 1.0000 1.0000 0.0048 0.9331
   324.0 0.0000 1.0000 1.0000 0.0002 0.1500
   325.0 0.0000 1.0000 1.0000 0.0000 0.1500
   326.0 0.0000 1.0000 1.0000 0.0000 0.1500
   327.0 0.0000 1.0000 1.0000 0.0000 0.1500
   328.0 0.0000 1.0000 1.0000 0.0000 0.1500
   329.0 0.0000 1.0000 1.0000 0.0000 0.1500
   330.0 0.0000 1.0000 1.0000 0.0000 0.1500
   331.0 0.0000 1.0000 1.0000 0.0000 0.1500
   332.0 0.0000 1.0000 1.0000 0.0000 0.1500
   333.0 0.0000 1.0000 1.0000 0.0000 0.5119
   334.0 0.0000 1.0000 1.0000 0.0000 0.8591
   335.0 0.0000 1.0000 1.0000 0.0000 0.1660
   336.0 0.0000 1.0000 1.0000 0.0000 0.4302
   337.0 0.0000 1.0000 1.0000 0.0000 0.1768
   338.0 0.0000 1.0000 1.0000 0.0000 0.4724
   339.0 0.0000 1.0000 1.0000 0.0000 0.1744
   340.0 0.0000 1.0000 1.0000 0.0000 0.1500
   341.0 0.0000 1.0000 1.0000 0.0000 0.1500
   342.0 0.0000 1.0000 1.0000 0.0000 0.1500
   343.0 0.0000 1.0000 1.0000 0.0000 0.1500
   344.0 0.0000 1.0000 1.0000 0.0000 0.1500
   345.0 0.0000 1.0000 1.0000 0.0000 0.1500
   346.0 0.0000 1.0000 1.0000 0.0000 0.1500
   347.0 0.0000 1.0000 1.0000 0.0000 0.1500
   348.0 0.0000 1.0000 1.0000 0.0000 0.1500
   349.0 0.0000 1.0000 1.0000 0.0000 0.1500
   350.0 0.0000 1.0000 1.0000 0.0000 0.1500
   351.0 0.0000 1.0000 1.0000 0.0000 0.3160
   352.0 0.0000 1.0000 1.0000 0.0000 0.7036
   353.0 0.0000 1.0000 1.0000 0.0000 0.1500
   354.0 0.0000 1.0000 1.0000 0.0000 0.2081
   355.0 0.0000 1.0000 1.0000 0.0000 0.1500
   356.0 0.0000 1.0000 1.0000 0.0000 0.1500
   357.0 0.0000 1.0000 1.0000 0.0000 0.1500
   358.0 0.0000 1.0000 1.0000 0.0000 0.1500
   359.0 0.0000 1.0000 1.0000 0.0000 0.1500
   360.0 0.0000 1.0000 1.0000 0.0000 0.1500
   361.0 0.0000 1.0000 1.0000 0.0000 0.8134
   362.0 0.0000 1.0000 1.0000 0.0000 0.8053
   363.0 0.0000 1.0000 1.0000 0.0000 0.1500
   364.0 0.0000 1.0000 1.0000 0.0000 0.2292
   365.0 0.0000 1.0000 1.0000 0.0000 0.1500
   366.0 0.0000 1.0000 1.0000 0.0000 0.1500
   367.0 0.0000 1.0000 1.0000 0.0000 0.1500
   368.0 0.0000 1.0000 1.0000 0.0000 0.5124
   369.0 0.0000 1.0000 1.0000 0.0000 0.9548
   370.0 0.0000 1.0000 1.0000 0.0000 0.1500
   371.0 0.0000 1.0000 1.0000 0.0000 0.2407
   372.0 0.0000 1.0000 1.0000 0.0000 0.1500
   373.0 0.0000 1.0000 1.0000 0.0000 0.1500
   374.0 0.0000 1.0000 1.0000 0.0000 0.1500
   375.0 0.0000 1.0000 1.0000 0.0000 0.1500
   376.0 0.0000 1.0000 1.0000 0.0000 0.1500
   377.0 0.0000 1.0000 1.0000 0.0000 0.7671
   378.0 0.0000 1.0000 1.0000 0.0000 0.3167
   379.0 0.0000 1.0000 1.0000 0.0000 0.7846
   380.0 0.0000 1.0000 1.0000 0.0000 0.1500
   381.0 0.0000 1.0000 1.0000 0.0000 0.8415
   382.0 0.0000 1.0000 1.0000 0.0000 0.1500
   383.0 0.0000 1.0000 1.0000 0.0000 0.9583
   384.0 0.0000 1.0000 1.0000 0.0000 0.8176
   385.0 0.0000 1.0000 1.0000 0.0000 0.8539
   386.0 0.0000 1.0000 1.0000 0.0000 0.1500
   387.0 0.0000 1.0000 1.0000 0.0000 0.1500
   388.0 0.0000 1.0000 1.0000 0.0000 0.1500
   389.0 0.0000 1.0000 1.0000 0.0000 0.7706
   390.0 0.0000 1.0000 1.0000 0.0000 0.5373
   391.0 0.0000 1.0000 1.0000 0.0000 0.8846
   392.0 0.0000 1.0000 1.0000 0.0000 0.1500
   393.0 0.0000 1.0000 1.0000 0.0000 0.1500
   394.0 0.0000 1.0000 1.0000 0.0000 0.8468
   395.0 0.0000 1.0000 1.0000 0.0000 0.7658
   396.0 0.0000 1.0000 1.0000 0.0000 0.1500
   397.0 0.0000 1.0000 1.0000 0.0000 0.1500
   398.0 0.0000 1.0000 1.0000 0.0000 0.1500
   399.0 0.0000 1.0000 1.0000 0.0000 0.8118
   400.0 0.0000 1.0000 1.0000 0.0000 0.1500
   401.0 0.0000 1.0000 1.0000 0.0000 0.2389
   402.0 0.0000 1.0000 1.0000 0.0000 0.1500
   403.0 0.0000 1.0000 1.0000 0.0000 0.1500
   404.0 0.0000 1.0000 1.0000 0.0000 0.1500
   405.0 0.0000 1.0000 1.0000 0.0000 0.1500
   406.0 0.0000 1.0000 1.0000 0.0000 0.1500
   407.0 0.0000 1.0000 1.0000 0.0000 0.1500
   408.0 0.0000 1.0000 1.0000 0.0000 0.1500
   409.0 0.0000 1.0000 1.0000 0.0000 1.0000
   410.0 0.0000 1.0000 1.0000 0.0000 0.1500
   411.0 0.0000 1.0000 1.0000 0.0000 0.5048
   412.0 0.0000 1.0000 1.0000 0.0000 0.2669
   413.0 0.0000 1.0000 1.0000 0.0000 0.6949
   414.0 0.0000 1.0000 1.0000 0.0000 0.7981
   415.0 0.0000 1.0000 1.0000 0.0000 0.7144
   416.0 0.0000 1.0000 1.0000 0.0000 0.5607
   417.0 0.0000 1.0000 1.0000 0.0000 0.1500
   418.0 0.0000 1.0000 1.0000 0.0000 0.1500
   419.0 0.0000 1.0000 1.0000 0.0000 0.1500
   420.0 0.0000 1.0000 1.0000 0.0000 0.1500
   421.0 0.0000 1.0000 1.0000 0.0000 0.1500
   422.0 0.0000 1.0000 1.0000 0.0000 0.4142
   423.0 0.0000 1.0000 1.0000 0.0000 0.1753
   424.0 0.0000 1.0000 1.0000 0.0000 0.5733
   425.0 0.0000 1.0000 1.0000 0.0000 0.1500
   426.0 0.0000 1.0000 1.0000 0.0000 0.2093
   427.0 0.0000 1.0000 1.0000 0.0000 0.1500
   428.0 0.0000 1.0000 1.0000 0.0000 0.1500
   429.0 0.0000 1.0000 1.0000 0.0000 0.1500
   430.0 0.0000 1.0000 1.0000 0.0000 0.4471
   431.0 0.0000 1.0000 1.0000 0.0000 0.4200
   432.0 0.0000 1.0000 1.0000 0.0000 0.1500
   433.0 0.0000 1.0000 1.0000 0.0000 0.8958
   434.0 0.2478 1.0000 1.0000 0.2682 0.9238
   435.0 0.0000 1.0000 1.0000 0.0000 0.1500
   436.0 0.0000 1.0000 1.0000 0.0000 0.1500
   437.0 0.0990 1.0000 1.0000 0.1065 0.9290
   438.0 0.0394 1.0000 1.0000 0.0527 0.7477
   439.0 0.0000 1.0000 1.0000 0.0000 0.6487
   440.0 0.0000 1.0000 1.0000 0.0000 0.1500
   441.0 0.0000 1.0000 1.0000 0.0000 0.8740
   442.0 0.0000 1.0000 1.0000 0.0000 0.6933
   443.0 0.0000 1.0000 1.0000 0.0000 0.3063
   444.0 0.0128 1.0000 1.0000 0.0146 0.8761
   445.0 0.0297 1.0000 1.0000 0.0328 0.9035
   446.0 0.0000 1.0000 1.0000 0.0000 0.1500
   447.0 0.0000 1.0000 1.0000 0.0000 0.4116
   448.0 0.0000 1.0000 1.0000 0.0000 0.4681
   449.0 0.0000 1.0000 1.0000 0.0000 0.1559
   450.0 0.0000 1.0000 1.0000 0.0000 0.9008
   451.0 0.0389 1.0000 1.0000 0.0436 0.8926
   452.0 0.0000 1.0000 1.0000 0.0000 0.1500
   453.0 0.0000 1.0000 1.0000 0.0000 0.8234
   454.0 0.3314 1.0000 1.0000 0.3485 0.9509
   455.0 0.2416 1.0000 1.0000 0.2508 0.9632
   456.0 0.0000 1.0000 1.0000 0.0000 0.8354
   457.0 0.0000 1.0000 1.0000 0.0000 0.8505
   458.0 0.0000 1.0000 1.0000 0.0000 0.1500
   459.0 0.0000 1.0000 1.0000 0.0000 0.1500
   460.0 0.0071 1.0000 1.0000 0.0078 0.9105
   461.0 0.1933 1.0000 1.0000 0.2118 0.9127
   462.0 0.2839 1.0000 1.0000 0.3074 0.9235
   463.0 0.0623 1.0000 1.0000 0.0683 0.9120
   464.0 0.4088 1.0000 1.0000 0.4289 0.9530
   465.0 0.5091 1.0000 1.0000 0.5700 0.8931
   466.0 0.5257 1.0000 1.0000 0.5737 0.9164
   467.0 0.8624 1.0000 1.0000 0.9358 0.9215
   468.0 0.0925 1.0000 1.0000 0.1045 0.8853
   469.0 0.0000 1.0000 1.0000 0.0000 0.1500
   470.0 0.0000 1.0000 1.0000 0.0000 0.8318
   471.0 0.2179 1.0000 1.0000 0.2318 0.9399
   472.0 0.0412 1.0000 1.0000 0.0463 0.8913
   473.0 0.1318 1.0000 1.0000 0.1396 0.9442
   474.0 0.6408 1.0000 1.0000 0.6714 0.9543
   475.0 0.8830 1.0000 1.0000 0.9161 0.9638
   476.0 0.6743 1.0000 1.0000 0.7049 0.9565
   477.0 0.3313 1.0000 1.0000 0.3488 0.9496
   478.0 0.1009 1.0000 1.0000 0.2250 0.4486
   479.0 0.2445 1.0000 1.0000 0.2770 0.8826
   480.0 0.5508 1.0000 1.0000 0.5710 0.9647
   481.0 0.5846 1.0000 1.0000 0.6106 0.9575
   482.0 0.3430 1.0000 1.0000 0.3596 0.9537
   483.0 0.2516 1.0000 1.0000 0.4153 0.6057
   484.0 0.0301 1.0000 1.0000 0.0481 0.6269
   485.0 0.0000 1.0000 1.0000 0.0000 0.1500
   486.0 0.0127 1.0000 1.0000 0.0845 0.1500
   487.0 0.3524 1.0000 1.0000 0.3754 0.9386
   488.0 0.5571 1.0000 1.0000 0.5791 0.9620
   489.0 0.3989 1.0000 1.0000 0.4307 0.9261
   490.0 0.5802 1.0000 1.0000 0.6076 0.9550
   491.0 0.7005 1.0000 1.0000 0.7205 0.9723
   492.0 0.9177 1.0000 1.0000 0.9725 0.9437
   493.0 0.8105 1.0000 1.0000 0.9017 0.8989
   494.0 0.4992 1.0000 1.0000 0.5973 0.8358
   495.0 0.7640 1.0000 1.0000 0.7965 0.9591
   496.0 0.7655 1.0000 1.0000 0.7806 0.9807
   497.0 0.6904 1.0000 1.0000 0.7145 0.9663
   498.0 0.3093 1.0000 1.0000 0.3585 0.8628
   499.0 0.2820 1.0000 1.0000 0.3156 0.8936
   500.0 0.0572 1.0000 1.0000 0.0794 0.7201
   501.0 0.1021 1.0000 1.0000 0.1197 0.8529
   502.0 0.3780 1.0000 1.0000 0.3948 0.9574
   503.0 0.5427 1.0000 1.0000 0.5679 0.9556
   504.0 0.8155 1.0000 1.0000 0.8366 0.9747
   505.0 0.9663 1.0000 1.0000 0.9880 0.9780
   506.0 0.8849 1.0000 1.0000 0.9203 0.9615
   507.0 0.7782 1.0000 1.0000 0.8470 0.9188
   508.0 0.8250 1.0000 1.0000 0.8552 0.9648
   509.0 0.8569 1.0000 1.0000 0.9039 0.9480
   510.0 0.8947 1.0000 1.0000 0.9300 0.9621
   511.0 0.9221 1.0000 1.0000 0.9641 0.9564
   512.0 0.9658 1.0000 1.0000 0.9796 0.9859
   513.0 0.9318 1.0000 1.0000 0.9640 0.9666
   514.0 0.9574 1.0000 1.0000 0.9876 0.9694
   515.0 0.9695 1.0000 1.0000 0.9995 0.9700
   516.0 0.9746 1.0000 1.0000 1.0000 0.9746
   517.0 0.9468 1.0000 1.0000 0.9997 0.9470
   518.0 0.9305 1.0000 1.0000 0.9759 0.9534
   519.0 0.8792 1.0000 1.0000 0.8992 0.9777
   520.0 0.9066 1.0000 1.0000 0.9242 0.9809
   521.0 0.8524 1.0000 1.0000 0.8748 0.9744
   522.0 0.9397 1.0000 1.0000 0.9771 0.9617
   523.0 0.7970 1.0000 1.0000 0.8565 0.9305
   524.0 0.7933 1.0000 1.0000 0.8467 0.9369
   525.0 0.7544 1.0000 1.0000 0.8331 0.9055
   526.0 0.8618 1.0000 1.0000 0.8912 0.9670
   527.0 0.9034 1.0000 1.0000 0.9438 0.9572
   528.0 0.7865 1.0000 1.0000 0.8236 0.9550
   529.0 0.7429 1.0000 1.0000 0.7700 0.9648
   530.0 0.8542 1.0000 1.0000 0.9392 0.9095
   531.0 0.8835 1.0000 1.0000 0.9656 0.9149
   532.0 0.9735 1.0000 1.0000 0.9930 0.9804
   533.0 0.9422 1.0000 1.0000 0.9851 0.9564
   534.0 0.9677 1.0000 1.0000 1.0000 0.9677
   535.0 0.9042 1.0000 1.0000 0.9721 0.9301
   536.0 0.9587 1.0000 1.0000 0.9909 0.9674
   537.0 0.9473 1.0000 1.0000 0.9978 0.9494
   538.0 0.8878 1.0000 1.0000 0.9574 0.9273
   539.0 0.9338 1.0000 1.0000 0.9777 0.9551
   540.0 0.8968 1.0000 1.0000 0.9654 0.9289
   541.0 0.9442 1.0000 1.0000 0.9863 0.9574
   542.0 0.9224 1.0000 1.0000 0.9805 0.9408
   543.0 0.9176 1.0000 1.0000 0.9816 0.9349
   544.0 0.9413 1.0000 1.0000 0.9898 0.9511
   545.0 0.9282 1.0000 1.0000 0.9649 0.9620
   546.0 0.8506 1.0000 1.0000 0.9464 0.8987
   547.0 0.8428 1.0000 1.0000 0.8805 0.9572
   548.0 0.6774 1.0000 1.0000 0.7362 0.9200
   549.0 0.7681 1.0000 1.0000 0.8086 0.9499
   550.0 0.8604 1.0000 1.0000 0.8803 0.9774
   551.0 0.8297 1.0000 1.0000 0.9225 0.8993
   552.0 0.9629 1.0000 1.0000 0.9975 0.9653
   553.0 0.9761 1.0000 1.0000 0.9991 0.9770
   554.0 0.9412 1.0000 1.0000 0.9632 0.9772
   555.0 0.8778 1.0000 1.0000 0.9028 0.9723
   556.0 0.9169 1.0000 1.0000 0.9581 0.9570
   557.0 0.8693 1.0000 1.0000 0.9438 0.9210
   558.0 0.9405 1.0000 1.0000 0.9922 0.9479
   559.0 0.9331 1.0000 1.0000 0.9902 0.9423
   560.0 0.7394 1.0000 1.0000 0.8038 0.9199
   561.0 0.7334 1.0000 1.0000 0.7626 0.9617
   562.0 0.7483 1.0000 1.0000 0.8022 0.9327
   563.0 0.8132 1.0000 1.0000 0.8402 0.9679
   564.0 0.9111 1.0000 1.0000 0.9111 0.9999
   565.0 0.9398 1.0000 1.0000 0.9585 0.9804
   566.0 0.9432 1.0000 1.0000 0.9785 0.9640
   567.0 0.9621 1.0000 1.0000 0.9939 0.9680
   568.0 0.9755 1.0000 1.0000 0.9987 0.9767
   569.0 0.9169 1.0000 1.0000 0.9548 0.9603
   570.0 0.8702 1.0000 1.0000 0.8963 0.9709
   571.0 0.9389 1.0000 1.0000 0.9675 0.9705
   572.0 0.9437 1.0000 1.0000 0.9987 0.9450
   573.0 0.9286 1.0000 1.0000 0.9314 0.9970
   574.0 0.8232 1.0000 1.0000 0.8691 0.9472
   575.0 0.8647 1.0000 1.0000 0.8829 0.9794
   576.0 0.8849 1.0000 1.0000 0.9088 0.9737
   577.0 0.8934 1.0000 1.0000 0.9293 0.9614
   578.0 0.8859 1.0000 1.0000 0.9371 0.9454
   579.0 0.9032 1.0000 1.0000 0.9751 0.9263
   580.0 0.8997 1.0000 1.0000 0.9912 0.9077
   581.0 0.9030 1.0000 1.0000 0.9983 0.9045
   582.0 0.8184 1.0000 1.0000 0.9581 0.8542
   583.0 0.1329 1.0000 1.0000 0.8860 0.1500
   584.0 0.1393 1.0000 1.0000 0.9288 0.1500
   585.0 0.9093 1.0000 1.0000 0.9646 0.9427
   586.0 0.8795 1.0000 1.0000 0.9645 0.9119
   587.0 0.9232 1.0000 1.0000 0.9623 0.9593
   588.0 0.8806 1.0000 1.0000 0.9380 0.9388
   589.0 0.8407 1.0000 1.0000 0.8636 0.9734
   590.0 0.9080 1.0000 1.0000 0.9196 0.9873
   591.0 0.9190 1.0000 1.0000 0.9277 0.9906
   592.0 0.1374 1.0000 1.0000 0.9163 0.1500
   593.0 0.9123 1.0000 1.0000 0.9790 0.9319
   594.0 0.9470 1.0000 1.0000 0.9854 0.9610
   595.0 0.9486 1.0000 1.0000 0.9999 0.9487
   596.0 0.9638 1.0000 1.0000 0.9924 0.9712
   597.0 0.9149 1.0000 1.0000 0.9557 0.9573
   598.0 0.8910 1.0000 1.0000 0.9901 0.8999
   599.0 0.9103 1.0000 1.0000 0.9898 0.9197
   600.0 0.9548 1.0000 1.0000 0.9990 0.9558
   601.0 0.9386 1.0000 1.0000 0.9748 0.9629
   602.0 0.9418 1.0000 1.0000 0.9999 0.9419
   603.0 0.8784 1.0000 1.0000 0.9518 0.9228
   604.0 0.7926 1.0000 1.0000 0.9428 0.8407
   605.0 0.9317 1.0000 1.0000 0.9679 0.9626
   606.0 0.9486 1.0000 1.0000 0.9920 0.9562
   607.0 0.9103 1.0000 1.0000 0.9467 0.9616
   608.0 0.9614 1.0000 1.0000 0.9814 0.9796
   609.0 0.8957 1.0000 1.0000 0.9437 0.9492
   610.0 0.8439 1.0000 1.0000 0.9168 0.9205
   611.0 0.9265 1.0000 1.0000 0.9561 0.9690
   612.0 0.9461 1.0000 1.0000 0.9613 0.9842
   613.0 0.7426 1.0000 1.0000 0.7934 0.9360
   614.0 0.7273 1.0000 1.0000 0.7620 0.9544
   615.0 0.7319 1.0000 1.0000 0.7804 0.9379
   616.0 0.6522 1.0000 1.0000 0.7266 0.8976
   617.0 0.8250 1.0000 1.0000 0.9369 0.8805
   618.0 0.6231 1.0000 1.0000 0.6512 0.9569
   619.0 0.2063 1.0000 1.0000 0.3898 0.5292
   620.0 0.0923 1.0000 1.0000 0.1167 0.7912
   621.0 0.1946 1.0000 1.0000 0.2148 0.9059
   622.0 0.5831 1.0000 1.0000 0.6237 0.9348
   623.0 0.3269 1.0000 1.0000 0.3661 0.8930
