                                             UNITED STATES DEPARTMENT OF AGRICULTURE                                              
                                                  AGRICULTURAL RESEARCH SERVICE                                                   
                                                  ROOT ZONE WATER QUALITY MODEL                                                   
                                                                                                                                  
                                                                                                                                  
                                                                                                                                  
                                                                                                                                  
                                                                                                                                  
          LONGITUDE OF TEST SITE =    1.7129     RADIAN(S)                                                                        
          ELEVATION    =    552.00     METER(S)                                                                                   
          ASPECT     =    0.0000     RADIAN(S)                                                                                    
          LATITUDE    =   0.70829     RADIAN(S)                                                                                   
          SLOPE     =    0.0000     RADIAN(S)                                                                                     
                                             INITIAL PARAMETERS BY SOIL HORIZON LAYER                                             
                                                                                                                                  
                                                                                                                                  
                                                                                                                                  
                                                                                                                                  
                                                                                                                                  
                                                        HORIZON LAYER NUMBER                                                      
                        1        2        3        4        5        6        7                                                   
         DEPTH(CM)  : 11.0     15.0     30.0     60.0     90.0     120.     149.                                                  
         SOIL TYPE  : Hastings Hastings Hastings Hastings Hastings Hastings Hastings                                              
 TEXTURE CODE     :   0.00     0.00     0.00     0.00     0.00     0.00     0.00                                                  
 PARTICLE DENSITY   : 2.65     2.65     2.65     2.65     2.65     2.65     2.65                                                  
 BULK DENSITY     :   1.32     1.32     1.11     1.52     1.45     1.28     1.09                                                  
 POROSITY         :   .500     .500     .581     .426     .453     .517     .589                                                  
 % SAND           :   .970E-01 .970E-01 .730E-01 .610E-01 .730E-01 .126     .108                                                  
 % SILT           :   .690     .690     .626     .579     .659     .649     .716                                                  
 % CLAY           :   .213     .213     .301     .360     .268     .225     .176                                                  
 % OM         :       0.00     0.00     0.00     0.00     0.00     0.00     0.00                                                  
 S2-BUB PRES TH(H)  : .911     .911     .413     14.5     5.90     .842     .324                                                  
 A2-PORE DISTN INDEX: .126     .126     .153     .880E-01 .679E-01 .552E-01 .189                                                  
 N2-SLOPE K(H) CURVE: 2.38     2.38     2.46     2.26     2.20     2.17     2.57                                                  
 C1-SAT HYD COND    : 3.50     3.50     10.9     .916E-01 .141     .414     21.5                                                  
 WR- THETA-R      :   .150E-01 .150E-01 .400E-01 .400E-01 .150E-01 .150E-01 .150E-01                                              
 WS- THETA-S      :   .500     .500     .581     .426     .453     .517     .589                                                  
 FC13- THETA-1/3 BAR: .246     .246     .234     .333     .348     .376     .170                                                  
 FC10- THETA-1/10BAR: .284     .284     .274     .366     .376     .401     .210                                                  
 FC15- THETA-15  BAR: .158     .158     .148     .250     .272     .307     .905E-01                                              
 S1-BUB PRES K(H)   : .911     .911     .413     14.5     5.90     .842     .324                                                  
 C2-ITCPT UNSAT K(H): 2.80     2.80     1.23     38.9     7.06     .285     1.20                                                  
 N1-SLOPE K(H) CURVE: 0.00     0.00     0.00     0.00     0.00     0.00     0.00                                                  
 A1-CONS TH(H) CURVE: 0.00     0.00     0.00     0.00     0.00     0.00     0.00                                                  
   DRY VOL HEAT CAP : .100E-02 .100E-02 .838E-03 .115E-02 .109E-02 .966E-03 .823E-03                                              
      MICROPOROSITY : .320     .320     .258     .592     .607     .601     .155                                                  
      MACROPOROSITY : .500E-03 .500E-03 .100E-01 .100E-01 .100E-01 .100E-01 .100E-01                                              
   AVG RAD OF PORES : .100     .100     0.00     0.00     0.00     0.00     0.00                                                  
   % DEAD END PORES : .100E-02 .100E-02 .500     .500     .500     .500     .500                                                  
1
                                                                                                                                  
 ************ INPUT DATA *****************************************************************************************************    
   TIME        ACCUMULATED  ACCUMULATED     TOTAL        ACTUAL       ACTUAL    NH4-N ERODED  NET RUNOFF                          
                  PRECIPIT     INFILTRA   EROSION (KG  EVAPORATION  TRANSPIRATI                   (CM)                            
                                                                                                                                  
          0       0.00000        0.00000        0.00000        0.00000        0.00000        0.00000        0.00000               
                                                                                                                                  
                                                                                                                                  
 ************  INITIAL VALUES FOR  SCENARIO:  INPUT VARIABLES     ****************************************************************
   DEPTH (CM)  SLOW RESIDUE FAST RESIDUE  FAST HUMUS  INTERMEDIATE  SLOW HUMUS  NO3-N CONC.  NH4-N CONC.    AEROBIC     ANAEROBIC 
                  POOL (U      POOL (U     POOL (UG-     HUMUS P     POOL (UG-      (UG/G)       (UG/G)    HETEROTROPH   H-TROPHS 
                                                                                                                                  
          1.0    1.00000        1.00000        456.100        3690.40        12000.0        20.4225       0.886584E-02    100000. 
          2.0    1.00000        1.00000        456.100        3690.40        12000.0        20.4225       0.886584E-02    100000. 
          4.0    1.00000        1.00000        456.100        3690.40        12000.0        20.4225       0.886584E-02    100000. 
          7.0    1.00000        1.00000        456.100        3690.40        12000.0        20.4225       0.886584E-02    100000. 
         11.0    1.00000        1.00000        456.100        3690.40        12000.0        20.4225       0.886584E-02    100000. 
         15.0    1.00000        1.00000        456.100        3690.40        12000.0        20.4225       0.886584E-02    100000. 
         19.0    1.00000        1.00000        316.700        2562.40        8637.30        13.2613       0.371362E-02    69433.0 
         23.0    1.00000        1.00000        316.700        2562.40        8637.30        13.2613       0.371362E-02    69433.0 
         26.0    1.00000        1.00000        316.700        2562.40        8637.30        13.2613       0.371362E-02    69433.0 
         30.0    1.00000        1.00000        316.700        2562.40        8637.30        13.2613       0.371362E-02    69433.0 
         34.0    1.00000        1.00000        182.700        1478.20        4982.70        17.6054       0.508531E-02    40055.0 
         38.0    1.00000        1.00000        182.700        1478.20        4982.70        17.6054       0.508531E-02    40055.0 
         43.0    1.00000        1.00000        182.700        1478.20        4982.70        17.6054       0.508531E-02    40055.0 
         48.0    1.00000        1.00000        182.700        1478.20        4982.70        17.6054       0.508531E-02    40055.0 
         53.0    1.00000        1.00000        182.700        1478.20        4982.70        17.6054       0.508531E-02    40055.0 
         57.0    1.00000        1.00000        182.700        1478.20        4982.70        17.6054       0.508531E-02    40055.0 
         60.0    1.00000        1.00000        182.700        1478.20        4982.70        17.6054       0.508531E-02    40055.0 
         63.0    1.00000        1.00000        85.4000        690.800        2328.60        24.7310        0.00000        18719.0 
         67.0    1.00000        1.00000        85.4000        690.800        2328.60        24.7310        0.00000        18719.0 
         72.0    1.00000        1.00000        85.4000        690.800        2328.60        24.7310        0.00000        18719.0 
         77.0    1.00000        1.00000        85.4000        690.800        2328.60        24.7310        0.00000        18719.0 
         82.0    1.00000        1.00000        85.4000        690.800        2328.60        24.7310        0.00000        18719.0 
         86.0    1.00000        1.00000        85.4000        690.800        2328.60        24.7310        0.00000        18719.0 
         90.0    1.00000        1.00000        85.4000        690.800        2328.60        24.7310        0.00000        18719.0 
         94.0    1.00000        1.00000        72.3000        585.000        1972.00        28.3793        0.00000        15853.0 
         98.0    1.00000        1.00000        72.3000        585.000        1972.00        28.3793        0.00000        15853.0 
        103.0    1.00000        1.00000        72.3000        585.000        1972.00        28.3793        0.00000        15853.0 
        108.0    1.00000        1.00000        72.3000        585.000        1972.00        28.3793        0.00000        15853.0 
        113.0    1.00000        1.00000        72.3000        585.000        1972.00        28.3793        0.00000        15853.0 
        117.0    1.00000        1.00000        72.3000        585.000        1972.00        28.3793        0.00000        15853.0 
        120.0    1.00000        1.00000        72.3000        585.000        1972.00        28.3793        0.00000        15853.0 
        123.0    1.00000        1.00000        63.3000        511.800        1725.30        23.6635        0.00000        13869.0 
        127.0    1.00000        1.00000        63.3000        511.800        1725.30        23.6635        0.00000        13869.0 
        132.0    1.00000        1.00000        63.3000        511.800        1725.30        23.6635        0.00000        13869.0 
        137.0    1.00000        1.00000        63.3000        511.800        1725.30        23.6635        0.00000        13869.0 
        142.0    1.00000        1.00000        63.3000        511.800        1725.30        23.6635        0.00000        13869.0 
        146.0    1.00000        1.00000        63.3000        511.800        1725.30        23.6635        0.00000        13869.0 
        149.0    1.00000        1.00000        63.3000        511.800        1725.30        23.6635        0.00000        13869.0 
                                                                                                                                  
                                                                                                                                  
 ************  INITIAL VALUES FOR  SCENARIO:  INPUT VARIABLES     ****************************************************************
   DEPTH (CM)   AUTOTROPHS    FRACTION                                                                                            
                  (#ORG/G)   ORGANIC CAR                                                                                          
                                                                                                                                  
          1.0    1000.00       0.162549E-01                                                                                       
          2.0    1000.00       0.162549E-01                                                                                       
          4.0    1000.00       0.162549E-01                                                                                       
          7.0    1000.00       0.162549E-01                                                                                       
         11.0    1000.00       0.162549E-01                                                                                       
         15.0    1000.00       0.162549E-01                                                                                       
         19.0    694.000       0.115923E-01                                                                                       
         23.0    694.000       0.115923E-01                                                                                       
         26.0    694.000       0.115923E-01                                                                                       
         30.0    694.000       0.115923E-01                                                                                       
         34.0    400.000       0.668823E-02                                                                                       
         38.0    400.000       0.668823E-02                                                                                       
         43.0    400.000       0.668823E-02                                                                                       
         48.0    400.000       0.668823E-02                                                                                       
         53.0    400.000       0.668823E-02                                                                                       
         57.0    400.000       0.668823E-02                                                                                       
         60.0    400.000       0.668823E-02                                                                                       
         63.0    187.000       0.312672E-02                                                                                       
         67.0    187.000       0.312672E-02                                                                                       
         72.0    187.000       0.312672E-02                                                                                       
         77.0    187.000       0.312672E-02                                                                                       
         82.0    187.000       0.312672E-02                                                                                       
         86.0    187.000       0.312672E-02                                                                                       
         90.0    187.000       0.312672E-02                                                                                       
         94.0    158.000       0.264817E-02                                                                                       
         98.0    158.000       0.264817E-02                                                                                       
        103.0    158.000       0.264817E-02                                                                                       
        108.0    158.000       0.264817E-02                                                                                       
        113.0    158.000       0.264817E-02                                                                                       
        117.0    158.000       0.264817E-02                                                                                       
        120.0    158.000       0.264817E-02                                                                                       
        123.0    138.000       0.231716E-02                                                                                       
        127.0    138.000       0.231716E-02                                                                                       
        132.0    138.000       0.231716E-02                                                                                       
        137.0    138.000       0.231716E-02                                                                                       
        142.0    138.000       0.231716E-02                                                                                       
        146.0    138.000       0.231716E-02                                                                                       
        149.0    138.000       0.231716E-02                                                                                       
